06.12 14:45:43.960 | 信息 - 没有选择子进程，将会在本进程运行脚本。
06.12 14:45:43.960 | 信息 - 任务=1，信息=开始编译
06.12 14:45:43.961 | 信息 - 任务=1，信息=结束编译
06.12 14:45:43.961 | 信息 - 任务=1，信息=开始运行
06.12 14:45:43.970 | 信息 - 任务=1，信息=结束运行
06.12 14:47:37.276 | 信息 - 正常退出
06.12 14:47:48.839 | 信息 - 没有选择子进程，将会在本进程运行脚本。
06.12 14:47:48.839 | 信息 - 任务=1，信息=开始编译
06.12 14:47:48.840 | 信息 - 任务=1，信息=结束编译
06.12 14:47:48.840 | 信息 - 任务=1，信息=开始运行
06.12 14:47:48.848 | 信息 - 任务=1，信息=结束运行
06.12 18:41:07.528 | 信息 - ------ 开始编译 ------
06.12 18:41:07.528 | 信息 - ------ 开始编译 ------
06.12 18:41:07.529 | 信息 - ------ 编译成功 ------
06.12 18:41:07.529 | 信息 - Linked 'hkzb'
06.12 18:41:07.529 | 信息 - ------ 编译成功 ------
06.12 18:41:10.278 | 信息 - ------ 开始编译 ------
06.12 18:41:10.278 | 信息 - ------ 开始编译 ------
06.12 18:41:10.279 | 信息 - ------ 编译成功 ------
06.12 18:41:10.279 | 信息 - Linked 'etf'
06.12 18:41:10.279 | 信息 - ------ 编译成功 ------
06.12 21:51:23.885 | 信息 - ------ 开始编译 ------
06.12 21:51:23.885 | 信息 - No change
06.12 21:51:23.885 | 信息 - ------ 开始编译 ------
06.12 21:51:23.885 | 信息 - [C:\dzh365\cfg\script\116\etf.ds] No change
06.12 21:51:23.885 | 信息 - ------ 编译成功 ------
06.12 21:51:23.886 | 信息 - Linked 'etf'
06.12 21:51:23.886 | 信息 - ------ 编译成功 ------
06.12 22:46:01.611 | 信息 - 正常退出
06.12 22:48:24.913 | 信息 - 没有选择子进程，将会在本进程运行脚本。
06.12 22:48:24.913 | 信息 - 任务=1，信息=开始编译
06.12 22:48:24.913 | 信息 - 任务=1，信息=结束编译
06.12 22:48:24.913 | 信息 - 任务=1，信息=开始运行
06.12 22:48:24.913 | 信息 - 任务=1，信息=结束运行
06.12 22:50:32.271 | 信息 - 正常退出
06.12 22:59:54.933 | 信息 - 没有选择子进程，将会在本进程运行脚本。
06.12 22:59:54.933 | 信息 - 任务=1，信息=开始编译
06.12 22:59:54.933 | 信息 - 任务=1，信息=结束编译
06.12 22:59:54.933 | 信息 - 任务=1，信息=开始运行
06.12 22:59:54.933 | 信息 - 任务=1，信息=结束运行
06.12 23:02:32.802 | 信息 - 正常退出
06.13 08:55:20.010 | 信息 - 没有选择子进程，将会在本进程运行脚本。
06.13 08:55:20.010 | 信息 - 任务=1，信息=开始编译
06.13 08:55:20.010 | 信息 - 任务=1，信息=结束编译
06.13 08:55:20.010 | 信息 - 任务=1，信息=开始运行
06.13 08:55:20.026 | 信息 - 任务=1，信息=结束运行
06.13 09:01:30.001 | 信息 - ------ 开始编译 ------
06.13 09:01:30.001 | 信息 - ------ 开始编译 ------
06.13 09:01:30.001 | 信息 - ------ 编译成功 ------
06.13 09:01:30.001 | 信息 - Linked 'cyzs'
06.13 09:01:30.001 | 信息 - ------ 编译成功 ------
06.13 10:13:19.410 | 信息 - ------ 开始编译 ------
06.13 10:13:19.410 | 信息 - ------ 开始编译 ------
06.13 10:13:19.413 | 信息 - ------ 编译成功 ------
06.13 10:13:19.413 | 信息 - Linked 'FundRecentlyBrowse'
06.13 10:13:19.413 | 信息 - ------ 编译成功 ------
06.13 13:33:05.773 | 信息 - ------ 开始编译 ------
06.13 13:33:05.775 | 信息 - ------ 编译成功 ------
06.13 22:07:25.208 | 信息 - 正常退出
06.13 22:07:30.462 | 信息 - 没有选择子进程，将会在本进程运行脚本。
06.13 22:07:30.462 | 信息 - 任务=1，信息=开始编译
06.13 22:07:30.462 | 信息 - 任务=1，信息=结束编译
06.13 22:07:30.462 | 信息 - 任务=1，信息=开始运行
06.13 22:07:30.471 | 信息 - 任务=1，信息=结束运行
06.13 22:16:49.448 | 信息 - 正常退出
06.13 22:16:56.135 | 信息 - 没有选择子进程，将会在本进程运行脚本。
06.13 22:16:56.135 | 信息 - 任务=1，信息=开始编译
06.13 22:16:56.135 | 信息 - 任务=1，信息=结束编译
06.13 22:16:56.135 | 信息 - 任务=1，信息=开始运行
06.13 22:16:56.144 | 信息 - 任务=1，信息=结束运行
06.14 08:55:10.679 | 信息 - 没有选择子进程，将会在本进程运行脚本。
06.14 08:55:10.679 | 信息 - 任务=1，信息=开始编译
06.14 08:55:10.695 | 信息 - 任务=1，信息=结束编译
06.14 08:55:10.695 | 信息 - 任务=1，信息=开始运行
06.14 08:55:10.695 | 信息 - 任务=1，信息=结束运行
06.14 22:36:35.496 | 信息 - ------ 开始编译 ------
06.14 22:36:35.497 | 信息 - ------ 开始编译 ------
06.14 22:36:35.498 | 信息 - ------ 编译成功 ------
06.14 22:36:35.498 | 信息 - Linked 'cyzs'
06.14 22:36:35.499 | 信息 - ------ 编译成功 ------
06.14 23:02:27.953 | 信息 - ------ 开始编译 ------
06.14 23:02:27.953 | 信息 - No change
06.14 23:02:27.953 | 信息 - ------ 开始编译 ------
06.14 23:02:27.953 | 信息 - [C:\dzh365\cfg\script\116\cyzs.ds] No change
06.14 23:02:27.954 | 信息 - ------ 编译成功 ------
06.14 23:02:27.954 | 信息 - Linked 'cyzs'
06.14 23:02:27.954 | 信息 - ------ 编译成功 ------
06.14 23:25:27.830 | 信息 - 正常退出
06.15 09:02:16.377 | 信息 - 没有选择子进程，将会在本进程运行脚本。
06.15 09:02:16.377 | 信息 - 任务=1，信息=开始编译
06.15 09:02:16.378 | 信息 - 任务=1，信息=结束编译
06.15 09:02:16.378 | 信息 - 任务=1，信息=开始运行
06.15 09:02:16.386 | 信息 - 任务=1，信息=结束运行
06.15 10:57:27.951 | 信息 - 正常退出
06.15 10:57:32.723 | 信息 - 没有选择子进程，将会在本进程运行脚本。
06.15 10:57:32.723 | 信息 - 任务=1，信息=开始编译
06.15 10:57:32.723 | 信息 - 任务=1，信息=结束编译
06.15 10:57:32.723 | 信息 - 任务=1，信息=开始运行
06.15 10:57:32.733 | 信息 - 任务=1，信息=结束运行
06.15 15:00:37.499 | 信息 - 正常退出
06.15 15:02:16.148 | 信息 - 没有选择子进程，将会在本进程运行脚本。
06.15 15:02:16.148 | 信息 - 任务=1，信息=开始编译
06.15 15:02:16.149 | 信息 - 任务=1，信息=结束编译
06.15 15:02:16.149 | 信息 - 任务=1，信息=开始运行
06.15 15:02:16.158 | 信息 - 任务=1，信息=结束运行
06.15 15:14:30.441 | 信息 - 正常退出
06.15 22:18:23.259 | 信息 - 没有选择子进程，将会在本进程运行脚本。
06.15 22:18:23.259 | 信息 - 任务=1，信息=开始编译
06.15 22:18:23.259 | 信息 - 任务=1，信息=结束编译
06.15 22:18:23.259 | 信息 - 任务=1，信息=开始运行
06.15 22:18:23.268 | 信息 - 任务=1，信息=结束运行
06.15 22:25:17.775 | 信息 - ------ 开始编译 ------
06.15 22:25:17.775 | 信息 - ------ 开始编译 ------
06.15 22:25:17.777 | 信息 - ------ 编译成功 ------
06.15 22:25:17.777 | 信息 - Linked 'cyzs'
06.15 22:25:17.777 | 信息 - ------ 编译成功 ------
06.15 22:25:25.003 | 信息 - ------ 开始编译 ------
06.15 22:25:25.003 | 信息 - No change
06.15 22:25:25.004 | 信息 - ------ 开始编译 ------
06.15 22:25:25.004 | 信息 - [C:\dzh365\cfg\script\116\cyzs.ds] No change
06.15 22:25:25.004 | 信息 - ------ 编译成功 ------
06.15 22:25:25.004 | 信息 - Linked 'cyzs'
06.15 22:25:25.004 | 信息 - ------ 编译成功 ------
06.15 22:59:06.381 | 信息 - 正常退出
06.16 09:18:25.892 | 信息 - 没有选择子进程，将会在本进程运行脚本。
06.16 09:18:25.892 | 信息 - 任务=1，信息=开始编译
06.16 09:18:25.892 | 信息 - 任务=1，信息=结束编译
06.16 09:18:25.892 | 信息 - 任务=1，信息=开始运行
06.16 09:18:25.907 | 信息 - 任务=1，信息=结束运行
06.16 15:02:56.646 | 信息 - 正常退出
06.16 21:54:44.280 | 信息 - 没有选择子进程，将会在本进程运行脚本。
06.16 21:54:44.280 | 信息 - 任务=1，信息=开始编译
06.16 21:54:44.281 | 信息 - 任务=1，信息=结束编译
06.16 21:54:44.281 | 信息 - 任务=1，信息=开始运行
06.16 21:54:44.289 | 信息 - 任务=1，信息=结束运行
06.16 22:34:22.354 | 信息 - 正常退出
06.16 22:34:26.789 | 信息 - 没有选择子进程，将会在本进程运行脚本。
06.16 22:34:26.789 | 信息 - 任务=1，信息=开始编译
06.16 22:34:26.790 | 信息 - 任务=1，信息=结束编译
06.16 22:34:26.790 | 信息 - 任务=1，信息=开始运行
06.16 22:34:26.798 | 信息 - 任务=1，信息=结束运行
06.16 23:02:00.245 | 信息 - 正常退出
06.16 23:02:01.434 | 信息 - 没有选择子进程，将会在本进程运行脚本。
06.16 23:02:01.434 | 信息 - 任务=1，信息=开始编译
06.16 23:02:01.435 | 信息 - 任务=1，信息=结束编译
06.16 23:02:01.435 | 信息 - 任务=1，信息=开始运行
06.16 23:02:01.444 | 信息 - 任务=1，信息=结束运行
06.17 09:09:34.881 | 信息 - 没有选择子进程，将会在本进程运行脚本。
06.17 09:09:34.881 | 信息 - 任务=1，信息=开始编译
06.17 09:09:34.881 | 信息 - 任务=1，信息=结束编译
06.17 09:09:34.881 | 信息 - 任务=1，信息=开始运行
06.17 09:09:34.897 | 信息 - 任务=1，信息=结束运行
06.18 17:37:09.799 | 信息 - 没有选择子进程，将会在本进程运行脚本。
06.18 17:37:09.799 | 信息 - 任务=1，信息=开始编译
06.18 17:37:09.800 | 信息 - 任务=1，信息=结束编译
06.18 17:37:09.800 | 信息 - 任务=1，信息=开始运行
06.18 17:37:09.813 | 信息 - 任务=1，信息=结束运行
06.18 17:44:42.133 | 信息 - 正常退出
06.18 17:45:07.911 | 信息 - 没有选择子进程，将会在本进程运行脚本。
06.18 17:45:07.911 | 信息 - 任务=1，信息=开始编译
06.18 17:45:07.912 | 信息 - 任务=1，信息=结束编译
06.18 17:45:07.912 | 信息 - 任务=1，信息=开始运行
06.18 17:45:07.921 | 信息 - 任务=1，信息=结束运行
06.18 22:54:28.372 | 信息 - 没有选择子进程，将会在本进程运行脚本。
06.18 22:54:28.372 | 信息 - 任务=1，信息=开始编译
06.18 22:54:28.372 | 信息 - 任务=1，信息=结束编译
06.18 22:54:28.372 | 信息 - 任务=1，信息=开始运行
06.18 22:54:28.382 | 信息 - 任务=1，信息=结束运行
06.19 13:15:11.448 | 信息 - 没有选择子进程，将会在本进程运行脚本。
06.19 13:15:11.448 | 信息 - 任务=1，信息=开始编译
06.19 13:15:11.448 | 信息 - 任务=1，信息=结束编译
06.19 13:15:11.448 | 信息 - 任务=1，信息=开始运行
06.19 13:15:11.464 | 信息 - 任务=1，信息=结束运行
06.19 13:30:07.406 | 信息 - 正常退出
06.19 13:30:10.020 | 信息 - 没有选择子进程，将会在本进程运行脚本。
06.19 13:30:10.020 | 信息 - 任务=1，信息=开始编译
06.19 13:30:10.021 | 信息 - 任务=1，信息=结束编译
06.19 13:30:10.021 | 信息 - 任务=1，信息=开始运行
06.19 13:30:10.030 | 信息 - 任务=1，信息=结束运行
06.19 16:56:27.013 | 信息 - 正常退出
06.19 16:59:22.897 | 信息 - 没有选择子进程，将会在本进程运行脚本。
06.19 16:59:22.897 | 信息 - 任务=1，信息=开始编译
06.19 16:59:22.897 | 信息 - 任务=1，信息=结束编译
06.19 16:59:22.897 | 信息 - 任务=1，信息=开始运行
06.19 16:59:22.913 | 信息 - 任务=1，信息=结束运行
06.19 17:06:31.985 | 信息 - 正常退出
06.19 17:34:44.954 | 信息 - 没有选择子进程，将会在本进程运行脚本。
06.19 17:34:44.954 | 信息 - 任务=1，信息=开始编译
06.19 17:34:44.954 | 信息 - 任务=1，信息=结束编译
06.19 17:34:44.954 | 信息 - 任务=1，信息=开始运行
06.19 17:34:44.964 | 信息 - 任务=1，信息=结束运行
06.19 17:54:20.217 | 信息 - 正常退出
06.19 17:54:22.321 | 信息 - 没有选择子进程，将会在本进程运行脚本。
06.19 17:54:22.321 | 信息 - 任务=1，信息=开始编译
06.19 17:54:22.322 | 信息 - 任务=1，信息=结束编译
06.19 17:54:22.322 | 信息 - 任务=1，信息=开始运行
06.19 17:54:22.330 | 信息 - 任务=1，信息=结束运行
06.19 18:01:31.708 | 信息 - 正常退出
06.19 18:01:34.594 | 信息 - 没有选择子进程，将会在本进程运行脚本。
06.19 18:01:34.594 | 信息 - 任务=1，信息=开始编译
06.19 18:01:34.594 | 信息 - 任务=1，信息=结束编译
06.19 18:01:34.594 | 信息 - 任务=1，信息=开始运行
06.19 18:01:34.603 | 信息 - 任务=1，信息=结束运行
06.19 18:25:25.507 | 信息 - 正常退出
06.19 18:25:26.432 | 信息 - 没有选择子进程，将会在本进程运行脚本。
06.19 18:25:26.432 | 信息 - 任务=1，信息=开始编译
06.19 18:25:26.433 | 信息 - 任务=1，信息=结束编译
06.19 18:25:26.433 | 信息 - 任务=1，信息=开始运行
06.19 18:25:26.442 | 信息 - 任务=1，信息=结束运行
06.19 18:38:14.914 | 信息 - 正常退出
06.19 18:38:17.852 | 信息 - 没有选择子进程，将会在本进程运行脚本。
06.19 18:38:17.852 | 信息 - 任务=1，信息=开始编译
06.19 18:38:17.853 | 信息 - 任务=1，信息=结束编译
06.19 18:38:17.853 | 信息 - 任务=1，信息=开始运行
06.19 18:38:17.861 | 信息 - 任务=1，信息=结束运行
06.19 18:58:16.436 | 信息 - 正常退出
06.19 18:58:18.794 | 信息 - 没有选择子进程，将会在本进程运行脚本。
06.19 18:58:18.794 | 信息 - 任务=1，信息=开始编译
06.19 18:58:18.794 | 信息 - 任务=1，信息=结束编译
06.19 18:58:18.794 | 信息 - 任务=1，信息=开始运行
06.19 18:58:18.803 | 信息 - 任务=1，信息=结束运行
06.19 19:06:18.251 | 信息 - 正常退出
06.19 19:06:23.368 | 信息 - 没有选择子进程，将会在本进程运行脚本。
06.19 19:06:23.368 | 信息 - 任务=1，信息=开始编译
06.19 19:06:23.368 | 信息 - 任务=1，信息=结束编译
06.19 19:06:23.368 | 信息 - 任务=1，信息=开始运行
06.19 19:06:23.377 | 信息 - 任务=1，信息=结束运行
06.19 20:20:33.796 | 信息 - 正常退出
06.19 20:23:09.804 | 信息 - 没有选择子进程，将会在本进程运行脚本。
06.19 20:23:09.804 | 信息 - 任务=1，信息=开始编译
06.19 20:23:09.805 | 信息 - 任务=1，信息=结束编译
06.19 20:23:09.805 | 信息 - 任务=1，信息=开始运行
06.19 20:23:09.813 | 信息 - 任务=1，信息=结束运行
06.19 20:23:45.851 | 信息 - 正常退出
06.19 20:42:48.587 | 信息 - 没有选择子进程，将会在本进程运行脚本。
06.19 20:42:48.587 | 信息 - 任务=1，信息=开始编译
06.19 20:42:48.588 | 信息 - 任务=1，信息=结束编译
06.19 20:42:48.588 | 信息 - 任务=1，信息=开始运行
06.19 20:42:48.597 | 信息 - 任务=1，信息=结束运行
06.19 20:44:48.802 | 信息 - 正常退出
06.19 20:44:50.819 | 信息 - 没有选择子进程，将会在本进程运行脚本。
06.19 20:44:50.819 | 信息 - 任务=1，信息=开始编译
06.19 20:44:50.820 | 信息 - 任务=1，信息=结束编译
06.19 20:44:50.820 | 信息 - 任务=1，信息=开始运行
06.19 20:44:50.828 | 信息 - 任务=1，信息=结束运行
06.19 20:58:42.231 | 信息 - 正常退出
06.19 21:00:23.029 | 信息 - 没有选择子进程，将会在本进程运行脚本。
06.19 21:00:23.029 | 信息 - 任务=1，信息=开始编译
06.19 21:00:23.029 | 信息 - 任务=1，信息=结束编译
06.19 21:00:23.029 | 信息 - 任务=1，信息=开始运行
06.19 21:00:23.029 | 信息 - 任务=1，信息=结束运行
06.19 21:00:29.222 | 信息 - 正常退出
06.19 21:00:30.174 | 信息 - 没有选择子进程，将会在本进程运行脚本。
06.19 21:00:30.174 | 信息 - 任务=1，信息=开始编译
06.19 21:00:30.174 | 信息 - 任务=1，信息=结束编译
06.19 21:00:30.174 | 信息 - 任务=1，信息=开始运行
06.19 21:00:30.190 | 信息 - 任务=1，信息=结束运行
06.19 21:52:17.405 | 信息 - 正常退出
06.19 21:52:20.294 | 信息 - 没有选择子进程，将会在本进程运行脚本。
06.19 21:52:20.294 | 信息 - 任务=1，信息=开始编译
06.19 21:52:20.294 | 信息 - 任务=1，信息=结束编译
06.19 21:52:20.294 | 信息 - 任务=1，信息=开始运行
06.19 21:52:20.310 | 信息 - 任务=1，信息=结束运行
06.19 21:52:26.784 | 信息 - 正常退出
06.19 21:52:33.173 | 信息 - 没有选择子进程，将会在本进程运行脚本。
06.19 21:52:33.173 | 信息 - 任务=1，信息=开始编译
06.19 21:52:33.173 | 信息 - 任务=1，信息=结束编译
06.19 21:52:33.173 | 信息 - 任务=1，信息=开始运行
06.19 21:52:33.189 | 信息 - 任务=1，信息=结束运行
06.19 21:52:45.981 | 信息 - 正常退出
06.19 21:52:47.808 | 信息 - 没有选择子进程，将会在本进程运行脚本。
06.19 21:52:47.808 | 信息 - 任务=1，信息=开始编译
06.19 21:52:47.808 | 信息 - 任务=1，信息=结束编译
06.19 21:52:47.808 | 信息 - 任务=1，信息=开始运行
06.19 21:52:47.823 | 信息 - 任务=1，信息=结束运行
06.19 21:52:58.853 | 信息 - 正常退出
06.19 21:53:04.787 | 信息 - 没有选择子进程，将会在本进程运行脚本。
06.19 21:53:04.787 | 信息 - 任务=1，信息=开始编译
06.19 21:53:04.787 | 信息 - 任务=1，信息=结束编译
06.19 21:53:04.787 | 信息 - 任务=1，信息=开始运行
06.19 21:53:04.787 | 信息 - 任务=1，信息=结束运行
06.19 21:53:15.535 | 信息 - 正常退出
06.19 21:55:23.794 | 信息 - 没有选择子进程，将会在本进程运行脚本。
06.19 21:55:23.794 | 信息 - 任务=1，信息=开始编译
06.19 21:55:23.794 | 信息 - 任务=1，信息=结束编译
06.19 21:55:23.794 | 信息 - 任务=1，信息=开始运行
06.19 21:55:23.794 | 信息 - 任务=1，信息=结束运行
06.19 21:57:05.497 | 信息 - 正常退出
06.19 21:57:07.634 | 信息 - 没有选择子进程，将会在本进程运行脚本。
06.19 21:57:07.634 | 信息 - 任务=1，信息=开始编译
06.19 21:57:07.634 | 信息 - 任务=1，信息=结束编译
06.19 21:57:07.634 | 信息 - 任务=1，信息=开始运行
06.19 21:57:07.650 | 信息 - 任务=1，信息=结束运行
06.19 21:58:06.795 | 信息 - 正常退出
06.19 21:58:07.872 | 信息 - 没有选择子进程，将会在本进程运行脚本。
06.19 21:58:07.872 | 信息 - 任务=1，信息=开始编译
06.19 21:58:07.872 | 信息 - 任务=1，信息=结束编译
06.19 21:58:07.872 | 信息 - 任务=1，信息=开始运行
06.19 21:58:07.887 | 信息 - 任务=1，信息=结束运行
06.19 21:58:22.866 | 信息 - 正常退出
06.19 21:58:23.817 | 信息 - 没有选择子进程，将会在本进程运行脚本。
06.19 21:58:23.817 | 信息 - 任务=1，信息=开始编译
06.19 21:58:23.817 | 信息 - 任务=1，信息=结束编译
06.19 21:58:23.817 | 信息 - 任务=1，信息=开始运行
06.19 21:58:23.833 | 信息 - 任务=1，信息=结束运行
06.19 22:50:14.092 | 信息 - 正常退出
06.20 08:50:35.861 | 信息 - 没有选择子进程，将会在本进程运行脚本。
06.20 08:50:35.861 | 信息 - 任务=1，信息=开始编译
06.20 08:50:35.861 | 信息 - 任务=1，信息=结束编译
06.20 08:50:35.861 | 信息 - 任务=1，信息=开始运行
06.20 08:50:35.861 | 信息 - 任务=1，信息=结束运行
06.20 08:50:44.951 | 信息 - 正常退出
06.20 09:04:58.134 | 信息 - 没有选择子进程，将会在本进程运行脚本。
06.20 09:04:58.134 | 信息 - 任务=1，信息=开始编译
06.20 09:04:58.134 | 信息 - 任务=1，信息=结束编译
06.20 09:04:58.134 | 信息 - 任务=1，信息=开始运行
06.20 09:04:58.149 | 信息 - 任务=1，信息=结束运行
06.20 09:30:44.160 | 信息 - 正常退出
06.20 21:40:01.365 | 信息 - 没有选择子进程，将会在本进程运行脚本。
06.20 21:40:01.365 | 信息 - 任务=1，信息=开始编译
06.20 21:40:01.366 | 信息 - 任务=1，信息=结束编译
06.20 21:40:01.366 | 信息 - 任务=1，信息=开始运行
06.20 21:40:01.374 | 信息 - 任务=1，信息=结束运行
06.20 22:22:30.543 | 信息 - 正常退出
06.26 18:00:28.273 | 信息 - 没有选择子进程，将会在本进程运行脚本。
06.26 18:00:28.273 | 信息 - 任务=1，信息=开始编译
06.26 18:00:28.274 | 信息 - 任务=1，信息=结束编译
06.26 18:00:28.274 | 信息 - 任务=1，信息=开始运行
06.26 18:00:28.283 | 信息 - 任务=1，信息=结束运行
06.26 19:21:32.603 | 信息 - 正常退出
06.26 19:21:37.182 | 信息 - 没有选择子进程，将会在本进程运行脚本。
06.26 19:21:37.182 | 信息 - 任务=1，信息=开始编译
06.26 19:21:37.182 | 信息 - 任务=1，信息=结束编译
06.26 19:21:37.182 | 信息 - 任务=1，信息=开始运行
06.26 19:21:37.191 | 信息 - 任务=1，信息=结束运行
06.26 19:26:54.650 | 信息 - 正常退出
06.26 19:28:56.436 | 信息 - 没有选择子进程，将会在本进程运行脚本。
06.26 19:28:56.436 | 信息 - 任务=1，信息=开始编译
06.26 19:28:56.436 | 信息 - 任务=1，信息=结束编译
06.26 19:28:56.436 | 信息 - 任务=1，信息=开始运行
06.26 19:28:56.445 | 信息 - 任务=1，信息=结束运行
06.26 19:38:06.086 | 信息 - 正常退出
06.26 19:38:44.829 | 信息 - 没有选择子进程，将会在本进程运行脚本。
06.26 19:38:44.829 | 信息 - 任务=1，信息=开始编译
06.26 19:38:44.829 | 信息 - 任务=1，信息=结束编译
06.26 19:38:44.829 | 信息 - 任务=1，信息=开始运行
06.26 19:38:44.838 | 信息 - 任务=1，信息=结束运行
06.26 19:39:04.808 | 信息 - 正常退出
06.26 20:38:44.573 | 信息 - 没有选择子进程，将会在本进程运行脚本。
06.26 20:38:44.573 | 信息 - 任务=1，信息=开始编译
06.26 20:38:44.573 | 信息 - 任务=1，信息=结束编译
06.26 20:38:44.573 | 信息 - 任务=1，信息=开始运行
06.26 20:38:44.604 | 信息 - 任务=1，信息=结束运行
06.26 20:39:31.656 | 信息 - 正常退出
06.26 20:39:58.765 | 信息 - 没有选择子进程，将会在本进程运行脚本。
06.26 20:39:58.765 | 信息 - 任务=1，信息=开始编译
06.26 20:39:58.765 | 信息 - 任务=1，信息=结束编译
06.26 20:39:58.765 | 信息 - 任务=1，信息=开始运行
06.26 20:39:58.780 | 信息 - 任务=1，信息=结束运行
06.26 23:08:11.469 | 信息 - 正常退出
06.27 09:16:38.443 | 信息 - 没有选择子进程，将会在本进程运行脚本。
06.27 09:16:38.443 | 信息 - 任务=1，信息=开始编译
06.27 09:16:38.443 | 信息 - 任务=1，信息=结束编译
06.27 09:16:38.443 | 信息 - 任务=1，信息=开始运行
06.27 09:16:38.458 | 信息 - 任务=1，信息=结束运行
06.27 15:06:13.856 | 信息 - 正常退出
06.27 15:06:28.358 | 信息 - 没有选择子进程，将会在本进程运行脚本。
06.27 15:06:28.358 | 信息 - 任务=1，信息=开始编译
06.27 15:06:28.358 | 信息 - 任务=1，信息=结束编译
06.27 15:06:28.358 | 信息 - 任务=1，信息=开始运行
06.27 15:06:28.374 | 信息 - 任务=1，信息=结束运行
06.27 15:06:57.873 | 信息 - 正常退出
06.27 20:12:23.128 | 信息 - 没有选择子进程，将会在本进程运行脚本。
06.27 20:12:23.128 | 信息 - 任务=1，信息=开始编译
06.27 20:12:23.128 | 信息 - 任务=1，信息=结束编译
06.27 20:12:23.128 | 信息 - 任务=1，信息=开始运行
06.27 20:12:23.144 | 信息 - 任务=1，信息=结束运行
06.27 22:44:23.824 | 信息 - 正常退出
06.28 09:13:28.714 | 信息 - 没有选择子进程，将会在本进程运行脚本。
06.28 09:13:28.714 | 信息 - 任务=1，信息=开始编译
06.28 09:13:28.714 | 信息 - 任务=1，信息=结束编译
06.28 09:13:28.714 | 信息 - 任务=1，信息=开始运行
06.28 09:13:28.745 | 信息 - 任务=1，信息=结束运行
06.28 18:58:51.970 | 信息 - 正常退出
06.28 20:10:38.490 | 信息 - 没有选择子进程，将会在本进程运行脚本。
06.28 20:10:38.490 | 信息 - 任务=1，信息=开始编译
06.28 20:10:38.490 | 信息 - 任务=1，信息=结束编译
06.28 20:10:38.490 | 信息 - 任务=1，信息=开始运行
06.28 20:10:38.522 | 信息 - 任务=1，信息=结束运行
06.29 14:58:55.545 | 信息 - 正常退出
06.29 15:00:37.838 | 信息 - 没有选择子进程，将会在本进程运行脚本。
06.29 15:00:37.838 | 信息 - 任务=1，信息=开始编译
06.29 15:00:37.839 | 信息 - 任务=1，信息=结束编译
06.29 15:00:37.839 | 信息 - 任务=1，信息=开始运行
06.29 15:00:37.855 | 信息 - 任务=1，信息=结束运行
06.29 15:01:11.953 | 信息 - 正常退出
06.29 16:03:48.527 | 信息 - 没有选择子进程，将会在本进程运行脚本。
06.29 16:03:48.527 | 信息 - 任务=1，信息=开始编译
06.29 16:03:48.527 | 信息 - 任务=1，信息=结束编译
06.29 16:03:48.527 | 信息 - 任务=1，信息=开始运行
06.29 16:03:48.542 | 信息 - 任务=1，信息=结束运行
06.29 16:04:17.375 | 信息 - 正常退出
06.29 20:55:45.817 | 信息 - 没有选择子进程，将会在本进程运行脚本。
06.29 20:55:45.817 | 信息 - 任务=1，信息=开始编译
06.29 20:55:45.817 | 信息 - 任务=1，信息=结束编译
06.29 20:55:45.817 | 信息 - 任务=1，信息=开始运行
06.29 20:55:45.833 | 信息 - 任务=1，信息=结束运行
06.29 22:57:38.722 | 信息 - 正常退出
06.30 09:01:32.838 | 信息 - 没有选择子进程，将会在本进程运行脚本。
06.30 09:01:32.838 | 信息 - 任务=1，信息=开始编译
06.30 09:01:32.838 | 信息 - 任务=1，信息=结束编译
06.30 09:01:32.838 | 信息 - 任务=1，信息=开始运行
06.30 09:01:32.838 | 信息 - 任务=1，信息=结束运行
06.30 15:08:23.644 | 信息 - 正常退出
06.30 22:48:34.507 | 信息 - 没有选择子进程，将会在本进程运行脚本。
06.30 22:48:34.507 | 信息 - 任务=1，信息=开始编译
06.30 22:48:34.507 | 信息 - 任务=1，信息=结束编译
06.30 22:48:34.507 | 信息 - 任务=1，信息=开始运行
06.30 22:48:34.507 | 信息 - 任务=1，信息=结束运行
06.30 22:51:20.990 | 信息 - 正常退出
07.01 09:14:37.469 | 信息 - 没有选择子进程，将会在本进程运行脚本。
07.01 09:14:37.469 | 信息 - 任务=1，信息=开始编译
07.01 09:14:37.469 | 信息 - 任务=1，信息=结束编译
07.01 09:14:37.469 | 信息 - 任务=1，信息=开始运行
07.01 09:14:37.469 | 信息 - 任务=1，信息=结束运行
07.01 15:56:54.896 | 信息 - 正常退出
07.04 09:12:17.448 | 信息 - 没有选择子进程，将会在本进程运行脚本。
07.04 09:12:17.448 | 信息 - 任务=1，信息=开始编译
07.04 09:12:17.448 | 信息 - 任务=1，信息=结束编译
07.04 09:12:17.448 | 信息 - 任务=1，信息=开始运行
07.04 09:12:17.463 | 信息 - 任务=1，信息=结束运行
07.04 15:01:07.608 | 信息 - 正常退出
07.04 21:25:29.834 | 信息 - 没有选择子进程，将会在本进程运行脚本。
07.04 21:25:29.834 | 信息 - 任务=1，信息=开始编译
07.04 21:25:29.834 | 信息 - 任务=1，信息=结束编译
07.04 21:25:29.834 | 信息 - 任务=1，信息=开始运行
07.04 21:25:29.834 | 信息 - 任务=1，信息=结束运行
07.04 22:21:00.855 | 信息 - 正常退出
07.05 09:05:11.357 | 信息 - 没有选择子进程，将会在本进程运行脚本。
07.05 09:05:11.357 | 信息 - 任务=1，信息=开始编译
07.05 09:05:11.357 | 信息 - 任务=1，信息=结束编译
07.05 09:05:11.357 | 信息 - 任务=1，信息=开始运行
07.05 09:05:11.357 | 信息 - 任务=1，信息=结束运行
07.05 15:00:25.409 | 信息 - 正常退出
07.06 09:12:46.953 | 信息 - 没有选择子进程，将会在本进程运行脚本。
07.06 09:12:46.953 | 信息 - 任务=1，信息=开始编译
07.06 09:12:46.953 | 信息 - 任务=1，信息=结束编译
07.06 09:12:46.953 | 信息 - 任务=1，信息=开始运行
07.06 09:12:46.953 | 信息 - 任务=1，信息=结束运行
07.06 15:56:38.578 | 信息 - 正常退出
07.07 08:55:29.956 | 信息 - 没有选择子进程，将会在本进程运行脚本。
07.07 08:55:29.956 | 信息 - 任务=1，信息=开始编译
07.07 08:55:29.956 | 信息 - 任务=1，信息=结束编译
07.07 08:55:29.956 | 信息 - 任务=1，信息=开始运行
07.07 08:55:30.049 | 信息 - 任务=1，信息=结束运行
07.07 14:58:42.850 | 信息 - 正常退出
07.07 14:58:48.981 | 信息 - 没有选择子进程，将会在本进程运行脚本。
07.07 14:58:48.981 | 信息 - 任务=1，信息=开始编译
07.07 14:58:48.981 | 信息 - 任务=1，信息=结束编译
07.07 14:58:48.981 | 信息 - 任务=1，信息=开始运行
07.07 14:58:48.996 | 信息 - 任务=1，信息=结束运行
07.07 14:59:07.841 | 信息 - 正常退出
07.08 09:06:37.538 | 信息 - 没有选择子进程，将会在本进程运行脚本。
07.08 09:06:37.538 | 信息 - 任务=1，信息=开始编译
07.08 09:06:37.538 | 信息 - 任务=1，信息=结束编译
07.08 09:06:37.538 | 信息 - 任务=1，信息=开始运行
07.08 09:06:37.554 | 信息 - 任务=1，信息=结束运行
07.08 15:04:05.299 | 信息 - 正常退出
07.08 15:04:09.886 | 信息 - 没有选择子进程，将会在本进程运行脚本。
07.08 15:04:09.886 | 信息 - 任务=1，信息=开始编译
07.08 15:04:09.886 | 信息 - 任务=1，信息=结束编译
07.08 15:04:09.886 | 信息 - 任务=1，信息=开始运行
07.08 15:04:09.886 | 信息 - 任务=1，信息=结束运行
07.08 15:04:31.274 | 信息 - 正常退出
07.11 09:01:50.903 | 信息 - 没有选择子进程，将会在本进程运行脚本。
07.11 09:01:50.903 | 信息 - 任务=1，信息=开始编译
07.11 09:01:50.903 | 信息 - 任务=1，信息=结束编译
07.11 09:01:50.903 | 信息 - 任务=1，信息=开始运行
07.11 09:01:50.934 | 信息 - 任务=1，信息=结束运行
07.11 15:01:53.891 | 信息 - 正常退出
07.12 09:18:41.433 | 信息 - 没有选择子进程，将会在本进程运行脚本。
07.12 09:18:41.433 | 信息 - 任务=1，信息=开始编译
07.12 09:18:41.433 | 信息 - 任务=1，信息=结束编译
07.12 09:18:41.433 | 信息 - 任务=1，信息=开始运行
07.12 09:18:41.433 | 信息 - 任务=1，信息=结束运行
07.12 15:04:10.871 | 信息 - 正常退出
07.13 09:15:00.008 | 信息 - 没有选择子进程，将会在本进程运行脚本。
07.13 09:15:00.008 | 信息 - 任务=1，信息=开始编译
07.13 09:15:00.008 | 信息 - 任务=1，信息=结束编译
07.13 09:15:00.008 | 信息 - 任务=1，信息=开始运行
07.13 09:15:00.008 | 信息 - 任务=1，信息=结束运行
07.13 10:04:10.771 | 信息 - 正常退出
07.13 10:04:22.965 | 信息 - 没有选择子进程，将会在本进程运行脚本。
07.13 10:04:22.965 | 信息 - 任务=1，信息=开始编译
07.13 10:04:22.965 | 信息 - 任务=1，信息=结束编译
07.13 10:04:22.965 | 信息 - 任务=1，信息=开始运行
07.13 10:04:22.981 | 信息 - 任务=1，信息=结束运行
07.13 14:58:06.230 | 信息 - 正常退出
07.14 09:09:43.467 | 信息 - 没有选择子进程，将会在本进程运行脚本。
07.14 09:09:43.467 | 信息 - 任务=1，信息=开始编译
07.14 09:09:43.467 | 信息 - 任务=1，信息=结束编译
07.14 09:09:43.467 | 信息 - 任务=1，信息=开始运行
07.14 09:09:43.483 | 信息 - 任务=1，信息=结束运行
07.14 09:13:49.399 | 信息 - 正常退出
07.14 09:14:00.105 | 信息 - 没有选择子进程，将会在本进程运行脚本。
07.14 09:14:00.105 | 信息 - 任务=1，信息=开始编译
07.14 09:14:00.105 | 信息 - 任务=1，信息=结束编译
07.14 09:14:00.105 | 信息 - 任务=1，信息=开始运行
07.14 09:14:00.120 | 信息 - 任务=1，信息=结束运行
07.14 09:14:54.787 | 信息 - 正常退出
07.14 09:15:04.783 | 信息 - 没有选择子进程，将会在本进程运行脚本。
07.14 09:15:04.783 | 信息 - 任务=1，信息=开始编译
07.14 09:15:04.783 | 信息 - 任务=1，信息=结束编译
07.14 09:15:04.783 | 信息 - 任务=1，信息=开始运行
07.14 09:15:04.798 | 信息 - 任务=1，信息=结束运行
07.14 09:27:06.304 | 信息 - 正常退出
07.14 09:27:07.458 | 信息 - 没有选择子进程，将会在本进程运行脚本。
07.14 09:27:07.458 | 信息 - 任务=1，信息=开始编译
07.14 09:27:07.458 | 信息 - 任务=1，信息=结束编译
07.14 09:27:07.458 | 信息 - 任务=1，信息=开始运行
07.14 09:27:07.474 | 信息 - 任务=1，信息=结束运行
07.14 15:00:15.962 | 信息 - 正常退出
07.14 18:57:43.285 | 信息 - 没有选择子进程，将会在本进程运行脚本。
07.14 18:57:43.316 | 信息 - 任务=1，信息=开始编译
07.14 18:57:43.379 | 信息 - 任务=1，信息=结束编译
07.14 18:57:43.379 | 信息 - 任务=1，信息=开始运行
07.14 18:57:43.379 | 信息 - 任务=1，信息=结束运行
07.14 19:00:01.805 | 信息 - 正常退出
07.15 09:08:40.312 | 信息 - 没有选择子进程，将会在本进程运行脚本。
07.15 09:08:40.328 | 信息 - 任务=1，信息=开始编译
07.15 09:08:40.328 | 信息 - 任务=1，信息=结束编译
07.15 09:08:40.328 | 信息 - 任务=1，信息=开始运行
07.15 09:08:40.343 | 信息 - 任务=1，信息=结束运行
07.15 15:10:55.137 | 信息 - 正常退出
07.18 09:06:10.881 | 信息 - 没有选择子进程，将会在本进程运行脚本。
07.18 09:06:10.897 | 信息 - 任务=1，信息=开始编译
07.18 09:06:10.959 | 信息 - 任务=1，信息=结束编译
07.18 09:06:10.959 | 信息 - 任务=1，信息=开始运行
07.18 09:06:10.959 | 信息 - 任务=1，信息=结束运行
07.18 16:28:14.620 | 信息 - 正常退出
07.19 09:10:56.904 | 信息 - 没有选择子进程，将会在本进程运行脚本。
07.19 09:10:56.904 | 信息 - 任务=1，信息=开始编译
07.19 09:10:56.904 | 信息 - 任务=1，信息=结束编译
07.19 09:10:56.904 | 信息 - 任务=1，信息=开始运行
07.19 09:10:56.919 | 信息 - 任务=1，信息=结束运行
07.19 14:52:36.421 | 信息 - 正常退出
07.20 09:02:45.660 | 信息 - 没有选择子进程，将会在本进程运行脚本。
07.20 09:02:45.676 | 信息 - 任务=1，信息=开始编译
07.20 09:02:45.738 | 信息 - 任务=1，信息=结束编译
07.20 09:02:45.738 | 信息 - 任务=1，信息=开始运行
07.20 09:02:45.738 | 信息 - 任务=1，信息=结束运行
07.20 10:32:20.762 | 信息 - ------ 开始编译 ------
07.20 10:32:20.762 | 信息 - ------ 开始编译 ------
07.20 10:32:20.762 | 信息 - ------ 编译成功 ------
07.20 10:32:20.762 | 信息 - Linked 'cyzs'
07.20 10:32:20.762 | 信息 - ------ 编译成功 ------
07.20 15:01:07.032 | 信息 - 正常退出
07.21 09:17:52.664 | 信息 - 没有选择子进程，将会在本进程运行脚本。
07.21 09:17:52.680 | 信息 - 任务=1，信息=开始编译
07.21 09:17:52.680 | 信息 - 任务=1，信息=结束编译
07.21 09:17:52.680 | 信息 - 任务=1，信息=开始运行
07.21 09:17:52.680 | 信息 - 任务=1，信息=结束运行
07.21 09:20:05.401 | 信息 - 正常退出
07.21 09:20:07.929 | 信息 - 没有选择子进程，将会在本进程运行脚本。
07.21 09:20:07.929 | 信息 - 任务=1，信息=开始编译
07.21 09:20:07.929 | 信息 - 任务=1，信息=结束编译
07.21 09:20:07.929 | 信息 - 任务=1，信息=开始运行
07.21 09:20:07.929 | 信息 - 任务=1，信息=结束运行
07.21 09:20:50.251 | 信息 - 正常退出
07.21 09:21:00.750 | 信息 - 没有选择子进程，将会在本进程运行脚本。
07.21 09:21:00.750 | 信息 - 任务=1，信息=开始编译
07.21 09:21:00.750 | 信息 - 任务=1，信息=结束编译
07.21 09:21:00.750 | 信息 - 任务=1，信息=开始运行
07.21 09:21:00.750 | 信息 - 任务=1，信息=结束运行
07.21 14:59:03.923 | 信息 - 正常退出
07.22 09:07:01.701 | 信息 - 没有选择子进程，将会在本进程运行脚本。
07.22 09:07:01.701 | 信息 - 任务=1，信息=开始编译
07.22 09:07:01.701 | 信息 - 任务=1，信息=结束编译
07.22 09:07:01.701 | 信息 - 任务=1，信息=开始运行
07.22 09:07:01.701 | 信息 - 任务=1，信息=结束运行
07.22 11:40:14.132 | 信息 - 正常退出
07.22 12:59:34.221 | 信息 - 没有选择子进程，将会在本进程运行脚本。
07.22 12:59:34.221 | 信息 - 任务=1，信息=开始编译
07.22 12:59:34.221 | 信息 - 任务=1，信息=结束编译
07.22 12:59:34.221 | 信息 - 任务=1，信息=开始运行
07.22 12:59:34.221 | 信息 - 任务=1，信息=结束运行
07.22 14:54:31.462 | 信息 - 正常退出
07.25 09:07:44.242 | 信息 - 没有选择子进程，将会在本进程运行脚本。
07.25 09:07:44.242 | 信息 - 任务=1，信息=开始编译
07.25 09:07:44.242 | 信息 - 任务=1，信息=结束编译
07.25 09:07:44.242 | 信息 - 任务=1，信息=开始运行
07.25 09:07:44.289 | 信息 - 任务=1，信息=结束运行
07.25 14:57:25.794 | 信息 - 正常退出
07.26 09:06:40.409 | 信息 - 没有选择子进程，将会在本进程运行脚本。
07.26 09:06:40.409 | 信息 - 任务=1，信息=开始编译
07.26 09:06:40.409 | 信息 - 任务=1，信息=结束编译
07.26 09:06:40.409 | 信息 - 任务=1，信息=开始运行
07.26 09:06:40.409 | 信息 - 任务=1，信息=结束运行
07.26 14:58:20.589 | 信息 - 正常退出
07.27 09:11:59.363 | 信息 - 没有选择子进程，将会在本进程运行脚本。
07.27 09:11:59.381 | 信息 - 任务=1，信息=开始编译
07.27 09:11:59.381 | 信息 - 任务=1，信息=结束编译
07.27 09:11:59.381 | 信息 - 任务=1，信息=开始运行
07.27 09:11:59.386 | 信息 - 任务=1，信息=结束运行
07.27 15:01:50.875 | 信息 - 正常退出
07.28 09:15:12.987 | 信息 - 没有选择子进程，将会在本进程运行脚本。
07.28 09:15:12.987 | 信息 - 任务=1，信息=开始编译
07.28 09:15:12.987 | 信息 - 任务=1，信息=结束编译
07.28 09:15:12.987 | 信息 - 任务=1，信息=开始运行
07.28 09:15:12.987 | 信息 - 任务=1，信息=结束运行
07.28 09:16:58.203 | 信息 - 正常退出
07.28 09:17:07.589 | 信息 - 没有选择子进程，将会在本进程运行脚本。
07.28 09:17:07.589 | 信息 - 任务=1，信息=开始编译
07.28 09:17:07.589 | 信息 - 任务=1，信息=结束编译
07.28 09:17:07.589 | 信息 - 任务=1，信息=开始运行
07.28 09:17:07.604 | 信息 - 任务=1，信息=结束运行
07.28 09:17:32.954 | 信息 - 正常退出
07.28 09:18:12.708 | 信息 - 没有选择子进程，将会在本进程运行脚本。
07.28 09:18:12.708 | 信息 - 任务=1，信息=开始编译
07.28 09:18:12.708 | 信息 - 任务=1，信息=结束编译
07.28 09:18:12.708 | 信息 - 任务=1，信息=开始运行
07.28 09:18:12.724 | 信息 - 任务=1，信息=结束运行
07.28 15:27:30.826 | 信息 - 正常退出
07.29 09:21:12.039 | 信息 - 没有选择子进程，将会在本进程运行脚本。
07.29 09:21:12.039 | 信息 - 任务=1，信息=开始编译
07.29 09:21:12.039 | 信息 - 任务=1，信息=结束编译
07.29 09:21:12.039 | 信息 - 任务=1，信息=开始运行
07.29 09:21:12.055 | 信息 - 任务=1，信息=结束运行
07.29 14:52:01.037 | 信息 - 正常退出
07.31 22:15:55.842 | 信息 - 没有选择子进程，将会在本进程运行脚本。
07.31 22:15:55.858 | 信息 - 任务=1，信息=开始编译
07.31 22:15:55.858 | 信息 - 任务=1，信息=结束编译
07.31 22:15:55.858 | 信息 - 任务=1，信息=开始运行
07.31 22:15:55.873 | 信息 - 任务=1，信息=结束运行
07.31 22:59:19.290 | 信息 - 正常退出
07.31 22:59:22.427 | 信息 - 没有选择子进程，将会在本进程运行脚本。
07.31 22:59:22.427 | 信息 - 任务=1，信息=开始编译
07.31 22:59:22.427 | 信息 - 任务=1，信息=结束编译
07.31 22:59:22.427 | 信息 - 任务=1，信息=开始运行
07.31 22:59:22.427 | 信息 - 任务=1，信息=结束运行
07.31 23:07:27.993 | 信息 - 正常退出
07.31 23:08:01.816 | 信息 - 没有选择子进程，将会在本进程运行脚本。
07.31 23:08:01.816 | 信息 - 任务=1，信息=开始编译
07.31 23:08:01.816 | 信息 - 任务=1，信息=结束编译
07.31 23:08:01.816 | 信息 - 任务=1，信息=开始运行
07.31 23:08:01.831 | 信息 - 任务=1，信息=结束运行
07.31 23:08:39.240 | 信息 - 正常退出
08.01 09:16:54.766 | 信息 - 没有选择子进程，将会在本进程运行脚本。
08.01 09:16:54.782 | 信息 - 任务=1，信息=开始编译
08.01 09:16:54.860 | 信息 - 任务=1，信息=结束编译
08.01 09:16:54.860 | 信息 - 任务=1，信息=开始运行
08.01 09:16:54.876 | 信息 - 任务=1，信息=结束运行
08.01 09:17:39.726 | 信息 - 正常退出
08.01 09:18:04.486 | 信息 - 没有选择子进程，将会在本进程运行脚本。
08.01 09:18:04.486 | 信息 - 任务=1，信息=开始编译
08.01 09:18:04.486 | 信息 - 任务=1，信息=结束编译
08.01 09:18:04.486 | 信息 - 任务=1，信息=开始运行
08.01 09:18:04.502 | 信息 - 任务=1，信息=结束运行
08.01 09:19:10.329 | 信息 - 正常退出
08.01 09:20:05.247 | 信息 - 没有选择子进程，将会在本进程运行脚本。
08.01 09:20:05.247 | 信息 - 任务=1，信息=开始编译
08.01 09:20:05.247 | 信息 - 任务=1，信息=结束编译
08.01 09:20:05.247 | 信息 - 任务=1，信息=开始运行
08.01 09:20:05.247 | 信息 - 任务=1，信息=结束运行
08.01 09:21:59.280 | 信息 - 正常退出
08.01 09:22:09.478 | 信息 - 没有选择子进程，将会在本进程运行脚本。
08.01 09:22:09.478 | 信息 - 任务=1，信息=开始编译
08.01 09:22:09.478 | 信息 - 任务=1，信息=结束编译
08.01 09:22:09.478 | 信息 - 任务=1，信息=开始运行
08.01 09:22:09.494 | 信息 - 任务=1，信息=结束运行
08.01 09:23:32.502 | 信息 - 正常退出
08.01 09:26:53.655 | 信息 - 没有选择子进程，将会在本进程运行脚本。
08.01 09:26:53.655 | 信息 - 任务=1，信息=开始编译
08.01 09:26:53.655 | 信息 - 任务=1，信息=结束编译
08.01 09:26:53.655 | 信息 - 任务=1，信息=开始运行
08.01 09:26:53.671 | 信息 - 任务=1，信息=结束运行
08.01 15:05:06.791 | 信息 - 正常退出
08.02 09:10:22.259 | 信息 - 没有选择子进程，将会在本进程运行脚本。
08.02 09:10:22.275 | 信息 - 任务=1，信息=开始编译
08.02 09:10:22.322 | 信息 - 任务=1，信息=结束编译
08.02 09:10:22.322 | 信息 - 任务=1，信息=开始运行
08.02 09:10:22.337 | 信息 - 任务=1，信息=结束运行
08.02 15:00:25.275 | 信息 - 正常退出
08.03 09:09:11.675 | 信息 - 没有选择子进程，将会在本进程运行脚本。
08.03 09:09:11.691 | 信息 - 任务=1，信息=开始编译
08.03 09:09:11.738 | 信息 - 任务=1，信息=结束编译
08.03 09:09:11.738 | 信息 - 任务=1，信息=开始运行
08.03 09:09:11.769 | 信息 - 任务=1，信息=结束运行
08.03 15:07:43.585 | 信息 - 正常退出
08.04 09:23:56.347 | 信息 - 没有选择子进程，将会在本进程运行脚本。
08.04 09:23:56.347 | 信息 - 任务=1，信息=开始编译
08.04 09:23:56.347 | 信息 - 任务=1，信息=结束编译
08.04 09:23:56.347 | 信息 - 任务=1，信息=开始运行
08.04 09:23:56.362 | 信息 - 任务=1，信息=结束运行
08.04 09:25:22.989 | 信息 - 正常退出
08.04 09:25:33.268 | 信息 - 没有选择子进程，将会在本进程运行脚本。
08.04 09:25:33.268 | 信息 - 任务=1，信息=开始编译
08.04 09:25:33.268 | 信息 - 任务=1，信息=结束编译
08.04 09:25:33.268 | 信息 - 任务=1，信息=开始运行
08.04 09:25:33.284 | 信息 - 任务=1，信息=结束运行
08.04 09:28:10.209 | 信息 - 正常退出
08.04 09:28:31.644 | 信息 - 没有选择子进程，将会在本进程运行脚本。
08.04 09:28:31.644 | 信息 - 任务=1，信息=开始编译
08.04 09:28:31.644 | 信息 - 任务=1，信息=结束编译
08.04 09:28:31.644 | 信息 - 任务=1，信息=开始运行
08.04 09:28:31.644 | 信息 - 任务=1，信息=结束运行
08.04 15:09:54.348 | 信息 - 正常退出
08.05 09:06:00.893 | 信息 - 没有选择子进程，将会在本进程运行脚本。
08.05 09:06:00.893 | 信息 - 任务=1，信息=开始编译
08.05 09:06:00.893 | 信息 - 任务=1，信息=结束编译
08.05 09:06:00.893 | 信息 - 任务=1，信息=开始运行
08.05 09:06:00.908 | 信息 - 任务=1，信息=结束运行
08.05 16:30:05.576 | 信息 - 正常退出
08.08 09:22:07.548 | 信息 - 没有选择子进程，将会在本进程运行脚本。
08.08 09:22:07.579 | 信息 - 任务=1，信息=开始编译
08.08 09:22:07.579 | 信息 - 任务=1，信息=结束编译
08.08 09:22:07.579 | 信息 - 任务=1，信息=开始运行
08.08 09:22:07.595 | 信息 - 任务=1，信息=结束运行
08.08 15:12:34.150 | 信息 - 正常退出
08.09 09:06:56.621 | 信息 - 没有选择子进程，将会在本进程运行脚本。
08.09 09:06:56.636 | 信息 - 任务=1，信息=开始编译
08.09 09:06:56.636 | 信息 - 任务=1，信息=结束编译
08.09 09:06:56.636 | 信息 - 任务=1，信息=开始运行
08.09 09:06:56.652 | 信息 - 任务=1，信息=结束运行
08.09 15:00:47.773 | 信息 - 正常退出
08.10 09:25:12.409 | 信息 - 没有选择子进程，将会在本进程运行脚本。
08.10 09:25:12.440 | 信息 - 任务=1，信息=开始编译
08.10 09:25:12.440 | 信息 - 任务=1，信息=结束编译
08.10 09:25:12.440 | 信息 - 任务=1，信息=开始运行
08.10 09:25:12.487 | 信息 - 任务=1，信息=结束运行
08.10 09:27:28.809 | 信息 - 没有选择子进程，将会在本进程运行脚本。
08.10 09:27:28.809 | 信息 - 任务=1，信息=开始编译
08.10 09:27:28.809 | 信息 - 任务=1，信息=结束编译
08.10 09:27:28.809 | 信息 - 任务=1，信息=开始运行
08.10 09:27:28.825 | 信息 - 任务=1，信息=结束运行
08.10 09:29:33.736 | 信息 - 正常退出
08.10 09:29:54.224 | 信息 - 没有选择子进程，将会在本进程运行脚本。
08.10 09:29:54.224 | 信息 - 任务=1，信息=开始编译
08.10 09:29:54.224 | 信息 - 任务=1，信息=结束编译
08.10 09:29:54.224 | 信息 - 任务=1，信息=开始运行
08.10 09:29:54.239 | 信息 - 任务=1，信息=结束运行
08.10 15:00:15.196 | 信息 - 正常退出
08.11 09:16:37.517 | 信息 - 没有选择子进程，将会在本进程运行脚本。
08.11 09:16:37.517 | 信息 - 任务=1，信息=开始编译
08.11 09:16:37.517 | 信息 - 任务=1，信息=结束编译
08.11 09:16:37.517 | 信息 - 任务=1，信息=开始运行
08.11 09:16:37.517 | 信息 - 任务=1，信息=结束运行
08.11 14:59:01.260 | 信息 - 正常退出
08.12 09:09:04.155 | 信息 - 没有选择子进程，将会在本进程运行脚本。
08.12 09:09:04.170 | 信息 - 任务=1，信息=开始编译
08.12 09:09:04.217 | 信息 - 任务=1，信息=结束编译
08.12 09:09:04.217 | 信息 - 任务=1，信息=开始运行
08.12 09:09:04.233 | 信息 - 任务=1，信息=结束运行
08.12 14:41:26.571 | 信息 - 正常退出
08.14 21:51:35.181 | 信息 - 没有选择子进程，将会在本进程运行脚本。
08.14 21:51:35.196 | 信息 - 任务=1，信息=开始编译
08.14 21:51:35.259 | 信息 - 任务=1，信息=结束编译
08.14 21:51:35.259 | 信息 - 任务=1，信息=开始运行
08.14 21:51:35.274 | 信息 - 任务=1，信息=结束运行
08.15 09:14:21.107 | 信息 - 没有选择子进程，将会在本进程运行脚本。
08.15 09:14:21.107 | 信息 - 任务=1，信息=开始编译
08.15 09:14:21.185 | 信息 - 任务=1，信息=结束编译
08.15 09:14:21.185 | 信息 - 任务=1，信息=开始运行
08.15 09:14:21.216 | 信息 - 任务=1，信息=结束运行
08.15 15:08:39.351 | 信息 - 正常退出
08.16 09:20:49.647 | 信息 - 没有选择子进程，将会在本进程运行脚本。
08.16 09:20:49.678 | 信息 - 任务=1，信息=开始编译
08.16 09:20:49.678 | 信息 - 任务=1，信息=结束编译
08.16 09:20:49.678 | 信息 - 任务=1，信息=开始运行
08.16 09:20:49.684 | 信息 - 任务=1，信息=结束运行
08.16 09:22:03.386 | 信息 - 正常退出
08.16 09:22:14.300 | 信息 - 没有选择子进程，将会在本进程运行脚本。
08.16 09:22:14.300 | 信息 - 任务=1，信息=开始编译
08.16 09:22:14.300 | 信息 - 任务=1，信息=结束编译
08.16 09:22:14.300 | 信息 - 任务=1，信息=开始运行
08.16 09:22:14.313 | 信息 - 任务=1，信息=结束运行
08.16 09:22:48.535 | 信息 - 正常退出
08.16 09:23:00.616 | 信息 - 没有选择子进程，将会在本进程运行脚本。
08.16 09:23:00.616 | 信息 - 任务=1，信息=开始编译
08.16 09:23:00.617 | 信息 - 任务=1，信息=结束编译
08.16 09:23:00.617 | 信息 - 任务=1，信息=开始运行
08.16 09:23:00.631 | 信息 - 任务=1，信息=结束运行
08.16 09:23:43.255 | 信息 - 正常退出
08.16 09:24:06.270 | 信息 - 没有选择子进程，将会在本进程运行脚本。
08.16 09:24:06.270 | 信息 - 任务=1，信息=开始编译
08.16 09:24:06.270 | 信息 - 任务=1，信息=结束编译
08.16 09:24:06.270 | 信息 - 任务=1，信息=开始运行
08.16 09:24:06.286 | 信息 - 任务=1，信息=结束运行
08.16 09:25:04.474 | 信息 - 正常退出
08.16 09:25:15.414 | 信息 - 没有选择子进程，将会在本进程运行脚本。
08.16 09:25:15.414 | 信息 - 任务=1，信息=开始编译
08.16 09:25:15.414 | 信息 - 任务=1，信息=结束编译
08.16 09:25:15.414 | 信息 - 任务=1，信息=开始运行
08.16 09:25:15.429 | 信息 - 任务=1，信息=结束运行
08.16 15:08:45.103 | 信息 - 正常退出
08.16 22:35:28.282 | 信息 - 没有选择子进程，将会在本进程运行脚本。
08.16 22:35:28.282 | 信息 - 任务=1，信息=开始编译
08.16 22:35:28.282 | 信息 - 任务=1，信息=结束编译
08.16 22:35:28.282 | 信息 - 任务=1，信息=开始运行
08.16 22:35:28.282 | 信息 - 任务=1，信息=结束运行
08.16 23:28:44.870 | 信息 - 正常退出
08.17 09:17:30.857 | 信息 - 没有选择子进程，将会在本进程运行脚本。
08.17 09:17:30.857 | 信息 - 任务=1，信息=开始编译
08.17 09:17:30.857 | 信息 - 任务=1，信息=结束编译
08.17 09:17:30.857 | 信息 - 任务=1，信息=开始运行
08.17 09:17:30.857 | 信息 - 任务=1，信息=结束运行
08.17 09:18:16.394 | 信息 - 正常退出
08.17 09:18:19.327 | 信息 - 没有选择子进程，将会在本进程运行脚本。
08.17 09:18:19.327 | 信息 - 任务=1，信息=开始编译
08.17 09:18:19.327 | 信息 - 任务=1，信息=结束编译
08.17 09:18:19.327 | 信息 - 任务=1，信息=开始运行
08.17 09:18:19.343 | 信息 - 任务=1，信息=结束运行
08.17 09:18:34.506 | 信息 - 正常退出
08.17 09:19:04.037 | 信息 - 没有选择子进程，将会在本进程运行脚本。
08.17 09:19:04.037 | 信息 - 任务=1，信息=开始编译
08.17 09:19:04.037 | 信息 - 任务=1，信息=结束编译
08.17 09:19:04.037 | 信息 - 任务=1，信息=开始运行
08.17 09:19:04.037 | 信息 - 任务=1，信息=结束运行
08.17 09:19:20.039 | 信息 - 正常退出
08.17 09:19:48.322 | 信息 - 没有选择子进程，将会在本进程运行脚本。
08.17 09:19:48.322 | 信息 - 任务=1，信息=开始编译
08.17 09:19:48.322 | 信息 - 任务=1，信息=结束编译
08.17 09:19:48.322 | 信息 - 任务=1，信息=开始运行
08.17 09:19:48.322 | 信息 - 任务=1，信息=结束运行
08.17 15:31:04.935 | 信息 - 正常退出
08.17 21:42:27.626 | 信息 - 没有选择子进程，将会在本进程运行脚本。
08.17 21:42:27.657 | 信息 - 任务=1，信息=开始编译
08.17 21:42:27.704 | 信息 - 任务=1，信息=结束编译
08.17 21:42:27.704 | 信息 - 任务=1，信息=开始运行
08.17 21:42:27.719 | 信息 - 任务=1，信息=结束运行
08.17 23:41:53.465 | 信息 - 正常退出
08.18 09:23:51.647 | 信息 - 没有选择子进程，将会在本进程运行脚本。
08.18 09:23:51.647 | 信息 - 任务=1，信息=开始编译
08.18 09:23:51.647 | 信息 - 任务=1，信息=结束编译
08.18 09:23:51.647 | 信息 - 任务=1，信息=开始运行
08.18 09:23:51.663 | 信息 - 任务=1，信息=结束运行
08.18 14:59:15.274 | 信息 - 正常退出
08.18 22:10:47.636 | 信息 - 没有选择子进程，将会在本进程运行脚本。
08.18 22:10:47.636 | 信息 - 任务=1，信息=开始编译
08.18 22:10:47.636 | 信息 - 任务=1，信息=结束编译
08.18 22:10:47.636 | 信息 - 任务=1，信息=开始运行
08.18 22:10:47.652 | 信息 - 任务=1，信息=结束运行
08.18 23:15:34.635 | 信息 - 正常退出
08.19 09:07:02.955 | 信息 - 没有选择子进程，将会在本进程运行脚本。
08.19 09:07:02.955 | 信息 - 任务=1，信息=开始编译
08.19 09:07:02.955 | 信息 - 任务=1，信息=结束编译
08.19 09:07:02.955 | 信息 - 任务=1，信息=开始运行
08.19 09:07:02.971 | 信息 - 任务=1，信息=结束运行
08.19 15:06:37.279 | 信息 - 正常退出
08.21 20:41:30.398 | 信息 - 没有选择子进程，将会在本进程运行脚本。
08.21 20:41:30.398 | 信息 - 任务=1，信息=开始编译
08.21 20:41:30.398 | 信息 - 任务=1，信息=结束编译
08.21 20:41:30.398 | 信息 - 任务=1，信息=开始运行
08.21 20:41:30.398 | 信息 - 任务=1，信息=结束运行
08.21 23:33:35.929 | 信息 - 正常退出
08.22 09:23:13.314 | 信息 - 没有选择子进程，将会在本进程运行脚本。
08.22 09:23:13.314 | 信息 - 任务=1，信息=开始编译
08.22 09:23:13.314 | 信息 - 任务=1，信息=结束编译
08.22 09:23:13.314 | 信息 - 任务=1，信息=开始运行
08.22 09:23:13.314 | 信息 - 任务=1，信息=结束运行
08.22 09:24:08.768 | 信息 - 正常退出
08.22 09:24:19.411 | 信息 - 没有选择子进程，将会在本进程运行脚本。
08.22 09:24:19.411 | 信息 - 任务=1，信息=开始编译
08.22 09:24:19.411 | 信息 - 任务=1，信息=结束编译
08.22 09:24:19.411 | 信息 - 任务=1，信息=开始运行
08.22 09:24:19.427 | 信息 - 任务=1，信息=结束运行
08.22 09:24:37.351 | 信息 - 正常退出
08.22 09:24:39.707 | 信息 - 没有选择子进程，将会在本进程运行脚本。
08.22 09:24:39.707 | 信息 - 任务=1，信息=开始编译
08.22 09:24:39.707 | 信息 - 任务=1，信息=结束编译
08.22 09:24:39.707 | 信息 - 任务=1，信息=开始运行
08.22 09:24:39.707 | 信息 - 任务=1，信息=结束运行
08.22 09:24:55.681 | 信息 - 正常退出
08.22 09:26:00.737 | 信息 - 没有选择子进程，将会在本进程运行脚本。
08.22 09:26:00.737 | 信息 - 任务=1，信息=开始编译
08.22 09:26:00.737 | 信息 - 任务=1，信息=结束编译
08.22 09:26:00.737 | 信息 - 任务=1，信息=开始运行
08.22 09:26:00.737 | 信息 - 任务=1，信息=结束运行
08.22 15:03:06.165 | 信息 - 正常退出
08.22 22:05:02.603 | 信息 - 没有选择子进程，将会在本进程运行脚本。
08.22 22:05:02.603 | 信息 - 任务=1，信息=开始编译
08.22 22:05:02.603 | 信息 - 任务=1，信息=结束编译
08.22 22:05:02.603 | 信息 - 任务=1，信息=开始运行
08.22 22:05:02.619 | 信息 - 任务=1，信息=结束运行
08.22 22:52:09.423 | 信息 - 正常退出
08.23 09:17:37.891 | 信息 - 没有选择子进程，将会在本进程运行脚本。
08.23 09:17:37.922 | 信息 - 任务=1，信息=开始编译
08.23 09:17:37.922 | 信息 - 任务=1，信息=结束编译
08.23 09:17:37.922 | 信息 - 任务=1，信息=开始运行
08.23 09:17:37.922 | 信息 - 任务=1，信息=结束运行
08.23 09:19:27.078 | 信息 - 正常退出
08.23 09:19:43.865 | 信息 - 没有选择子进程，将会在本进程运行脚本。
08.23 09:19:43.865 | 信息 - 任务=1，信息=开始编译
08.23 09:19:43.865 | 信息 - 任务=1，信息=结束编译
08.23 09:19:43.865 | 信息 - 任务=1，信息=开始运行
08.23 09:19:43.865 | 信息 - 任务=1，信息=结束运行
08.23 09:19:57.141 | 信息 - 正常退出
08.23 09:19:59.980 | 信息 - 没有选择子进程，将会在本进程运行脚本。
08.23 09:19:59.980 | 信息 - 任务=1，信息=开始编译
08.23 09:19:59.980 | 信息 - 任务=1，信息=结束编译
08.23 09:19:59.980 | 信息 - 任务=1，信息=开始运行
08.23 09:19:59.995 | 信息 - 任务=1，信息=结束运行
08.23 09:20:10.993 | 信息 - 正常退出
08.23 09:23:01.255 | 信息 - 没有选择子进程，将会在本进程运行脚本。
08.23 09:23:01.255 | 信息 - 任务=1，信息=开始编译
08.23 09:23:01.255 | 信息 - 任务=1，信息=结束编译
08.23 09:23:01.255 | 信息 - 任务=1，信息=开始运行
08.23 09:23:01.255 | 信息 - 任务=1，信息=结束运行
08.23 15:00:53.990 | 信息 - 正常退出
08.24 09:05:56.283 | 信息 - 没有选择子进程，将会在本进程运行脚本。
08.24 09:05:56.283 | 信息 - 任务=1，信息=开始编译
08.24 09:05:56.283 | 信息 - 任务=1，信息=结束编译
08.24 09:05:56.283 | 信息 - 任务=1，信息=开始运行
08.24 09:05:56.299 | 信息 - 任务=1，信息=结束运行
08.24 15:07:20.084 | 信息 - 正常退出
08.25 09:05:55.244 | 信息 - 没有选择子进程，将会在本进程运行脚本。
08.25 09:05:55.244 | 信息 - 任务=1，信息=开始编译
08.25 09:05:55.244 | 信息 - 任务=1，信息=结束编译
08.25 09:05:55.244 | 信息 - 任务=1，信息=开始运行
08.25 09:05:55.275 | 信息 - 任务=1，信息=结束运行
08.25 09:13:31.891 | 信息 - 正常退出
08.25 09:13:54.504 | 信息 - 没有选择子进程，将会在本进程运行脚本。
08.25 09:13:54.504 | 信息 - 任务=1，信息=开始编译
08.25 09:13:54.520 | 信息 - 任务=1，信息=结束编译
08.25 09:13:54.520 | 信息 - 任务=1，信息=开始运行
08.25 09:13:54.520 | 信息 - 任务=1，信息=结束运行
08.25 09:15:13.254 | 信息 - 正常退出
08.25 09:15:24.630 | 信息 - 没有选择子进程，将会在本进程运行脚本。
08.25 09:15:24.630 | 信息 - 任务=1，信息=开始编译
08.25 09:15:24.630 | 信息 - 任务=1，信息=结束编译
08.25 09:15:24.630 | 信息 - 任务=1，信息=开始运行
08.25 09:15:24.646 | 信息 - 任务=1，信息=结束运行
08.25 09:16:27.670 | 信息 - 正常退出
08.25 09:16:37.473 | 信息 - 没有选择子进程，将会在本进程运行脚本。
08.25 09:16:37.473 | 信息 - 任务=1，信息=开始编译
08.25 09:16:37.473 | 信息 - 任务=1，信息=结束编译
08.25 09:16:37.473 | 信息 - 任务=1，信息=开始运行
08.25 09:16:37.489 | 信息 - 任务=1，信息=结束运行
08.25 15:16:08.642 | 信息 - 正常退出
08.26 09:14:13.832 | 信息 - 没有选择子进程，将会在本进程运行脚本。
08.26 09:14:13.832 | 信息 - 任务=1，信息=开始编译
08.26 09:14:13.832 | 信息 - 任务=1，信息=结束编译
08.26 09:14:13.832 | 信息 - 任务=1，信息=开始运行
08.26 09:14:13.848 | 信息 - 任务=1，信息=结束运行
08.26 09:18:40.345 | 信息 - 正常退出
08.26 09:18:51.883 | 信息 - 没有选择子进程，将会在本进程运行脚本。
08.26 09:18:51.883 | 信息 - 任务=1，信息=开始编译
08.26 09:18:51.883 | 信息 - 任务=1，信息=结束编译
08.26 09:18:51.883 | 信息 - 任务=1，信息=开始运行
08.26 09:18:51.899 | 信息 - 任务=1，信息=结束运行
08.26 09:23:32.227 | 信息 - 正常退出
08.26 09:23:41.797 | 信息 - 没有选择子进程，将会在本进程运行脚本。
08.26 09:23:41.797 | 信息 - 任务=1，信息=开始编译
08.26 09:23:41.797 | 信息 - 任务=1，信息=结束编译
08.26 09:23:41.797 | 信息 - 任务=1，信息=开始运行
08.26 09:23:41.813 | 信息 - 任务=1，信息=结束运行
08.26 15:01:06.273 | 信息 - 正常退出
08.29 09:17:19.887 | 信息 - 没有选择子进程，将会在本进程运行脚本。
08.29 09:17:19.903 | 信息 - 任务=1，信息=开始编译
08.29 09:17:19.903 | 信息 - 任务=1，信息=结束编译
08.29 09:17:19.903 | 信息 - 任务=1，信息=开始运行
08.29 09:17:19.918 | 信息 - 任务=1，信息=结束运行
08.29 09:19:32.986 | 信息 - 正常退出
08.29 09:19:43.918 | 信息 - 没有选择子进程，将会在本进程运行脚本。
08.29 09:19:43.918 | 信息 - 任务=1，信息=开始编译
08.29 09:19:43.918 | 信息 - 任务=1，信息=结束编译
08.29 09:19:43.918 | 信息 - 任务=1，信息=开始运行
08.29 09:19:43.934 | 信息 - 任务=1，信息=结束运行
08.29 15:27:52.601 | 信息 - 正常退出
08.30 09:04:49.083 | 信息 - 没有选择子进程，将会在本进程运行脚本。
08.30 09:04:49.099 | 信息 - 任务=1，信息=开始编译
08.30 09:04:49.161 | 信息 - 任务=1，信息=结束编译
08.30 09:04:49.161 | 信息 - 任务=1，信息=开始运行
08.30 09:04:49.177 | 信息 - 任务=1，信息=结束运行
08.30 15:01:37.484 | 信息 - 正常退出
08.31 09:15:17.851 | 信息 - 没有选择子进程，将会在本进程运行脚本。
08.31 09:15:17.866 | 信息 - 任务=1，信息=开始编译
08.31 09:15:17.929 | 信息 - 任务=1，信息=结束编译
08.31 09:15:17.929 | 信息 - 任务=1，信息=开始运行
08.31 09:15:17.944 | 信息 - 任务=1，信息=结束运行
08.31 09:24:28.181 | 信息 - 正常退出
08.31 09:26:00.205 | 信息 - 没有选择子进程，将会在本进程运行脚本。
08.31 09:26:00.205 | 信息 - 任务=1，信息=开始编译
08.31 09:26:00.205 | 信息 - 任务=1，信息=结束编译
08.31 09:26:00.205 | 信息 - 任务=1，信息=开始运行
08.31 09:26:00.205 | 信息 - 任务=1，信息=结束运行
08.31 14:55:34.023 | 信息 - 正常退出
09.01 09:18:49.666 | 信息 - 没有选择子进程，将会在本进程运行脚本。
09.01 09:18:49.666 | 信息 - 任务=1，信息=开始编译
09.01 09:18:49.666 | 信息 - 任务=1，信息=结束编译
09.01 09:18:49.666 | 信息 - 任务=1，信息=开始运行
09.01 09:18:49.666 | 信息 - 任务=1，信息=结束运行
09.01 09:27:29.682 | 信息 - 没有选择子进程，将会在本进程运行脚本。
09.01 09:27:29.682 | 信息 - 任务=1，信息=开始编译
09.01 09:27:29.682 | 信息 - 任务=1，信息=结束编译
09.01 09:27:29.682 | 信息 - 任务=1，信息=开始运行
09.01 09:27:29.698 | 信息 - 任务=1，信息=结束运行
09.01 09:32:46.515 | 信息 - 正常退出
09.01 09:32:58.369 | 信息 - 没有选择子进程，将会在本进程运行脚本。
09.01 09:32:58.369 | 信息 - 任务=1，信息=开始编译
09.01 09:32:58.369 | 信息 - 任务=1，信息=结束编译
09.01 09:32:58.369 | 信息 - 任务=1，信息=开始运行
09.01 09:32:58.385 | 信息 - 任务=1，信息=结束运行
09.01 15:01:11.377 | 信息 - 正常退出
09.02 09:09:55.229 | 信息 - 没有选择子进程，将会在本进程运行脚本。
09.02 09:09:55.260 | 信息 - 任务=1，信息=开始编译
09.02 09:09:55.307 | 信息 - 任务=1，信息=结束编译
09.02 09:09:55.307 | 信息 - 任务=1，信息=开始运行
09.02 09:09:55.322 | 信息 - 任务=1，信息=结束运行
09.02 14:55:18.542 | 信息 - 正常退出
09.04 22:41:03.497 | 信息 - 没有选择子进程，将会在本进程运行脚本。
09.04 22:41:03.512 | 信息 - 任务=1，信息=开始编译
09.04 22:41:03.559 | 信息 - 任务=1，信息=结束编译
09.04 22:41:03.559 | 信息 - 任务=1，信息=开始运行
09.04 22:41:03.575 | 信息 - 任务=1，信息=结束运行
09.05 09:19:39.264 | 信息 - 没有选择子进程，将会在本进程运行脚本。
09.05 09:19:39.295 | 信息 - 任务=1，信息=开始编译
09.05 09:19:39.389 | 信息 - 任务=1，信息=结束编译
09.05 09:19:39.389 | 信息 - 任务=1，信息=开始运行
09.05 09:19:39.467 | 信息 - 任务=1，信息=结束运行
09.05 16:10:41.785 | 信息 - 正常退出
09.06 09:10:07.003 | 信息 - 没有选择子进程，将会在本进程运行脚本。
09.06 09:10:07.003 | 信息 - 任务=1，信息=开始编译
09.06 09:10:07.003 | 信息 - 任务=1，信息=结束编译
09.06 09:10:07.003 | 信息 - 任务=1，信息=开始运行
09.06 09:10:07.018 | 信息 - 任务=1，信息=结束运行
09.06 15:19:59.303 | 信息 - 正常退出
09.07 09:11:19.306 | 信息 - 没有选择子进程，将会在本进程运行脚本。
09.07 09:11:19.322 | 信息 - 任务=1，信息=开始编译
09.07 09:11:19.384 | 信息 - 任务=1，信息=结束编译
09.07 09:11:19.384 | 信息 - 任务=1，信息=开始运行
09.07 09:11:19.384 | 信息 - 任务=1，信息=结束运行
09.07 09:32:04.213 | 信息 - 正常退出
09.07 09:32:14.778 | 信息 - 没有选择子进程，将会在本进程运行脚本。
09.07 09:32:14.778 | 信息 - 任务=1，信息=开始编译
09.07 09:32:14.778 | 信息 - 任务=1，信息=结束编译
09.07 09:32:14.778 | 信息 - 任务=1，信息=开始运行
09.07 09:32:14.794 | 信息 - 任务=1，信息=结束运行
09.07 09:33:05.808 | 信息 - ------ 开始编译 ------
09.07 09:33:05.808 | 信息 - ------ 开始编译 ------
09.07 09:33:05.808 | 信息 - ------ 编译成功 ------
09.07 09:33:05.824 | 信息 - Linked 'cyzs'
09.07 09:33:05.824 | 信息 - ------ 编译成功 ------
09.07 10:36:38.960 | 信息 - 正常退出
09.07 10:38:51.243 | 信息 - 没有选择子进程，将会在本进程运行脚本。
09.07 10:38:51.258 | 信息 - 任务=1，信息=开始编译
09.07 10:38:51.321 | 信息 - 任务=1，信息=结束编译
09.07 10:38:51.321 | 信息 - 任务=1，信息=开始运行
09.07 10:38:51.321 | 信息 - 任务=1，信息=结束运行
09.07 15:07:47.127 | 信息 - 正常退出
09.08 09:19:52.543 | 信息 - 没有选择子进程，将会在本进程运行脚本。
09.08 09:19:52.574 | 信息 - 任务=1，信息=开始编译
09.08 09:19:52.574 | 信息 - 任务=1，信息=结束编译
09.08 09:19:52.574 | 信息 - 任务=1，信息=开始运行
09.08 09:19:52.574 | 信息 - 任务=1，信息=结束运行
09.08 14:58:03.815 | 信息 - 正常退出
09.09 09:10:49.261 | 信息 - 没有选择子进程，将会在本进程运行脚本。
09.09 09:10:49.261 | 信息 - 任务=1，信息=开始编译
09.09 09:10:49.261 | 信息 - 任务=1，信息=结束编译
09.09 09:10:49.261 | 信息 - 任务=1，信息=开始运行
09.09 09:10:49.261 | 信息 - 任务=1，信息=结束运行
09.09 15:00:08.917 | 信息 - 正常退出
09.12 08:59:20.782 | 信息 - 没有选择子进程，将会在本进程运行脚本。
09.12 08:59:20.782 | 信息 - 任务=1，信息=开始编译
09.12 08:59:20.782 | 信息 - 任务=1，信息=结束编译
09.12 08:59:20.782 | 信息 - 任务=1，信息=开始运行
09.12 08:59:20.797 | 信息 - 任务=1，信息=结束运行
09.12 09:27:07.699 | 信息 - 正常退出
09.12 09:27:17.960 | 信息 - 没有选择子进程，将会在本进程运行脚本。
09.12 09:27:17.960 | 信息 - 任务=1，信息=开始编译
09.12 09:27:17.960 | 信息 - 任务=1，信息=结束编译
09.12 09:27:17.960 | 信息 - 任务=1，信息=开始运行
09.12 09:27:17.976 | 信息 - 任务=1，信息=结束运行
09.12 14:57:40.916 | 信息 - 正常退出
09.13 09:19:26.023 | 信息 - 没有选择子进程，将会在本进程运行脚本。
09.13 09:19:26.023 | 信息 - 任务=1，信息=开始编译
09.13 09:19:26.023 | 信息 - 任务=1，信息=结束编译
09.13 09:19:26.023 | 信息 - 任务=1，信息=开始运行
09.13 09:19:26.023 | 信息 - 任务=1，信息=结束运行
09.13 14:59:26.963 | 信息 - 正常退出
11.17 15:23:53.443 | 信息 - 没有选择子进程，将会在本进程运行脚本。
11.17 15:23:53.443 | 信息 - 任务=1，信息=开始编译
11.17 15:23:53.456 | 信息 - 任务=1，信息=结束编译
11.17 15:23:53.456 | 信息 - 任务=1，信息=开始运行
11.17 15:23:53.461 | 信息 - 任务=1，信息=结束运行
11.17 15:24:51.292 | 信息 - 正常退出
12.12 09:28:17.819 | 信息 - 没有选择子进程，将会在本进程运行脚本。
12.12 09:28:17.819 | 信息 - 任务=1，信息=开始编译
12.12 09:28:17.975 | 信息 - 任务=1，信息=结束编译
12.12 09:28:17.975 | 信息 - 任务=1，信息=开始运行
12.12 09:28:17.990 | 信息 - 任务=1，信息=结束运行
12.12 10:01:12.509 | 信息 - 正常退出
12.12 10:34:22.827 | 信息 - 没有选择子进程，将会在本进程运行脚本。
12.12 10:34:22.827 | 信息 - 任务=1，信息=开始编译
12.12 10:34:22.843 | 信息 - 任务=1，信息=结束编译
12.12 10:34:22.843 | 信息 - 任务=1，信息=开始运行
12.12 10:34:22.843 | 信息 - 任务=1，信息=结束运行
12.12 13:45:46.719 | 信息 - 正常退出
12.23 09:30:47.729 | 信息 - 没有选择子进程，将会在本进程运行脚本。
12.23 09:30:47.730 | 信息 - 任务=1，信息=开始编译
12.23 09:30:47.742 | 信息 - 任务=1，信息=结束编译
12.23 09:30:47.742 | 信息 - 任务=1，信息=开始运行
12.23 09:30:47.751 | 信息 - 任务=1，信息=结束运行
12.28 09:27:56.768 | 信息 - 没有选择子进程，将会在本进程运行脚本。
12.28 09:27:56.768 | 信息 - 任务=1，信息=开始编译
12.28 09:27:56.768 | 信息 - 任务=1，信息=结束编译
12.28 09:27:56.768 | 信息 - 任务=1，信息=开始运行
12.28 09:27:56.784 | 信息 - 任务=1，信息=结束运行
01.02 21:53:01.974 | 信息 - 没有选择子进程，将会在本进程运行脚本。
01.02 21:53:01.974 | 信息 - 任务=1，信息=开始编译
01.02 21:53:01.984 | 信息 - 任务=1，信息=结束编译
01.02 21:53:01.984 | 信息 - 任务=1，信息=开始运行
01.02 21:53:01.995 | 信息 - 任务=1，信息=结束运行
01.02 22:08:16.411 | 信息 - 正常退出
01.02 22:10:18.534 | 信息 - 没有选择子进程，将会在本进程运行脚本。
01.02 22:10:18.535 | 信息 - 任务=1，信息=开始编译
01.02 22:10:18.535 | 信息 - 任务=1，信息=结束编译
01.02 22:10:18.536 | 信息 - 任务=1，信息=开始运行
01.02 22:10:18.546 | 信息 - 任务=1，信息=结束运行
01.02 22:17:55.922 | 信息 - 正常退出
02.19 10:19:18.560 | 信息 - 没有选择子进程，将会在本进程运行脚本。
02.19 10:19:18.560 | 信息 - 任务=1，信息=开始编译
02.19 10:19:18.561 | 信息 - 任务=1，信息=结束编译
02.19 10:19:18.561 | 信息 - 任务=1，信息=开始运行
02.19 10:19:18.565 | 信息 - 任务=1，信息=结束运行
02.19 10:21:24.860 | 信息 - 正常退出
02.19 10:21:37.157 | 信息 - 没有选择子进程，将会在本进程运行脚本。
02.19 10:21:37.157 | 信息 - 任务=1，信息=开始编译
02.19 10:21:37.158 | 信息 - 任务=1，信息=结束编译
02.19 10:21:37.158 | 信息 - 任务=1，信息=开始运行
02.19 10:21:37.168 | 信息 - 任务=1，信息=结束运行
02.19 16:28:43.166 | 信息 - 正常退出
02.19 16:28:48.259 | 信息 - 没有选择子进程，将会在本进程运行脚本。
02.19 16:28:48.259 | 信息 - 任务=1，信息=开始编译
02.19 16:28:48.259 | 信息 - 任务=1，信息=结束编译
02.19 16:28:48.259 | 信息 - 任务=1，信息=开始运行
02.19 16:28:48.262 | 信息 - 任务=1，信息=结束运行
02.19 16:29:06.332 | 信息 - 正常退出
02.20 19:18:08.878 | 信息 - 没有选择子进程，将会在本进程运行脚本。
02.20 19:18:08.878 | 信息 - 任务=1，信息=开始编译
02.20 19:18:08.879 | 信息 - 任务=1，信息=结束编译
02.20 19:18:08.879 | 信息 - 任务=1，信息=开始运行
02.20 19:18:08.883 | 信息 - 任务=1，信息=结束运行
02.21 09:34:19.017 | 信息 - 没有选择子进程，将会在本进程运行脚本。
02.21 09:34:19.017 | 信息 - 任务=1，信息=开始编译
02.21 09:34:19.018 | 信息 - 任务=1，信息=结束编译
02.21 09:34:19.018 | 信息 - 任务=1，信息=开始运行
02.21 09:34:19.023 | 信息 - 任务=1，信息=结束运行
02.21 22:46:06.832 | 信息 - 正常退出
02.22 09:13:55.667 | 信息 - 没有选择子进程，将会在本进程运行脚本。
02.22 09:13:55.668 | 信息 - 任务=1，信息=开始编译
02.22 09:13:55.668 | 信息 - 任务=1，信息=结束编译
02.22 09:13:55.668 | 信息 - 任务=1，信息=开始运行
02.22 09:13:55.671 | 信息 - 任务=1，信息=结束运行
02.22 09:33:56.694 | 信息 - 正常退出
02.22 09:33:59.577 | 信息 - 没有选择子进程，将会在本进程运行脚本。
02.22 09:33:59.577 | 信息 - 任务=1，信息=开始编译
02.22 09:33:59.578 | 信息 - 任务=1，信息=结束编译
02.22 09:33:59.578 | 信息 - 任务=1，信息=开始运行
02.22 09:33:59.581 | 信息 - 任务=1，信息=结束运行
02.22 22:33:04.983 | 信息 - 正常退出
02.23 09:18:30.977 | 信息 - 没有选择子进程，将会在本进程运行脚本。
02.23 09:18:30.977 | 信息 - 任务=1，信息=开始编译
02.23 09:18:30.981 | 信息 - 任务=1，信息=结束编译
02.23 09:18:30.981 | 信息 - 任务=1，信息=开始运行
02.23 09:18:30.984 | 信息 - 任务=1，信息=结束运行
02.23 20:37:13.789 | 信息 - 正常退出
02.24 09:13:57.923 | 信息 - 没有选择子进程，将会在本进程运行脚本。
02.24 09:13:57.923 | 信息 - 任务=1，信息=开始编译
02.24 09:13:57.923 | 信息 - 任务=1，信息=结束编译
02.24 09:13:57.923 | 信息 - 任务=1，信息=开始运行
02.24 09:13:57.926 | 信息 - 任务=1，信息=结束运行
02.24 09:19:23.750 | 信息 - 正常退出
02.24 09:19:30.317 | 信息 - 没有选择子进程，将会在本进程运行脚本。
02.24 09:19:30.317 | 信息 - 任务=1，信息=开始编译
02.24 09:19:30.317 | 信息 - 任务=1，信息=结束编译
02.24 09:19:30.317 | 信息 - 任务=1，信息=开始运行
02.24 09:19:30.320 | 信息 - 任务=1，信息=结束运行
02.24 09:29:02.969 | 信息 - 正常退出
02.24 09:29:08.334 | 信息 - 没有选择子进程，将会在本进程运行脚本。
02.24 09:29:08.334 | 信息 - 任务=1，信息=开始编译
02.24 09:29:08.334 | 信息 - 任务=1，信息=结束编译
02.24 09:29:08.334 | 信息 - 任务=1，信息=开始运行
02.24 09:29:08.338 | 信息 - 任务=1，信息=结束运行
02.25 10:32:48.859 | 信息 - 正常退出
02.28 09:21:16.723 | 信息 - 没有选择子进程，将会在本进程运行脚本。
02.28 09:21:16.723 | 信息 - 任务=1，信息=开始编译
02.28 09:21:16.723 | 信息 - 任务=1，信息=结束编译
02.28 09:21:16.723 | 信息 - 任务=1，信息=开始运行
02.28 09:21:16.728 | 信息 - 任务=1，信息=结束运行
02.28 10:32:52.911 | 信息 - 正常退出
02.28 10:33:04.993 | 信息 - 没有选择子进程，将会在本进程运行脚本。
02.28 10:33:04.993 | 信息 - 任务=1，信息=开始编译
02.28 10:33:04.994 | 信息 - 任务=1，信息=结束编译
02.28 10:33:04.994 | 信息 - 任务=1，信息=开始运行
02.28 10:33:04.998 | 信息 - 任务=1，信息=结束运行
03.01 13:00:33.302 | 信息 - 正常退出
03.01 13:00:40.854 | 信息 - 没有选择子进程，将会在本进程运行脚本。
03.01 13:00:40.854 | 信息 - 任务=1，信息=开始编译
03.01 13:00:40.854 | 信息 - 任务=1，信息=结束编译
03.01 13:00:40.854 | 信息 - 任务=1，信息=开始运行
03.01 13:00:40.858 | 信息 - 任务=1，信息=结束运行
03.02 16:35:11.723 | 信息 - 正常退出
03.06 13:31:51.910 | 信息 - 没有选择子进程，将会在本进程运行脚本。
03.06 13:31:51.910 | 信息 - 任务=1，信息=开始编译
03.06 13:31:51.914 | 信息 - 任务=1，信息=结束编译
03.06 13:31:51.914 | 信息 - 任务=1，信息=开始运行
03.06 13:31:51.917 | 信息 - 任务=1，信息=结束运行
03.07 10:15:01.635 | 信息 - 正常退出
03.17 09:42:16.597 | 信息 - 没有选择子进程，将会在本进程运行脚本。
03.17 09:42:16.597 | 信息 - 任务=1，信息=开始编译
03.17 09:42:16.598 | 信息 - 任务=1，信息=结束编译
03.17 09:42:16.598 | 信息 - 任务=1，信息=开始运行
03.17 09:42:16.602 | 信息 - 任务=1，信息=结束运行
03.17 18:48:35.121 | 信息 - 正常退出
03.20 10:32:20.620 | 信息 - 没有选择子进程，将会在本进程运行脚本。
03.20 10:32:20.620 | 信息 - 任务=1，信息=开始编译
03.20 10:32:20.620 | 信息 - 任务=1，信息=结束编译
03.20 10:32:20.620 | 信息 - 任务=1，信息=开始运行
03.20 10:32:20.624 | 信息 - 任务=1，信息=结束运行
03.20 15:10:47.122 | 信息 - 正常退出
03.22 09:40:58.189 | 信息 - 没有选择子进程，将会在本进程运行脚本。
03.22 09:40:58.189 | 信息 - 任务=1，信息=开始编译
03.22 09:40:58.189 | 信息 - 任务=1，信息=结束编译
03.22 09:40:58.189 | 信息 - 任务=1，信息=开始运行
03.22 09:40:58.194 | 信息 - 任务=1，信息=结束运行
03.23 09:48:35.860 | 信息 - 正常退出
03.23 09:48:43.865 | 信息 - 没有选择子进程，将会在本进程运行脚本。
03.23 09:48:43.865 | 信息 - 任务=1，信息=开始编译
03.23 09:48:43.865 | 信息 - 任务=1，信息=结束编译
03.23 09:48:43.865 | 信息 - 任务=1，信息=开始运行
03.23 09:48:43.870 | 信息 - 任务=1，信息=结束运行
03.23 14:56:14.027 | 信息 - 正常退出
03.24 13:27:28.749 | 信息 - 没有选择子进程，将会在本进程运行脚本。
03.24 13:27:28.749 | 信息 - 任务=1，信息=开始编译
03.24 13:27:28.750 | 信息 - 任务=1，信息=结束编译
03.24 13:27:28.750 | 信息 - 任务=1，信息=开始运行
03.24 13:27:28.755 | 信息 - 任务=1，信息=结束运行
03.27 09:05:10.648 | 信息 - 没有选择子进程，将会在本进程运行脚本。
03.27 09:05:10.649 | 信息 - 任务=1，信息=开始编译
03.27 09:05:10.649 | 信息 - 任务=1，信息=结束编译
03.27 09:05:10.649 | 信息 - 任务=1，信息=开始运行
03.27 09:05:10.653 | 信息 - 任务=1，信息=结束运行
03.27 09:16:53.858 | 信息 - 正常退出
03.27 09:17:00.871 | 信息 - 没有选择子进程，将会在本进程运行脚本。
03.27 09:17:00.871 | 信息 - 任务=1，信息=开始编译
03.27 09:17:00.871 | 信息 - 任务=1，信息=结束编译
03.27 09:17:00.871 | 信息 - 任务=1，信息=开始运行
03.27 09:17:00.875 | 信息 - 任务=1，信息=结束运行
03.27 09:18:20.688 | 信息 - 正常退出
03.27 09:21:55.366 | 信息 - 没有选择子进程，将会在本进程运行脚本。
03.27 09:21:55.366 | 信息 - 任务=1，信息=开始编译
03.27 09:21:55.366 | 信息 - 任务=1，信息=结束编译
03.27 09:21:55.366 | 信息 - 任务=1，信息=开始运行
03.27 09:21:55.371 | 信息 - 任务=1，信息=结束运行
03.28 09:40:48.162 | 信息 - 正常退出
03.28 09:41:07.143 | 信息 - 没有选择子进程，将会在本进程运行脚本。
03.28 09:41:07.143 | 信息 - 任务=1，信息=开始编译
03.28 09:41:07.143 | 信息 - 任务=1，信息=结束编译
03.28 09:41:07.143 | 信息 - 任务=1，信息=开始运行
03.28 09:41:07.148 | 信息 - 任务=1，信息=结束运行
03.29 09:25:56.858 | 信息 - 没有选择子进程，将会在本进程运行脚本。
03.29 09:25:56.858 | 信息 - 任务=1，信息=开始编译
03.29 09:25:56.859 | 信息 - 任务=1，信息=结束编译
03.29 09:25:56.859 | 信息 - 任务=1，信息=开始运行
03.29 09:25:56.863 | 信息 - 任务=1，信息=结束运行
03.29 21:31:59.289 | 信息 - 正常退出
03.30 09:23:25.126 | 信息 - 没有选择子进程，将会在本进程运行脚本。
03.30 09:23:25.126 | 信息 - 任务=1，信息=开始编译
03.30 09:23:25.126 | 信息 - 任务=1，信息=结束编译
03.30 09:23:25.126 | 信息 - 任务=1，信息=开始运行
03.30 09:23:25.131 | 信息 - 任务=1，信息=结束运行
03.30 09:33:20.253 | 信息 - 正常退出
03.30 09:33:30.410 | 信息 - 没有选择子进程，将会在本进程运行脚本。
03.30 09:33:30.410 | 信息 - 任务=1，信息=开始编译
03.30 09:33:30.410 | 信息 - 任务=1，信息=结束编译
03.30 09:33:30.410 | 信息 - 任务=1，信息=开始运行
03.30 09:33:30.415 | 信息 - 任务=1，信息=结束运行
03.31 13:09:41.003 | 信息 - 正常退出
03.31 13:43:56.187 | 信息 - 没有选择子进程，将会在本进程运行脚本。
03.31 13:43:56.187 | 信息 - 任务=1，信息=开始编译
03.31 13:43:56.187 | 信息 - 任务=1，信息=结束编译
03.31 13:43:56.187 | 信息 - 任务=1，信息=开始运行
03.31 13:43:56.192 | 信息 - 任务=1，信息=结束运行
04.05 09:43:02.393 | 信息 - 没有选择子进程，将会在本进程运行脚本。
04.05 09:43:02.393 | 信息 - 任务=1，信息=开始编译
04.05 09:43:02.393 | 信息 - 任务=1，信息=结束编译
04.05 09:43:02.393 | 信息 - 任务=1，信息=开始运行
04.05 09:43:02.397 | 信息 - 任务=1，信息=结束运行
04.05 22:00:00.883 | 信息 - 正常退出
04.06 09:23:44.287 | 信息 - 没有选择子进程，将会在本进程运行脚本。
04.06 09:23:44.287 | 信息 - 任务=1，信息=开始编译
04.06 09:23:44.287 | 信息 - 任务=1，信息=结束编译
04.06 09:23:44.287 | 信息 - 任务=1，信息=开始运行
04.06 09:23:44.291 | 信息 - 任务=1，信息=结束运行
04.06 09:24:13.096 | 信息 - 正常退出
04.06 09:25:28.364 | 信息 - 没有选择子进程，将会在本进程运行脚本。
04.06 09:25:28.364 | 信息 - 任务=1，信息=开始编译
04.06 09:25:28.365 | 信息 - 任务=1，信息=结束编译
04.06 09:25:28.365 | 信息 - 任务=1，信息=开始运行
04.06 09:25:28.369 | 信息 - 任务=1，信息=结束运行
04.06 15:01:55.695 | 信息 - 正常退出
04.07 09:37:15.344 | 信息 - 没有选择子进程，将会在本进程运行脚本。
04.07 09:37:15.344 | 信息 - 任务=1，信息=开始编译
04.07 09:37:15.344 | 信息 - 任务=1，信息=结束编译
04.07 09:37:15.344 | 信息 - 任务=1，信息=开始运行
04.07 09:37:15.349 | 信息 - 任务=1，信息=结束运行
04.07 10:29:26.639 | 信息 - 正常退出
04.09 20:06:10.130 | 信息 - 没有选择子进程，将会在本进程运行脚本。
04.09 20:06:10.130 | 信息 - 任务=1，信息=开始编译
04.09 20:06:10.131 | 信息 - 任务=1，信息=结束编译
04.09 20:06:10.131 | 信息 - 任务=1，信息=开始运行
04.09 20:06:10.136 | 信息 - 任务=1，信息=结束运行
04.09 20:06:15.100 | 信息 - 正常退出
04.10 09:23:42.969 | 信息 - 没有选择子进程，将会在本进程运行脚本。
04.10 09:23:42.969 | 信息 - 任务=1，信息=开始编译
04.10 09:23:42.969 | 信息 - 任务=1，信息=结束编译
04.10 09:23:42.969 | 信息 - 任务=1，信息=开始运行
04.10 09:23:42.974 | 信息 - 任务=1，信息=结束运行
04.10 09:24:30.515 | 信息 - 正常退出
04.10 09:31:27.452 | 信息 - 没有选择子进程，将会在本进程运行脚本。
04.10 09:31:27.452 | 信息 - 任务=1，信息=开始编译
04.10 09:31:27.453 | 信息 - 任务=1，信息=结束编译
04.10 09:31:27.453 | 信息 - 任务=1，信息=开始运行
04.10 09:31:27.457 | 信息 - 任务=1，信息=结束运行
04.10 10:10:33.093 | 信息 - 正常退出
04.11 09:29:08.223 | 信息 - 没有选择子进程，将会在本进程运行脚本。
04.11 09:29:08.223 | 信息 - 任务=1，信息=开始编译
04.11 09:29:08.224 | 信息 - 任务=1，信息=结束编译
04.11 09:29:08.224 | 信息 - 任务=1，信息=开始运行
04.11 09:29:08.229 | 信息 - 任务=1，信息=结束运行
04.12 09:28:50.974 | 信息 - 正常退出
04.12 09:39:23.038 | 信息 - 没有选择子进程，将会在本进程运行脚本。
04.12 09:39:23.038 | 信息 - 任务=1，信息=开始编译
04.12 09:39:23.039 | 信息 - 任务=1，信息=结束编译
04.12 09:39:23.039 | 信息 - 任务=1，信息=开始运行
04.12 09:39:23.043 | 信息 - 任务=1，信息=结束运行
04.12 16:46:38.902 | 信息 - 正常退出
04.13 09:29:36.943 | 信息 - 没有选择子进程，将会在本进程运行脚本。
04.13 09:29:36.943 | 信息 - 任务=1，信息=开始编译
04.13 09:29:36.944 | 信息 - 任务=1，信息=结束编译
04.13 09:29:36.944 | 信息 - 任务=1，信息=开始运行
04.13 09:29:36.949 | 信息 - 任务=1，信息=结束运行
04.13 19:34:44.419 | 信息 - 正常退出
04.14 09:16:47.346 | 信息 - 没有选择子进程，将会在本进程运行脚本。
04.14 09:16:47.346 | 信息 - 任务=1，信息=开始编译
04.14 09:16:47.346 | 信息 - 任务=1，信息=结束编译
04.14 09:16:47.346 | 信息 - 任务=1，信息=开始运行
04.14 09:16:47.351 | 信息 - 任务=1，信息=结束运行
04.14 13:51:06.143 | 信息 - ------ 开始编译 ------
04.14 13:51:06.144 | 信息 - ------ 开始编译 ------
04.14 13:51:06.145 | 信息 - ------ 编译成功 ------
04.14 13:51:06.145 | 信息 - Linked 'cyzs'
04.14 13:51:06.146 | 信息 - ------ 编译成功 ------
04.14 13:51:34.100 | 信息 - ------ 开始编译 ------
04.14 13:51:34.100 | 信息 - No change
04.14 13:51:34.100 | 信息 - ------ 开始编译 ------
04.14 13:51:34.100 | 信息 - [C:\dzh365\cfg\script\116\cyzs.ds] No change
04.14 13:51:34.101 | 信息 - ------ 编译成功 ------
04.14 13:51:34.101 | 信息 - Linked 'cyzs'
04.14 13:51:34.101 | 信息 - ------ 编译成功 ------
05.19 09:11:41.113 | 信息 - 没有选择子进程，将会在本进程运行脚本。
05.19 09:11:41.113 | 信息 - 任务=1，信息=开始编译
05.19 09:11:41.114 | 信息 - 任务=1，信息=结束编译
05.19 09:11:41.114 | 信息 - 任务=1，信息=开始运行
05.19 09:11:41.119 | 信息 - 任务=1，信息=结束运行
05.19 09:15:35.060 | 信息 - 正常退出
05.19 09:15:42.457 | 信息 - 没有选择子进程，将会在本进程运行脚本。
05.19 09:15:42.457 | 信息 - 任务=1，信息=开始编译
05.19 09:15:42.457 | 信息 - 任务=1，信息=结束编译
05.19 09:15:42.457 | 信息 - 任务=1，信息=开始运行
05.19 09:15:42.462 | 信息 - 任务=1，信息=结束运行
05.22 09:09:20.483 | 信息 - 没有选择子进程，将会在本进程运行脚本。
05.22 09:09:20.483 | 信息 - 任务=1，信息=开始编译
05.22 09:09:20.483 | 信息 - 任务=1，信息=结束编译
05.22 09:09:20.483 | 信息 - 任务=1，信息=开始运行
05.22 09:09:20.488 | 信息 - 任务=1，信息=结束运行
05.22 09:16:32.132 | 信息 - 正常退出
05.22 09:16:59.972 | 信息 - 没有选择子进程，将会在本进程运行脚本。
05.22 09:16:59.972 | 信息 - 任务=1，信息=开始编译
05.22 09:16:59.972 | 信息 - 任务=1，信息=结束编译
05.22 09:16:59.972 | 信息 - 任务=1，信息=开始运行
05.22 09:16:59.976 | 信息 - 任务=1，信息=结束运行
05.22 21:12:02.171 | 信息 - 正常退出
05.23 09:24:22.928 | 信息 - 没有选择子进程，将会在本进程运行脚本。
05.23 09:24:22.928 | 信息 - 任务=1，信息=开始编译
05.23 09:24:22.929 | 信息 - 任务=1，信息=结束编译
05.23 09:24:22.929 | 信息 - 任务=1，信息=开始运行
05.23 09:24:22.933 | 信息 - 任务=1，信息=结束运行
05.23 09:24:40.443 | 信息 - 正常退出
05.23 09:24:41.727 | 信息 - 没有选择子进程，将会在本进程运行脚本。
05.23 09:24:41.727 | 信息 - 任务=1，信息=开始编译
05.23 09:24:41.727 | 信息 - 任务=1，信息=结束编译
05.23 09:24:41.727 | 信息 - 任务=1，信息=开始运行
05.23 09:24:41.731 | 信息 - 任务=1，信息=结束运行
05.23 09:24:56.618 | 信息 - 正常退出
05.23 09:24:58.877 | 信息 - 没有选择子进程，将会在本进程运行脚本。
05.23 09:24:58.878 | 信息 - 任务=1，信息=开始编译
05.23 09:24:58.878 | 信息 - 任务=1，信息=结束编译
05.23 09:24:58.878 | 信息 - 任务=1，信息=开始运行
05.23 09:24:58.882 | 信息 - 任务=1，信息=结束运行
05.23 09:25:09.022 | 信息 - 正常退出
05.23 09:25:10.376 | 信息 - 没有选择子进程，将会在本进程运行脚本。
05.23 09:25:10.376 | 信息 - 任务=1，信息=开始编译
05.23 09:25:10.377 | 信息 - 任务=1，信息=结束编译
05.23 09:25:10.377 | 信息 - 任务=1，信息=开始运行
05.23 09:25:10.381 | 信息 - 任务=1，信息=结束运行
05.23 10:05:01.001 | 信息 - ------ 开始编译 ------
05.23 10:05:01.002 | 信息 - ------ 编译成功 ------
05.23 10:05:04.192 | 信息 - ------ 开始编译 ------
05.23 10:05:04.193 | 信息 - ------ 开始编译 ------
05.23 10:05:04.193 | 信息 - ------ 开始编译 ------
05.23 10:05:04.193 | 信息 - No change
05.23 10:05:04.193 | 信息 - No change
05.23 10:05:04.193 | 信息 - No change
05.23 10:05:04.193 | 信息 - ------ 编译成功 ------
05.23 10:05:04.193 | 信息 - ------ 编译成功 ------
05.23 10:05:04.194 | 信息 - ------ 编译成功 ------
05.23 21:12:49.759 | 信息 - 正常退出
05.24 09:40:28.548 | 信息 - 没有选择子进程，将会在本进程运行脚本。
05.24 09:40:28.548 | 信息 - 任务=1，信息=开始编译
05.24 09:40:28.549 | 信息 - 任务=1，信息=结束编译
05.24 09:40:28.549 | 信息 - 任务=1，信息=开始运行
05.24 09:40:28.554 | 信息 - 任务=1，信息=结束运行
05.25 09:14:54.550 | 信息 - 正常退出
05.25 09:23:12.622 | 信息 - 没有选择子进程，将会在本进程运行脚本。
05.25 09:23:12.622 | 信息 - 任务=1，信息=开始编译
05.25 09:23:12.623 | 信息 - 任务=1，信息=结束编译
05.25 09:23:12.623 | 信息 - 任务=1，信息=开始运行
05.25 09:23:12.627 | 信息 - 任务=1，信息=结束运行
05.25 09:23:26.852 | 信息 - 正常退出
05.25 09:23:36.532 | 信息 - 没有选择子进程，将会在本进程运行脚本。
05.25 09:23:36.532 | 信息 - 任务=1，信息=开始编译
05.25 09:23:36.532 | 信息 - 任务=1，信息=结束编译
05.25 09:23:36.532 | 信息 - 任务=1，信息=开始运行
05.25 09:23:36.537 | 信息 - 任务=1，信息=结束运行
05.25 09:24:06.887 | 信息 - 正常退出
05.25 09:24:26.125 | 信息 - 没有选择子进程，将会在本进程运行脚本。
05.25 09:24:26.125 | 信息 - 任务=1，信息=开始编译
05.25 09:24:26.126 | 信息 - 任务=1，信息=结束编译
05.25 09:24:26.126 | 信息 - 任务=1，信息=开始运行
05.25 09:24:26.131 | 信息 - 任务=1，信息=结束运行
05.25 09:24:49.318 | 信息 - ------ 开始编译 ------
05.25 09:24:49.318 | 信息 - ------ 开始编译 ------
05.25 09:24:49.320 | 信息 - ------ 编译成功 ------
05.25 09:24:49.322 | 信息 - Linked 'cyzs'
05.25 09:24:49.322 | 信息 - ------ 编译成功 ------
05.25 09:30:58.056 | 信息 - 正常退出
05.25 09:31:03.477 | 信息 - 没有选择子进程，将会在本进程运行脚本。
05.25 09:31:03.477 | 信息 - 任务=1，信息=开始编译
05.25 09:31:03.477 | 信息 - 任务=1，信息=结束编译
05.25 09:31:03.477 | 信息 - 任务=1，信息=开始运行
05.25 09:31:03.483 | 信息 - 任务=1，信息=结束运行
05.26 09:14:19.777 | 信息 - 正常退出
05.26 09:14:51.838 | 信息 - 没有选择子进程，将会在本进程运行脚本。
05.26 09:14:51.838 | 信息 - 任务=1，信息=开始编译
05.26 09:14:51.838 | 信息 - 任务=1，信息=结束编译
05.26 09:14:51.838 | 信息 - 任务=1，信息=开始运行
05.26 09:14:51.842 | 信息 - 任务=1，信息=结束运行
05.26 09:16:45.699 | 信息 - 正常退出
05.26 09:16:54.303 | 信息 - 没有选择子进程，将会在本进程运行脚本。
05.26 09:16:54.303 | 信息 - 任务=1，信息=开始编译
05.26 09:16:54.303 | 信息 - 任务=1，信息=结束编译
05.26 09:16:54.303 | 信息 - 任务=1，信息=开始运行
05.26 09:16:54.308 | 信息 - 任务=1，信息=结束运行
05.26 15:01:20.869 | 信息 - 正常退出
05.31 09:25:43.879 | 信息 - 没有选择子进程，将会在本进程运行脚本。
05.31 09:25:43.879 | 信息 - 任务=1，信息=开始编译
05.31 09:25:43.879 | 信息 - 任务=1，信息=结束编译
05.31 09:25:43.879 | 信息 - 任务=1，信息=开始运行
05.31 09:25:43.885 | 信息 - 任务=1，信息=结束运行
06.01 09:23:52.355 | 信息 - 正常退出
06.01 09:24:00.787 | 信息 - 没有选择子进程，将会在本进程运行脚本。
06.01 09:24:00.787 | 信息 - 任务=1，信息=开始编译
06.01 09:24:00.788 | 信息 - 任务=1，信息=结束编译
06.01 09:24:00.788 | 信息 - 任务=1，信息=开始运行
06.01 09:24:00.792 | 信息 - 任务=1，信息=结束运行
06.02 09:12:36.882 | 信息 - 正常退出
06.02 09:22:49.726 | 信息 - 没有选择子进程，将会在本进程运行脚本。
06.02 09:22:49.727 | 信息 - 任务=1，信息=开始编译
06.02 09:22:49.727 | 信息 - 任务=1，信息=结束编译
06.02 09:22:49.727 | 信息 - 任务=1，信息=开始运行
06.02 09:22:49.731 | 信息 - 任务=1，信息=结束运行
06.02 09:23:06.538 | 信息 - 正常退出
06.02 09:23:08.070 | 信息 - 没有选择子进程，将会在本进程运行脚本。
06.02 09:23:08.070 | 信息 - 任务=1，信息=开始编译
06.02 09:23:08.071 | 信息 - 任务=1，信息=结束编译
06.02 09:23:08.071 | 信息 - 任务=1，信息=开始运行
06.02 09:23:08.075 | 信息 - 任务=1，信息=结束运行
06.02 09:23:18.419 | 信息 - 正常退出
06.02 09:23:22.859 | 信息 - 没有选择子进程，将会在本进程运行脚本。
06.02 09:23:22.859 | 信息 - 任务=1，信息=开始编译
06.02 09:23:22.859 | 信息 - 任务=1，信息=结束编译
06.02 09:23:22.859 | 信息 - 任务=1，信息=开始运行
06.02 09:23:22.864 | 信息 - 任务=1，信息=结束运行
06.02 09:23:40.742 | 信息 - 正常退出
06.02 09:23:42.751 | 信息 - 没有选择子进程，将会在本进程运行脚本。
06.02 09:23:42.752 | 信息 - 任务=1，信息=开始编译
06.02 09:23:42.752 | 信息 - 任务=1，信息=结束编译
06.02 09:23:42.752 | 信息 - 任务=1，信息=开始运行
06.02 09:23:42.756 | 信息 - 任务=1，信息=结束运行
06.02 09:23:53.849 | 信息 - 正常退出
06.02 09:24:47.597 | 信息 - 没有选择子进程，将会在本进程运行脚本。
06.02 09:24:47.597 | 信息 - 任务=1，信息=开始编译
06.02 09:24:47.598 | 信息 - 任务=1，信息=结束编译
06.02 09:24:47.598 | 信息 - 任务=1，信息=开始运行
06.02 09:24:47.603 | 信息 - 任务=1，信息=结束运行
06.02 09:25:17.027 | 信息 - 正常退出
06.02 09:25:42.836 | 信息 - 没有选择子进程，将会在本进程运行脚本。
06.02 09:25:42.836 | 信息 - 任务=1，信息=开始编译
06.02 09:25:42.837 | 信息 - 任务=1，信息=结束编译
06.02 09:25:42.837 | 信息 - 任务=1，信息=开始运行
06.02 09:25:42.841 | 信息 - 任务=1，信息=结束运行
06.03 13:45:34.453 | 信息 - 正常退出
06.05 09:22:11.876 | 信息 - 没有选择子进程，将会在本进程运行脚本。
06.05 09:22:11.876 | 信息 - 任务=1，信息=开始编译
06.05 09:22:11.877 | 信息 - 任务=1，信息=结束编译
06.05 09:22:11.877 | 信息 - 任务=1，信息=开始运行
06.05 09:22:11.881 | 信息 - 任务=1，信息=结束运行
06.05 09:22:30.710 | 信息 - 正常退出
06.05 09:22:37.911 | 信息 - 没有选择子进程，将会在本进程运行脚本。
06.05 09:22:37.911 | 信息 - 任务=1，信息=开始编译
06.05 09:22:37.911 | 信息 - 任务=1，信息=结束编译
06.05 09:22:37.911 | 信息 - 任务=1，信息=开始运行
06.05 09:22:37.925 | 信息 - 任务=1，信息=结束运行
06.05 09:23:14.605 | 信息 - 正常退出
06.05 09:24:45.439 | 信息 - 没有选择子进程，将会在本进程运行脚本。
06.05 09:24:45.439 | 信息 - 任务=1，信息=开始编译
06.05 09:24:45.440 | 信息 - 任务=1，信息=结束编译
06.05 09:24:45.440 | 信息 - 任务=1，信息=开始运行
06.05 09:24:45.444 | 信息 - 任务=1，信息=结束运行
06.05 09:25:01.720 | 信息 - 正常退出
06.05 09:25:36.109 | 信息 - 没有选择子进程，将会在本进程运行脚本。
06.05 09:25:36.109 | 信息 - 任务=1，信息=开始编译
06.05 09:25:36.110 | 信息 - 任务=1，信息=结束编译
06.05 09:25:36.110 | 信息 - 任务=1，信息=开始运行
06.05 09:25:36.114 | 信息 - 任务=1，信息=结束运行
06.05 09:37:17.401 | 信息 - ------ 开始编译 ------
06.05 09:37:17.401 | 信息 - ------ 开始编译 ------
06.05 09:37:17.403 | 信息 - ------ 编译成功 ------
06.05 09:37:17.403 | 信息 - Linked 'cyzs'
06.05 09:37:17.403 | 信息 - ------ 编译成功 ------
06.05 21:07:44.298 | 信息 - 正常退出
06.06 09:24:42.913 | 信息 - 没有选择子进程，将会在本进程运行脚本。
06.06 09:24:42.913 | 信息 - 任务=1，信息=开始编译
06.06 09:24:42.914 | 信息 - 任务=1，信息=结束编译
06.06 09:24:42.914 | 信息 - 任务=1，信息=开始运行
06.06 09:24:42.918 | 信息 - 任务=1，信息=结束运行
06.06 14:06:23.420 | 信息 - ------ 开始编译 ------
06.06 14:06:23.420 | 信息 - ------ 开始编译 ------
06.06 14:06:23.421 | 信息 - ------ 编译成功 ------
06.06 14:06:23.421 | 信息 - Linked 'cyzs'
06.06 14:06:23.421 | 信息 - ------ 编译成功 ------
06.07 09:08:58.198 | 信息 - 正常退出
06.07 09:21:39.891 | 信息 - 没有选择子进程，将会在本进程运行脚本。
06.07 09:21:39.891 | 信息 - 任务=1，信息=开始编译
06.07 09:21:39.891 | 信息 - 任务=1，信息=结束编译
06.07 09:21:39.891 | 信息 - 任务=1，信息=开始运行
06.07 09:21:39.895 | 信息 - 任务=1，信息=结束运行
06.08 09:23:17.285 | 信息 - 正常退出
06.08 09:23:37.147 | 信息 - 没有选择子进程，将会在本进程运行脚本。
06.08 09:23:37.147 | 信息 - 任务=1，信息=开始编译
06.08 09:23:37.148 | 信息 - 任务=1，信息=结束编译
06.08 09:23:37.148 | 信息 - 任务=1，信息=开始运行
06.08 09:23:37.152 | 信息 - 任务=1，信息=结束运行
06.08 09:24:38.487 | 信息 - 正常退出
06.08 09:24:50.531 | 信息 - 没有选择子进程，将会在本进程运行脚本。
06.08 09:24:50.532 | 信息 - 任务=1，信息=开始编译
06.08 09:24:50.532 | 信息 - 任务=1，信息=结束编译
06.08 09:24:50.532 | 信息 - 任务=1，信息=开始运行
06.08 09:24:50.537 | 信息 - 任务=1，信息=结束运行
06.08 09:25:06.948 | 信息 - 正常退出
06.08 09:25:09.036 | 信息 - 没有选择子进程，将会在本进程运行脚本。
06.08 09:25:09.036 | 信息 - 任务=1，信息=开始编译
06.08 09:25:09.036 | 信息 - 任务=1，信息=结束编译
06.08 09:25:09.036 | 信息 - 任务=1，信息=开始运行
06.08 09:25:09.040 | 信息 - 任务=1，信息=结束运行
06.08 09:25:23.808 | 信息 - 正常退出
06.08 09:26:28.278 | 信息 - 没有选择子进程，将会在本进程运行脚本。
06.08 09:26:28.278 | 信息 - 任务=1，信息=开始编译
06.08 09:26:28.280 | 信息 - 任务=1，信息=结束编译
06.08 09:26:28.280 | 信息 - 任务=1，信息=开始运行
06.08 09:26:28.284 | 信息 - 任务=1，信息=结束运行
06.09 09:28:55.309 | 信息 - 正常退出
06.09 09:29:02.563 | 信息 - 没有选择子进程，将会在本进程运行脚本。
06.09 09:29:02.563 | 信息 - 任务=1，信息=开始编译
06.09 09:29:02.564 | 信息 - 任务=1，信息=结束编译
06.09 09:29:02.564 | 信息 - 任务=1，信息=开始运行
06.09 09:29:02.568 | 信息 - 任务=1，信息=结束运行
06.12 09:11:17.187 | 信息 - 正常退出
06.12 09:19:27.047 | 信息 - 没有选择子进程，将会在本进程运行脚本。
06.12 09:19:27.047 | 信息 - 任务=1，信息=开始编译
06.12 09:19:27.048 | 信息 - 任务=1，信息=结束编译
06.12 09:19:27.048 | 信息 - 任务=1，信息=开始运行
06.12 09:19:27.053 | 信息 - 任务=1，信息=结束运行
06.13 09:26:20.079 | 信息 - 正常退出
06.13 09:26:34.702 | 信息 - 没有选择子进程，将会在本进程运行脚本。
06.13 09:26:34.702 | 信息 - 任务=1，信息=开始编译
06.13 09:26:34.702 | 信息 - 任务=1，信息=结束编译
06.13 09:26:34.702 | 信息 - 任务=1，信息=开始运行
06.13 09:26:34.706 | 信息 - 任务=1，信息=结束运行
06.13 13:36:52.666 | 信息 - 正常退出
06.13 13:37:03.373 | 信息 - 没有选择子进程，将会在本进程运行脚本。
06.13 13:37:03.373 | 信息 - 任务=1，信息=开始编译
06.13 13:37:03.373 | 信息 - 任务=1，信息=结束编译
06.13 13:37:03.373 | 信息 - 任务=1，信息=开始运行
06.13 13:37:03.381 | 信息 - 任务=1，信息=结束运行
06.14 09:07:25.067 | 信息 - 正常退出
06.14 09:07:31.214 | 信息 - 没有选择子进程，将会在本进程运行脚本。
06.14 09:07:31.215 | 信息 - 任务=1，信息=开始编译
06.14 09:07:31.215 | 信息 - 任务=1，信息=结束编译
06.14 09:07:31.215 | 信息 - 任务=1，信息=开始运行
06.14 09:07:31.221 | 信息 - 任务=1，信息=结束运行
06.14 09:25:01.146 | 信息 - 正常退出
06.14 09:25:05.421 | 信息 - 没有选择子进程，将会在本进程运行脚本。
06.14 09:25:05.421 | 信息 - 任务=1，信息=开始编译
06.14 09:25:05.422 | 信息 - 任务=1，信息=结束编译
06.14 09:25:05.422 | 信息 - 任务=1，信息=开始运行
06.14 09:25:05.426 | 信息 - 任务=1，信息=结束运行
06.14 21:55:02.263 | 信息 - 正常退出
06.15 09:15:07.909 | 信息 - 没有选择子进程，将会在本进程运行脚本。
06.15 09:15:07.909 | 信息 - 任务=1，信息=开始编译
06.15 09:15:07.910 | 信息 - 任务=1，信息=结束编译
06.15 09:15:07.910 | 信息 - 任务=1，信息=开始运行
06.15 09:15:07.915 | 信息 - 任务=1，信息=结束运行
06.16 09:11:10.864 | 信息 - 正常退出
06.16 09:23:49.499 | 信息 - 没有选择子进程，将会在本进程运行脚本。
06.16 09:23:49.500 | 信息 - 任务=1，信息=开始编译
06.16 09:23:49.500 | 信息 - 任务=1，信息=结束编译
06.16 09:23:49.500 | 信息 - 任务=1，信息=开始运行
06.16 09:23:49.504 | 信息 - 任务=1，信息=结束运行
06.16 09:24:46.946 | 信息 - 正常退出
06.16 09:24:49.294 | 信息 - 没有选择子进程，将会在本进程运行脚本。
06.16 09:24:49.294 | 信息 - 任务=1，信息=开始编译
06.16 09:24:49.295 | 信息 - 任务=1，信息=结束编译
06.16 09:24:49.295 | 信息 - 任务=1，信息=开始运行
06.16 09:24:49.300 | 信息 - 任务=1，信息=结束运行
06.16 09:26:32.342 | 信息 - 正常退出
06.16 09:26:35.508 | 信息 - 没有选择子进程，将会在本进程运行脚本。
06.16 09:26:35.508 | 信息 - 任务=1，信息=开始编译
06.16 09:26:35.509 | 信息 - 任务=1，信息=结束编译
06.16 09:26:35.509 | 信息 - 任务=1，信息=开始运行
06.16 09:26:35.516 | 信息 - 任务=1，信息=结束运行
06.18 20:11:46.128 | 信息 - 正常退出
06.19 09:19:51.031 | 信息 - 没有选择子进程，将会在本进程运行脚本。
06.19 09:19:51.031 | 信息 - 任务=1，信息=开始编译
06.19 09:19:51.032 | 信息 - 任务=1，信息=结束编译
06.19 09:19:51.032 | 信息 - 任务=1，信息=开始运行
06.19 09:19:51.037 | 信息 - 任务=1，信息=结束运行
06.20 09:20:30.640 | 信息 - 正常退出
06.20 09:20:34.732 | 信息 - 没有选择子进程，将会在本进程运行脚本。
06.20 09:20:34.732 | 信息 - 任务=1，信息=开始编译
06.20 09:20:34.732 | 信息 - 任务=1，信息=结束编译
06.20 09:20:34.732 | 信息 - 任务=1，信息=开始运行
06.20 09:20:34.737 | 信息 - 任务=1，信息=结束运行
06.21 09:16:09.077 | 信息 - 正常退出
06.21 09:16:14.115 | 信息 - 没有选择子进程，将会在本进程运行脚本。
06.21 09:16:14.115 | 信息 - 任务=1，信息=开始编译
06.21 09:16:14.116 | 信息 - 任务=1，信息=结束编译
06.21 09:16:14.116 | 信息 - 任务=1，信息=开始运行
06.21 09:16:14.120 | 信息 - 任务=1，信息=结束运行
06.21 09:16:54.915 | 信息 - 正常退出
06.21 09:17:01.930 | 信息 - 没有选择子进程，将会在本进程运行脚本。
06.21 09:17:01.930 | 信息 - 任务=1，信息=开始编译
06.21 09:17:01.931 | 信息 - 任务=1，信息=结束编译
06.21 09:17:01.931 | 信息 - 任务=1，信息=开始运行
06.21 09:17:01.936 | 信息 - 任务=1，信息=结束运行
06.21 09:50:10.869 | 信息 - ------ 开始编译 ------
06.21 09:50:10.870 | 信息 - ------ 开始编译 ------
06.21 09:50:10.870 | 信息 - ------ 编译成功 ------
06.21 09:50:10.871 | 信息 - Linked 'cyzs'
06.21 09:50:10.871 | 信息 - ------ 编译成功 ------
06.21 13:51:03.499 | 信息 - ------ 开始编译 ------
06.21 13:51:03.499 | 信息 - No change
06.21 13:51:03.499 | 信息 - ------ 开始编译 ------
06.21 13:51:03.499 | 信息 - [C:\dzh365\cfg\script\116\cyzs.ds] No change
06.21 13:51:03.500 | 信息 - ------ 编译成功 ------
06.21 13:51:03.500 | 信息 - Linked 'cyzs'
06.21 13:51:03.500 | 信息 - ------ 编译成功 ------
06.22 09:17:36.569 | 信息 - 正常退出
06.22 09:17:42.093 | 信息 - 没有选择子进程，将会在本进程运行脚本。
06.22 09:17:42.094 | 信息 - 任务=1，信息=开始编译
06.22 09:17:42.094 | 信息 - 任务=1，信息=结束编译
06.22 09:17:42.094 | 信息 - 任务=1，信息=开始运行
06.22 09:17:42.098 | 信息 - 任务=1，信息=结束运行
06.22 21:30:50.336 | 信息 - 正常退出
06.23 09:25:44.877 | 信息 - 没有选择子进程，将会在本进程运行脚本。
06.23 09:25:44.877 | 信息 - 任务=1，信息=开始编译
06.23 09:25:44.878 | 信息 - 任务=1，信息=结束编译
06.23 09:25:44.878 | 信息 - 任务=1，信息=开始运行
06.23 09:25:44.883 | 信息 - 任务=1，信息=结束运行
06.23 21:20:05.675 | 信息 - 正常退出
06.27 09:14:58.537 | 信息 - 没有选择子进程，将会在本进程运行脚本。
06.27 09:14:58.537 | 信息 - 任务=1，信息=开始编译
06.27 09:14:58.537 | 信息 - 任务=1，信息=结束编译
06.27 09:14:58.537 | 信息 - 任务=1，信息=开始运行
06.27 09:14:58.543 | 信息 - 任务=1，信息=结束运行
06.27 09:42:27.880 | 信息 - 正常退出
06.27 09:42:31.987 | 信息 - 没有选择子进程，将会在本进程运行脚本。
06.27 09:42:31.987 | 信息 - 任务=1，信息=开始编译
06.27 09:42:31.988 | 信息 - 任务=1，信息=结束编译
06.27 09:42:31.988 | 信息 - 任务=1，信息=开始运行
06.27 09:42:31.994 | 信息 - 任务=1，信息=结束运行
06.29 09:31:11.592 | 信息 - 没有选择子进程，将会在本进程运行脚本。
06.29 09:31:11.592 | 信息 - 任务=1，信息=开始编译
06.29 09:31:11.594 | 信息 - 任务=1，信息=结束编译
06.29 09:31:11.594 | 信息 - 任务=1，信息=开始运行
06.29 09:31:11.600 | 信息 - 任务=1，信息=结束运行
06.30 09:26:11.258 | 信息 - 没有选择子进程，将会在本进程运行脚本。
06.30 09:26:11.259 | 信息 - 任务=1，信息=开始编译
06.30 09:26:11.262 | 信息 - 任务=1，信息=结束编译
06.30 09:26:11.262 | 信息 - 任务=1，信息=开始运行
06.30 09:26:11.268 | 信息 - 任务=1，信息=结束运行
07.03 09:29:02.748 | 信息 - 没有选择子进程，将会在本进程运行脚本。
07.03 09:29:02.748 | 信息 - 任务=1，信息=开始编译
07.03 09:29:02.749 | 信息 - 任务=1，信息=结束编译
07.03 09:29:02.749 | 信息 - 任务=1，信息=开始运行
07.03 09:29:02.756 | 信息 - 任务=1，信息=结束运行
07.04 09:19:21.575 | 信息 - 没有选择子进程，将会在本进程运行脚本。
07.04 09:19:21.575 | 信息 - 任务=1，信息=开始编译
07.04 09:19:21.576 | 信息 - 任务=1，信息=结束编译
07.04 09:19:21.576 | 信息 - 任务=1，信息=开始运行
07.04 09:19:21.580 | 信息 - 任务=1，信息=结束运行
07.06 09:26:16.147 | 信息 - 没有选择子进程，将会在本进程运行脚本。
07.06 09:26:16.147 | 信息 - 任务=1，信息=开始编译
07.06 09:26:16.147 | 信息 - 任务=1，信息=结束编译
07.06 09:26:16.148 | 信息 - 任务=1，信息=开始运行
07.06 09:26:16.151 | 信息 - 任务=1，信息=结束运行
07.07 09:27:14.496 | 信息 - 没有选择子进程，将会在本进程运行脚本。
07.07 09:27:14.496 | 信息 - 任务=1，信息=开始编译
07.07 09:27:14.496 | 信息 - 任务=1，信息=结束编译
07.07 09:27:14.496 | 信息 - 任务=1，信息=开始运行
07.07 09:27:14.501 | 信息 - 任务=1，信息=结束运行
07.10 09:27:20.152 | 信息 - 没有选择子进程，将会在本进程运行脚本。
07.10 09:27:20.152 | 信息 - 任务=1，信息=开始编译
07.10 09:27:20.152 | 信息 - 任务=1，信息=结束编译
07.10 09:27:20.152 | 信息 - 任务=1，信息=开始运行
07.10 09:27:20.157 | 信息 - 任务=1，信息=结束运行
07.19 09:30:41.859 | 信息 - 没有选择子进程，将会在本进程运行脚本。
07.19 09:30:41.859 | 信息 - 任务=1，信息=开始编译
07.19 09:30:41.860 | 信息 - 任务=1，信息=结束编译
07.19 09:30:41.860 | 信息 - 任务=1，信息=开始运行
07.19 09:30:41.865 | 信息 - 任务=1，信息=结束运行
07.21 09:30:15.452 | 信息 - 没有选择子进程，将会在本进程运行脚本。
07.21 09:30:15.452 | 信息 - 任务=1，信息=开始编译
07.21 09:30:15.452 | 信息 - 任务=1，信息=结束编译
07.21 09:30:15.452 | 信息 - 任务=1，信息=开始运行
07.21 09:30:15.457 | 信息 - 任务=1，信息=结束运行
07.24 10:18:00.084 | 信息 - 没有选择子进程，将会在本进程运行脚本。
07.24 10:18:00.084 | 信息 - 任务=1，信息=开始编译
07.24 10:18:00.084 | 信息 - 任务=1，信息=结束编译
07.24 10:18:00.084 | 信息 - 任务=1，信息=开始运行
07.24 10:18:00.089 | 信息 - 任务=1，信息=结束运行
07.25 09:27:45.696 | 信息 - 没有选择子进程，将会在本进程运行脚本。
07.25 09:27:45.696 | 信息 - 任务=1，信息=开始编译
07.25 09:27:45.696 | 信息 - 任务=1，信息=结束编译
07.25 09:27:45.696 | 信息 - 任务=1，信息=开始运行
07.25 09:27:45.701 | 信息 - 任务=1，信息=结束运行
07.25 15:01:49.548 | 信息 - 正常退出
07.26 09:31:27.228 | 信息 - 没有选择子进程，将会在本进程运行脚本。
07.26 09:31:27.228 | 信息 - 任务=1，信息=开始编译
07.26 09:31:27.229 | 信息 - 任务=1，信息=结束编译
07.26 09:31:27.229 | 信息 - 任务=1，信息=开始运行
07.26 09:31:27.233 | 信息 - 任务=1，信息=结束运行
07.27 09:30:04.937 | 信息 - 没有选择子进程，将会在本进程运行脚本。
07.27 09:30:04.937 | 信息 - 任务=1，信息=开始编译
07.27 09:30:04.938 | 信息 - 任务=1，信息=结束编译
07.27 09:30:04.938 | 信息 - 任务=1，信息=开始运行
07.27 09:30:04.943 | 信息 - 任务=1，信息=结束运行
07.27 21:43:57.382 | 信息 - 正常退出
07.28 09:15:00.376 | 信息 - 没有选择子进程，将会在本进程运行脚本。
07.28 09:15:00.376 | 信息 - 任务=1，信息=开始编译
07.28 09:15:00.377 | 信息 - 任务=1，信息=结束编译
07.28 09:15:00.377 | 信息 - 任务=1，信息=开始运行
07.28 09:15:00.381 | 信息 - 任务=1，信息=结束运行
07.28 09:15:42.677 | 信息 - 正常退出
07.28 09:15:43.945 | 信息 - 没有选择子进程，将会在本进程运行脚本。
07.28 09:15:43.946 | 信息 - 任务=1，信息=开始编译
07.28 09:15:43.946 | 信息 - 任务=1，信息=结束编译
07.28 09:15:43.946 | 信息 - 任务=1，信息=开始运行
07.28 09:15:43.949 | 信息 - 任务=1，信息=结束运行
08.01 09:27:12.427 | 信息 - 没有选择子进程，将会在本进程运行脚本。
08.01 09:27:12.428 | 信息 - 任务=1，信息=开始编译
08.01 09:27:12.428 | 信息 - 任务=1，信息=结束编译
08.01 09:27:12.428 | 信息 - 任务=1，信息=开始运行
08.01 09:27:12.433 | 信息 - 任务=1，信息=结束运行
08.01 21:30:09.399 | 信息 - 正常退出
08.02 09:27:20.158 | 信息 - 没有选择子进程，将会在本进程运行脚本。
08.02 09:27:20.158 | 信息 - 任务=1，信息=开始编译
08.02 09:27:20.158 | 信息 - 任务=1，信息=结束编译
08.02 09:27:20.159 | 信息 - 任务=1，信息=开始运行
08.02 09:27:20.163 | 信息 - 任务=1，信息=结束运行
08.03 09:45:46.785 | 信息 - 正常退出
08.03 09:46:00.395 | 信息 - 没有选择子进程，将会在本进程运行脚本。
08.03 09:46:00.395 | 信息 - 任务=1，信息=开始编译
08.03 09:46:00.396 | 信息 - 任务=1，信息=结束编译
08.03 09:46:00.396 | 信息 - 任务=1，信息=开始运行
08.03 09:46:00.401 | 信息 - 任务=1，信息=结束运行
08.04 09:32:29.458 | 信息 - 正常退出
08.04 09:32:43.744 | 信息 - 没有选择子进程，将会在本进程运行脚本。
08.04 09:32:43.744 | 信息 - 任务=1，信息=开始编译
08.04 09:32:43.744 | 信息 - 任务=1，信息=结束编译
08.04 09:32:43.744 | 信息 - 任务=1，信息=开始运行
08.04 09:32:43.749 | 信息 - 任务=1，信息=结束运行
08.05 19:06:46.735 | 信息 - 正常退出
08.07 09:21:42.925 | 信息 - 没有选择子进程，将会在本进程运行脚本。
08.07 09:21:42.926 | 信息 - 任务=1，信息=开始编译
08.07 09:21:42.930 | 信息 - 任务=1，信息=结束编译
08.07 09:21:42.930 | 信息 - 任务=1，信息=开始运行
08.07 09:21:42.935 | 信息 - 任务=1，信息=结束运行
08.07 09:21:59.657 | 信息 - 正常退出
08.07 09:22:02.762 | 信息 - 没有选择子进程，将会在本进程运行脚本。
08.07 09:22:02.762 | 信息 - 任务=1，信息=开始编译
08.07 09:22:02.762 | 信息 - 任务=1，信息=结束编译
08.07 09:22:02.762 | 信息 - 任务=1，信息=开始运行
08.07 09:22:02.767 | 信息 - 任务=1，信息=结束运行
08.07 09:22:37.277 | 信息 - 正常退出
08.07 09:22:40.286 | 信息 - 没有选择子进程，将会在本进程运行脚本。
08.07 09:22:40.286 | 信息 - 任务=1，信息=开始编译
08.07 09:22:40.286 | 信息 - 任务=1，信息=结束编译
08.07 09:22:40.286 | 信息 - 任务=1，信息=开始运行
08.07 09:22:40.292 | 信息 - 任务=1，信息=结束运行
08.07 09:29:35.981 | 信息 - 正常退出
08.07 09:29:48.687 | 信息 - 没有选择子进程，将会在本进程运行脚本。
08.07 09:29:48.687 | 信息 - 任务=1，信息=开始编译
08.07 09:29:48.687 | 信息 - 任务=1，信息=结束编译
08.07 09:29:48.687 | 信息 - 任务=1，信息=开始运行
08.07 09:29:48.693 | 信息 - 任务=1，信息=结束运行
08.09 09:28:47.145 | 信息 - 正常退出
08.09 09:28:49.570 | 信息 - 没有选择子进程，将会在本进程运行脚本。
08.09 09:28:49.570 | 信息 - 任务=1，信息=开始编译
08.09 09:28:49.570 | 信息 - 任务=1，信息=结束编译
08.09 09:28:49.570 | 信息 - 任务=1，信息=开始运行
08.09 09:28:49.574 | 信息 - 任务=1，信息=结束运行
08.09 14:57:40.466 | 信息 - 正常退出
08.10 13:47:19.726 | 信息 - 没有选择子进程，将会在本进程运行脚本。
08.10 13:47:19.726 | 信息 - 任务=1，信息=开始编译
08.10 13:47:19.726 | 信息 - 任务=1，信息=结束编译
08.10 13:47:19.727 | 信息 - 任务=1，信息=开始运行
08.10 13:47:19.731 | 信息 - 任务=1，信息=结束运行
08.11 13:02:29.112 | 信息 - 正常退出
08.11 13:03:04.694 | 信息 - 没有选择子进程，将会在本进程运行脚本。
08.11 13:03:04.694 | 信息 - 任务=1，信息=开始编译
08.11 13:03:04.694 | 信息 - 任务=1，信息=结束编译
08.11 13:03:04.694 | 信息 - 任务=1，信息=开始运行
08.11 13:03:04.698 | 信息 - 任务=1，信息=结束运行
08.11 13:39:56.672 | 信息 - ------ 开始编译 ------
08.11 13:39:56.672 | 信息 - ------ 开始编译 ------
08.11 13:39:56.673 | 信息 - ------ 编译成功 ------
08.11 13:39:56.673 | 信息 - Linked 'cyzs'
08.11 13:39:56.673 | 信息 - ------ 编译成功 ------
08.11 14:32:48.750 | 信息 - ------ 开始编译 ------
08.11 14:32:48.750 | 信息 - No change
08.11 14:32:48.750 | 信息 - ------ 开始编译 ------
08.11 14:32:48.750 | 信息 - [C:\dzh365\cfg\script\116\cyzs.ds] No change
08.11 14:32:48.750 | 信息 - ------ 编译成功 ------
08.11 14:32:48.750 | 信息 - Linked 'cyzs'
08.11 14:32:48.750 | 信息 - ------ 编译成功 ------
08.11 14:50:38.120 | 信息 - 正常退出
08.14 09:38:05.951 | 信息 - 没有选择子进程，将会在本进程运行脚本。
08.14 09:38:05.951 | 信息 - 任务=1，信息=开始编译
08.14 09:38:05.952 | 信息 - 任务=1，信息=结束编译
08.14 09:38:05.952 | 信息 - 任务=1，信息=开始运行
08.14 09:38:05.958 | 信息 - 任务=1，信息=结束运行
08.15 09:21:03.595 | 信息 - 正常退出
08.15 09:21:07.714 | 信息 - 没有选择子进程，将会在本进程运行脚本。
08.15 09:21:07.714 | 信息 - 任务=1，信息=开始编译
08.15 09:21:07.715 | 信息 - 任务=1，信息=结束编译
08.15 09:21:07.715 | 信息 - 任务=1，信息=开始运行
08.15 09:21:07.719 | 信息 - 任务=1，信息=结束运行
08.15 09:23:30.350 | 信息 - 正常退出
08.15 09:33:37.682 | 信息 - 没有选择子进程，将会在本进程运行脚本。
08.15 09:33:37.682 | 信息 - 任务=1，信息=开始编译
08.15 09:33:37.682 | 信息 - 任务=1，信息=结束编译
08.15 09:33:37.682 | 信息 - 任务=1，信息=开始运行
08.15 09:33:37.687 | 信息 - 任务=1，信息=结束运行
08.16 09:27:03.479 | 信息 - 没有选择子进程，将会在本进程运行脚本。
08.16 09:27:03.479 | 信息 - 任务=1，信息=开始编译
08.16 09:27:03.479 | 信息 - 任务=1，信息=结束编译
08.16 09:27:03.479 | 信息 - 任务=1，信息=开始运行
08.16 09:27:03.486 | 信息 - 任务=1，信息=结束运行
08.16 20:18:45.157 | 信息 - 正常退出
08.17 09:38:19.972 | 信息 - 没有选择子进程，将会在本进程运行脚本。
08.17 09:38:19.972 | 信息 - 任务=1，信息=开始编译
08.17 09:38:19.972 | 信息 - 任务=1，信息=结束编译
08.17 09:38:19.972 | 信息 - 任务=1，信息=开始运行
08.17 09:38:19.979 | 信息 - 任务=1，信息=结束运行
08.18 09:27:00.350 | 信息 - 正常退出
08.18 09:27:07.809 | 信息 - 没有选择子进程，将会在本进程运行脚本。
08.18 09:27:07.809 | 信息 - 任务=1，信息=开始编译
08.18 09:27:07.809 | 信息 - 任务=1，信息=结束编译
08.18 09:27:07.809 | 信息 - 任务=1，信息=开始运行
08.18 09:27:07.821 | 信息 - 任务=1，信息=结束运行
08.21 09:27:36.644 | 信息 - 没有选择子进程，将会在本进程运行脚本。
08.21 09:27:36.644 | 信息 - 任务=1，信息=开始编译
08.21 09:27:36.645 | 信息 - 任务=1，信息=结束编译
08.21 09:27:36.645 | 信息 - 任务=1，信息=开始运行
08.21 09:27:36.650 | 信息 - 任务=1，信息=结束运行
08.22 09:21:10.439 | 信息 - 没有选择子进程，将会在本进程运行脚本。
08.22 09:21:10.440 | 信息 - 任务=1，信息=开始编译
08.22 09:21:10.440 | 信息 - 任务=1，信息=结束编译
08.22 09:21:10.440 | 信息 - 任务=1，信息=开始运行
08.22 09:21:10.447 | 信息 - 任务=1，信息=结束运行
08.22 09:30:20.093 | 信息 - 正常退出
08.22 09:30:25.104 | 信息 - 没有选择子进程，将会在本进程运行脚本。
08.22 09:30:25.104 | 信息 - 任务=1，信息=开始编译
08.22 09:30:25.104 | 信息 - 任务=1，信息=结束编译
08.22 09:30:25.104 | 信息 - 任务=1，信息=开始运行
08.22 09:30:25.110 | 信息 - 任务=1，信息=结束运行
08.23 09:29:13.457 | 信息 - 没有选择子进程，将会在本进程运行脚本。
08.23 09:29:13.457 | 信息 - 任务=1，信息=开始编译
08.23 09:29:13.458 | 信息 - 任务=1，信息=结束编译
08.23 09:29:13.458 | 信息 - 任务=1，信息=开始运行
08.23 09:29:13.462 | 信息 - 任务=1，信息=结束运行
08.23 21:16:47.001 | 信息 - 正常退出
08.24 09:56:32.412 | 信息 - 没有选择子进程，将会在本进程运行脚本。
08.24 09:56:32.412 | 信息 - 任务=1，信息=开始编译
08.24 09:56:32.413 | 信息 - 任务=1，信息=结束编译
08.24 09:56:32.413 | 信息 - 任务=1，信息=开始运行
08.24 09:56:32.417 | 信息 - 任务=1，信息=结束运行
08.25 09:37:45.635 | 信息 - 没有选择子进程，将会在本进程运行脚本。
08.25 09:37:45.635 | 信息 - 任务=1，信息=开始编译
08.25 09:37:45.636 | 信息 - 任务=1，信息=结束编译
08.25 09:37:45.636 | 信息 - 任务=1，信息=开始运行
08.25 09:37:45.640 | 信息 - 任务=1，信息=结束运行
08.26 08:05:38.379 | 信息 - 正常退出
08.28 09:32:13.946 | 信息 - 没有选择子进程，将会在本进程运行脚本。
08.28 09:32:13.946 | 信息 - 任务=1，信息=开始编译
08.28 09:32:13.946 | 信息 - 任务=1，信息=结束编译
08.28 09:32:13.946 | 信息 - 任务=1，信息=开始运行
08.28 09:32:13.950 | 信息 - 任务=1，信息=结束运行
08.28 16:32:03.543 | 信息 - 正常退出
08.28 20:02:31.602 | 信息 - 没有选择子进程，将会在本进程运行脚本。
08.28 20:02:31.602 | 信息 - 任务=1，信息=开始编译
08.28 20:02:31.603 | 信息 - 任务=1，信息=结束编译
08.28 20:02:31.603 | 信息 - 任务=1，信息=开始运行
08.28 20:02:31.608 | 信息 - 任务=1，信息=结束运行
08.28 20:03:59.227 | 信息 - 正常退出
08.28 20:04:56.745 | 信息 - 没有选择子进程，将会在本进程运行脚本。
08.28 20:04:56.745 | 信息 - 任务=1，信息=开始编译
08.28 20:04:56.745 | 信息 - 任务=1，信息=结束编译
08.28 20:04:56.745 | 信息 - 任务=1，信息=开始运行
08.28 20:04:56.750 | 信息 - 任务=1，信息=结束运行
08.28 21:11:54.156 | 信息 - ------ 开始编译 ------
08.28 21:11:54.157 | 信息 - ------ 开始编译 ------
08.28 21:11:54.159 | 信息 - ------ 编译成功 ------
08.28 21:11:54.159 | 信息 - Linked 'FundRecentlyBrowse'
08.28 21:11:54.159 | 信息 - ------ 编译成功 ------
08.28 21:47:29.789 | 信息 - ------ 开始编译 ------
08.28 21:47:29.789 | 信息 - No change
08.28 21:47:29.789 | 信息 - ------ 开始编译 ------
08.28 21:47:29.789 | 信息 - [C:\dzh365\cfg\script\116\FundRecentlyBrowse.ds] No change
08.28 21:47:29.789 | 信息 - ------ 编译成功 ------
08.28 21:47:29.789 | 信息 - Linked 'FundRecentlyBrowse'
08.28 21:47:29.789 | 信息 - ------ 编译成功 ------
08.28 21:53:03.385 | 信息 - 正常退出
08.28 21:53:11.442 | 信息 - 没有选择子进程，将会在本进程运行脚本。
08.28 21:53:11.442 | 信息 - 任务=1，信息=开始编译
08.28 21:53:11.442 | 信息 - 任务=1，信息=结束编译
08.28 21:53:11.442 | 信息 - 任务=1，信息=开始运行
08.28 21:53:11.458 | 信息 - 任务=1，信息=结束运行
08.28 21:55:05.216 | 信息 - 正常退出
08.29 10:55:49.907 | 信息 - 没有选择子进程，将会在本进程运行脚本。
08.29 10:55:49.907 | 信息 - 任务=1，信息=开始编译
08.29 10:55:49.907 | 信息 - 任务=1，信息=结束编译
08.29 10:55:49.907 | 信息 - 任务=1，信息=开始运行
08.29 10:55:49.908 | 信息 - 任务=1，信息=结束运行
08.29 10:57:58.238 | 信息 - 正常退出
08.29 10:58:01.928 | 信息 - 没有选择子进程，将会在本进程运行脚本。
08.29 10:58:01.928 | 信息 - 任务=1，信息=开始编译
08.29 10:58:01.928 | 信息 - 任务=1，信息=结束编译
08.29 10:58:01.928 | 信息 - 任务=1，信息=开始运行
08.29 10:58:01.930 | 信息 - 任务=1，信息=结束运行
08.29 10:58:32.642 | 信息 - 正常退出
08.29 10:59:43.210 | 信息 - 没有选择子进程，将会在本进程运行脚本。
08.29 10:59:43.210 | 信息 - 任务=1，信息=开始编译
08.29 10:59:43.211 | 信息 - 任务=1，信息=结束编译
08.29 10:59:43.211 | 信息 - 任务=1，信息=开始运行
08.29 10:59:43.213 | 信息 - 任务=1，信息=结束运行
08.29 11:05:02.543 | 信息 - 正常退出
