2016-06-12 14:45:43 INFO 5244 in DataFileCache::init: datafile cache start
2016-06-12 14:45:44 INFO 6108 in DataFileCache::init: datafile cache start
2016-06-12 14:47:26 ERROR 7112 in CDataUnitCache::AsyncGetUniDataBase: nt::GetData() failed. seq：-1
2016-06-12 14:47:30 ERROR 7112 in CDataUnitCache::AsyncGetUniDataBase: nt::GetData() failed. seq：-1
2016-06-12 14:47:34 ERROR 7112 in CDataUnitCache::AsyncGetUniDataBase: nt::GetData() failed. seq：-1
2016-06-12 14:47:48 INFO 7024 in DataFileCache::init: datafile cache start
2016-06-12 14:47:48 INFO 7064 in DataFileCache::init: datafile cache start
2016-06-12 14:48:05 INFO 7064 in ConvertRawData2Info: PMD news at begin exe: count=5 
2016-06-12 14:48:05 INFO 7064 in ConvertRawData2Info: PMD news at begin exe: id=5599594591, Serial=0, title=山西两大煤电集团正式合并, text=, Orgin=界面 

2016-06-12 14:48:05 INFO 7064 in ConvertRawData2Info: 
2016-06-12 14:48:05 INFO 7064 in ConvertRawData2Info: PMD news at begin exe: id=5599594451, Serial=0, title=2016年06月08日深市主板A股龙虎榜, text=, Orgin=深交所 

2016-06-12 14:48:05 INFO 7064 in ConvertRawData2Info: 
2016-06-12 14:48:05 INFO 7064 in ConvertRawData2Info: PMD news at begin exe: id=5599511080, Serial=0, title=李彦宏：人工智能是推动互联网发展的核心动力, text=, Orgin=中国证券网 

2016-06-12 14:48:05 INFO 7064 in ConvertRawData2Info: 
2016-06-12 14:48:05 INFO 7064 in ConvertRawData2Info: PMD news at begin exe: id=5599520162, Serial=0, title=沪股通今净流入2.43亿 连续18天共211亿外资抄底, text=, Orgin=网易财经 

2016-06-12 14:48:05 INFO 7064 in ConvertRawData2Info: 
2016-06-12 14:48:05 INFO 7064 in ConvertRawData2Info: PMD news at begin exe: id=428619184, Serial=0, title=文化传媒行业周报:万达叫板迪士尼,地产占优IP未满, text=, Orgin=腾讯网 

2016-06-12 14:48:05 INFO 7064 in ConvertRawData2Info: 
2016-06-12 14:49:11 INFO 7064 in CPushInfo::OnReceivedPushData: Round news: id=428645021, Serial=533, title=新三板企业的纠结：理财还是投入研发？, text=, Orgin=搜狐财经
2016-06-12 14:49:11 INFO 7064 in CPushInfo::OnReceivedPushData: 000000000001000000030007, 0000000000010000000B, 00030000000Z, 
2016-06-12 14:51:31 INFO 7064 in CPushInfo::OnReceivedPushData: Round news: id=428640712, Serial=534, title=并购中小股东利益的保护：新三板是否需要增加“强制要约收购”？, text=, Orgin=新三板智库
2016-06-12 14:51:31 INFO 7064 in CPushInfo::OnReceivedPushData: 00000000000100000003000107sl, 0000000000010000000300061tlU, 00021Gxe, 00030000000Z, 
2016-06-12 14:52:31 INFO 7064 in CPushInfo::OnReceivedPushData: Round news: id=428670679, Serial=535, title=南昌纺织服装企业转型突围, text=, Orgin=中国纱线网
2016-06-12 14:52:31 INFO 7064 in CPushInfo::OnReceivedPushData: 00000000000100000003000621x2, 
2016-06-12 14:53:31 INFO 7064 in CPushInfo::OnReceivedPushData: Round news: id=428667920, Serial=536, title=纺织业“寒冬”？科技突破唤回“春天”, text=, Orgin=中国纱线网
2016-06-12 14:53:31 INFO 7064 in CPushInfo::OnReceivedPushData: 0000000000010000000300062REV, 0000000000020008, 000000030001, 000000050001000A00000000, 000000050009000A, 00000005000G000C00000002, 0001, 000100TT00U0, 000100TY00Uj, 000209pm, 00020lCQ, 00030000000Z, 
2016-06-12 14:54:21 INFO 7064 in CPushInfo::OnReceivedPushData: Round news: id=428672176, Serial=537, title=A股超级周：MSCI纳A结果将揭晓 万科复牌, text=, Orgin=搜狐网
2016-06-12 14:54:21 INFO 7064 in CPushInfo::OnReceivedPushData: 000000000001000000030001000Q, 00000000000100000003000100F8, 0002000I, 0002009P, 
2016-06-12 14:54:41 INFO 7064 in CPushInfo::OnReceivedPushData: Round news: id=428672173, Serial=538, title=A股入MSCI谜底即将揭晓 证监会表态“顺其自然”, text=, Orgin=证券时报网
2016-06-12 14:54:41 INFO 7064 in CPushInfo::OnReceivedPushData: 0000000000010000000B, 
2016-06-12 14:56:02 INFO 7064 in CPushInfo::OnReceivedPushData: Round news: id=428671963, Serial=539, title=2015年上海证券市场股票交易额位居全球第二, text=, Orgin=搜狐网
2016-06-12 14:56:02 INFO 7064 in CPushInfo::OnReceivedPushData: 000000000001000000030001009G, 0002007a, 00030000000Z, 
2016-06-12 14:57:11 INFO 7064 in CPushInfo::OnReceivedPushData: Round news: id=428671123, Serial=540, title=质价双优填补市场空白 变频洗衣机回归消费引领, text=, Orgin=家电网
2016-06-12 14:57:11 INFO 7064 in CPushInfo::OnReceivedPushData: 0000000000010000000300061u3D, 0000000000010000000300061yIF, 0000000000010000000300062OYP, 000100TT00UL00Y9, 
2016-06-12 14:57:41 INFO 7064 in CPushInfo::OnReceivedPushData: Round news: id=428666728, Serial=541, title=澳柯玛入选国家能效“领跑者”产品目录, text=, Orgin=中国家电网
2016-06-12 14:57:41 INFO 7064 in CPushInfo::OnReceivedPushData: 000000000001000000030001004o, 000100TT00UL00Y9, 0002000H, 0002004Q, 00020I42, 00020lYR, 
2016-06-12 14:58:11 INFO 7064 in CPushInfo::OnReceivedPushData: Round news: id=428669274, Serial=542, title=上海迪士尼下周正式开园 天星资本所投企业众联能创提供接驳巴士驱动系统, text=, Orgin=搜狐财经
2016-06-12 14:58:11 INFO 7064 in CPushInfo::OnReceivedPushData: 0000000000010000000300062Jhp, 0000000000010000000300062JNT, 0002EgGu, 0002EygD, 00030000000Z, 
2016-06-12 14:58:41 INFO 7064 in CPushInfo::OnReceivedPushData: Round news: id=428672440, Serial=543, title=震荡市的小山坡, text=, Orgin=搜狐网
2016-06-12 14:58:41 INFO 7064 in CPushInfo::OnReceivedPushData: 0000000000010000000B, 000000050007000100010004, 000203Rl, 00020EdS, 00030000000Z, 
2016-06-12 14:58:41 INFO 7064 in CPushInfo::OnReceivedPushData: Round news: id=428672532, Serial=544, title=海通策略：震荡市中的小山坡 一类股可成中线底仓, text=, Orgin=搜狐网
2016-06-12 14:58:41 INFO 7064 in CPushInfo::OnReceivedPushData: 0000000000010000000B, 000000050001001M00010000, 000000050001001N00040000, 00030000000Z, 
2016-06-12 14:58:51 INFO 7064 in CPushInfo::OnReceivedPushData: Round news: id=428668347, Serial=545, title=天津手提袋包装盒印刷公司仍具强大市场商机, text=, Orgin=中华印刷包装网
2016-06-12 14:58:51 INFO 7064 in CPushInfo::OnReceivedPushData: 000000000001000000030001260D, 0000000000020008, 000000030001, 000000050001000U00010000, 000000050001001K00010002, 0001, 000100TT00U6, 00030000000Z, 
2016-06-12 14:59:11 INFO 7064 in CPushInfo::OnReceivedPushData: Round news: id=428668346, Serial=546, title=我国标签印刷行业产值正在高速增长, text=, Orgin=中华印刷包装网
2016-06-12 14:59:11 INFO 7064 in CPushInfo::OnReceivedPushData: 000000000001000000030003045g, 0000000000020008, 000000030001, 000000050001000U00010000, 000000050001001K00010002, 0001, 000100TT00U6, 
2016-06-12 14:59:11 INFO 7064 in CPushInfo::OnReceivedPushData: Round news: id=428672282, Serial=547, title=英国脱离欧盟或致欧洲股市价格下跌25%, text=, Orgin=金投网
2016-06-12 14:59:11 INFO 7064 in CPushInfo::OnReceivedPushData: 0000000000010000000B, 
2016-06-12 14:59:41 INFO 7064 in CPushInfo::OnReceivedPushData: Round news: id=428671054, Serial=548, title=分层公布后，却有13家准创新层企业集体出逃, text=, Orgin=搜狐财经
2016-06-12 14:59:41 INFO 7064 in CPushInfo::OnReceivedPushData: 000000000001000000030001000Q, 00000000000100000003000102uc, 00000000000100000003000115i4, 0000000000010000000300061t36, 00000000000100000003000621HB, 000000000001000000030006234a, 0000000000010000000300062Lke, 0002000I, 000200jp, 00020s5J, 
2016-06-12 14:59:42 INFO 7064 in CPushInfo::OnReceivedPushData: Round news: id=428672145, Serial=549, title=给蓝海中的纸张经销商的建议, text=, Orgin=中国纸业网
2016-06-12 14:59:42 INFO 7064 in CPushInfo::OnReceivedPushData: 0000000000010000000300062IYy, 000100TT, 000100TT00U5, 
2016-06-12 15:00:12 INFO 7064 in CPushInfo::OnReceivedPushData: Round news: id=428662104, Serial=550, title=站上风口 印刷业也能飞起来, text=, Orgin=中国纸业网
2016-06-12 15:00:12 INFO 7064 in CPushInfo::OnReceivedPushData: 000000000001000000030003042t, 0000000000020008, 000000030001, 0001, 000100TT, 000100TT00U6, 000200T3, 00030000000Z, 
2016-06-12 15:04:21 INFO 7064 in CPushInfo::OnReceivedPushData: Round news: id=428672386, Serial=553, title=2016新三板文化企业超2015持续增长, text=, Orgin=搜狐财经
2016-06-12 15:04:21 INFO 7064 in CPushInfo::OnReceivedPushData: 000000000001000000030007, 0000000000010000000B, 
2016-06-12 15:05:01 INFO 7064 in CPushInfo::OnReceivedPushData: Round news: id=428672591, Serial=554, title=【陆家嘴论坛】中英合作“去杠杆”, text=, Orgin=财新网
2016-06-12 15:05:01 INFO 7064 in CPushInfo::OnReceivedPushData: 000000000001000000030001009G, 00000000000100000003000100EA, 00000000000100000003000304Ek, 0002007a, 000200yZ, 00020McY, 
2016-06-12 15:05:01 INFO 7064 in CPushInfo::OnReceivedPushData: Round news: id=428672592, Serial=555, title=【陆家嘴论坛】中国金融监管可借鉴英国经验, text=, Orgin=财新网
2016-06-12 15:05:01 INFO 7064 in CPushInfo::OnReceivedPushData: 000000000001000000030001009G, 0002007a, 000200kM, 
2016-06-12 15:05:32 INFO 7064 in CPushInfo::OnReceivedPushData: Round news: id=428672557, Serial=556, title=(深互动)如意集团：目前没有在物流环节进行大规模投资的计划, text=, Orgin=深交所互动易
2016-06-12 15:05:32 INFO 7064 in CPushInfo::OnReceivedPushData: 00000000000100000003000100Ij, 000200FM, 00030000000Z, 
2016-06-12 15:05:52 INFO 7064 in CPushInfo::OnReceivedPushData: Round news: id=428672610, Serial=557, title=(深互动)如意集团：目前没有在2016年中期送转股的计划, text=, Orgin=深交所互动易
2016-06-12 15:05:52 INFO 7064 in CPushInfo::OnReceivedPushData: 00000000000100000003000100Ij, 0000000000030000, 000200FM, 00030000000Z, 
2016-06-12 15:06:11 INFO 7064 in CPushInfo::OnReceivedPushData: Round news: id=428672445, Serial=558, title=智善生活挂牌敲钟 星河控股资本市场初露峥嵘, text=, Orgin=搜狐财经
2016-06-12 15:06:11 INFO 7064 in CPushInfo::OnReceivedPushData: 0000000000010000000300062O0D, 000000000001000000030007, 0000000000010000000B, 0000000000030000, 000000050001001C000000040000, 000000050001001C000100010002, 0002009P, 00020Q9q, 0002F0by, 00030000000Z, 
2016-06-12 15:08:32 INFO 7064 in CPushInfo::OnReceivedPushData: Round news: id=428672781, Serial=560, title=白重恩：不应该用行政手段要求金融去支持实体经济, text=, Orgin=搜狐财经
2016-06-12 15:08:32 INFO 7064 in CPushInfo::OnReceivedPushData: 000000000001000000030001009G, 0002007a, 000203Ki, 00030000000Z, 
2016-06-12 15:10:02 INFO 7064 in CPushInfo::OnReceivedPushData: Round news: id=428672875, Serial=561, title=(深互动)久联发展：控股股东正加紧其旗下民爆资产的规范化，会尽快注入上市公司, text=, Orgin=深交所互动易
2016-06-12 15:10:02 INFO 7064 in CPushInfo::OnReceivedPushData: 00000000000100000003000100Ns, 0000000000030000, 000200Mm, 00030000000Z, 
2016-06-12 15:12:51 INFO 7064 in CPushInfo::OnReceivedPushData: Round news: id=428672968, Serial=563, title=白重恩：不该用行政手段要求金融支持实体经济, text=, Orgin=汇通网
2016-06-12 15:12:51 INFO 7064 in CPushInfo::OnReceivedPushData: 000000000001000000030001009G, 0002007a, 
2016-06-12 15:13:41 INFO 7064 in CPushInfo::OnReceivedPushData: Round news: id=428672929, Serial=564, title=小南国宣布计划收购众美联9.82%股权, text=, Orgin=中国经济网
2016-06-12 15:13:41 INFO 7064 in CPushInfo::OnReceivedPushData: 000000000001000000030003135A, 0002DMLV, 
2016-06-12 15:18:01 INFO 7064 in CPushInfo::OnReceivedPushData: Round news: id=5601304763, Serial=565, title=上海浦东机场疑似发生爆炸 或已致人受伤, text=, Orgin=新浪财经
2016-06-12 15:18:01 INFO 7064 in CPushInfo::OnReceivedPushData: 0000000000010000000B, 0000000000030000, 000000010000, 0000000100010001, 0002DIDr, 00030000000Z, 
2016-06-12 15:19:21 INFO 7064 in CPushInfo::OnReceivedPushData: Round news: id=428672938, Serial=566, title=(深互动)中弘股份：御马坊具体交房时间请跟营销进行确认, text=, Orgin=深交所互动易
2016-06-12 15:19:21 INFO 7064 in CPushInfo::OnReceivedPushData: 00000000000100000003000100Mz, 000200Jh, 00030000000Z, 
2016-06-12 15:20:11 INFO 7064 in CPushInfo::OnReceivedPushData: Round news: id=428673135, Serial=567, title=央行货币政策委员会委员白重恩在2016陆家嘴论坛表示，不该用行政手段要求金融支持实体经济, text=, Orgin=FX168
2016-06-12 15:20:11 INFO 7064 in CPushInfo::OnReceivedPushData: 000000000001000000030001009G, 000000000001000400010000, 00000000000200020000, 0002007a, 
2016-06-12 15:21:01 INFO 7064 in CPushInfo::OnReceivedPushData: Round news: id=428673065, Serial=568, title=(深互动)中弘股份：三亚小洲岛公司开发的项目目前尚未销售, text=, Orgin=深交所互动易
2016-06-12 15:21:01 INFO 7064 in CPushInfo::OnReceivedPushData: 00000000000100000003000100Mz, 0000000000030000, 000200Jh, 
2016-06-12 15:21:40 INFO 7064 in CPushInfo::OnReceivedPushData: Round news: id=428672989, Serial=569, title=市场中性稳健为上 期待结构性行情, text=, Orgin=腾讯网
2016-06-12 15:21:40 INFO 7064 in CPushInfo::OnReceivedPushData: 0000000000010000000B, 00030000000Z, 
2016-06-12 15:21:40 INFO 7064 in CPushInfo::OnReceivedPushData: Round news: id=428673217, Serial=570, title=A股这次能被纳入明晟指数? 证监会官员:不能等太久, text=, Orgin=搜狐网
2016-06-12 15:21:40 INFO 7064 in CPushInfo::OnReceivedPushData: 0000000000010000000B, 0001, 000100Ta00Uo, 00030000000Z, 
2016-06-12 15:22:21 INFO 7064 in CPushInfo::OnReceivedPushData: Round news: id=428672786, Serial=571, title=底部放量意味反转？吃饭行情空间或受限(图表), text=, Orgin=搜狐网
2016-06-12 15:22:21 INFO 7064 in CPushInfo::OnReceivedPushData: 0000000000010000000B, 00030000000Z, 
2016-06-12 15:23:24 INFO 7064 in CPushInfo::OnReceivedPushData: Round news: id=428673222, Serial=572, title=深铁万科合作将不局限于深圳, text=, Orgin=财新网
2016-06-12 15:23:24 INFO 7064 in CPushInfo::OnReceivedPushData: 00000000000100000003000100F8, 0000000000010000000300031s8U, 0000000000030000, 0002009P, 000202v5, 00020FpJ, 0002DL1p, 
2016-06-12 15:24:51 INFO 7064 in CPushInfo::OnReceivedPushData: Round news: id=428672562, Serial=574, title=中国人寿长沙营销员违法承诺投保人免息保单贷款, text=, Orgin=中国经济网
2016-06-12 15:24:51 INFO 7064 in CPushInfo::OnReceivedPushData: 00000000000100000003000100Dx, 00000000000100000003000304DW, 0000000000020000, 0000000000030000, 0002015R, 0002E53O, 00030000000Z, 
2016-06-12 15:27:51 INFO 7064 in CPushInfo::OnReceivedPushData: Round news: id=428673338, Serial=575, title=(深互动)天赐材料：公司目前已生产并销售三元锂电池电解液, text=, Orgin=深交所互动易
2016-06-12 15:27:51 INFO 7064 in CPushInfo::OnReceivedPushData: 0000000000010000000300011inj, 
2016-06-12 15:28:41 INFO 7064 in CPushInfo::OnReceivedPushData: Round news: id=428673341, Serial=576, title=(深互动)天赐材料：公司参股子公司江西艾德磷酸铁锂正极材料项目已经投产, text=, Orgin=深交所互动易
2016-06-12 15:28:41 INFO 7064 in CPushInfo::OnReceivedPushData: 0000000000010000000300011inj, 
2016-06-12 15:31:32 INFO 7064 in CPushInfo::OnReceivedPushData: Round news: id=428673382, Serial=577, title=酒鬼酒推新单品 30亿元目标或只是噱头, text=, Orgin=新浪财经
2016-06-12 15:31:32 INFO 7064 in CPushInfo::OnReceivedPushData: 00000000000100000003000100Kq, 00000000000100000003000100LV, 0000000000010000000300030435, 0000000000030000, 000200HX, 000200IC, 000200TB, 00020FI3, 00020QAu, 000500000003, 
2016-06-12 15:32:42 INFO 7064 in CPushInfo::OnReceivedPushData: Round news: id=428652402, Serial=578, title=“一哥”王亚伟踩雷中科招商 浮亏近90%！, text=, Orgin=微信公众号
2016-06-12 15:32:42 INFO 7064 in CPushInfo::OnReceivedPushData: 000000000001000000030007, 0000000000030000, 
2016-06-12 15:33:11 INFO 7064 in CPushInfo::OnReceivedPushData: Round news: id=428673384, Serial=579, title=珀莱雅筹划A股上市 销售成本居高不下, text=, Orgin=新浪财经
2016-06-12 15:33:11 INFO 7064 in CPushInfo::OnReceivedPushData: 000000000001000000030001004V, 0000000000030000, 00020049, 00020QAu, 0002EcVJ, 00030000000Z, 000500000003, 
2016-06-12 15:35:11 INFO 7064 in CPushInfo::OnReceivedPushData: Round news: id=428661854, Serial=581, title=一汽夏利一汽轿车3天市值蒸发43亿 整体上市再延期, text=, Orgin=澎湃新闻网
2016-06-12 15:35:11 INFO 7064 in CPushInfo::OnReceivedPushData: 00000000000100000003000100Kr, 00000000000100000003000100ML, 000200HY, 000200J3, 000202RB, 0002089F, 00020Eyz, 0002DHOT, 00030000000Z, 
2016-06-12 15:38:41 INFO 7064 in CPushInfo::OnReceivedPushData: Round news: id=5601324555, Serial=582, title=频遭深交所问询 明星IP高估值遭抢存忧, text=, Orgin=中国经营报
2016-06-12 15:38:41 INFO 7064 in CPushInfo::OnReceivedPushData: 00000000000100000003000123eJ, 00000000000100000003000124XJ, 0002DTyk, 0002DUaq, 
2016-06-12 15:40:01 INFO 7064 in CPushInfo::OnReceivedPushData: Round news: id=428673691, Serial=583, title=物流巨人顺丰的真实财务状况 壳公司鼎泰新材还有多少涨停, text=, Orgin=新浪财经
2016-06-12 15:40:01 INFO 7064 in CPushInfo::OnReceivedPushData: 00000000000100000003000103uo, 0000000000030000, 00021IAn, 0002F5ew, 00030000000Z, 000500000003, 
2016-06-12 15:40:51 INFO 7064 in CPushInfo::OnReceivedPushData: Round news: id=428673692, Serial=584, title=互联网金融第一股匹凸匹副总经理侯书军失联, text=, Orgin=新浪财经
2016-06-12 15:40:51 INFO 7064 in CPushInfo::OnReceivedPushData: 000000000001000000030001009n, 0000000000030000, 00020087, 00030000000Z, 000500000003, 
2016-06-12 15:45:51 INFO 7064 in CPushInfo::OnReceivedPushData: Round news: id=428673518, Serial=585, title=(深互动)华东医药：公司有近30个糖尿病药物研发贮备, text=, Orgin=深交所互动易
2016-06-12 15:45:51 INFO 7064 in CPushInfo::OnReceivedPushData: 00000000000100000003000100Ml, 000200JT, 
2016-06-12 15:46:22 INFO 7064 in CPushInfo::OnReceivedPushData: Round news: id=428673638, Serial=586, title=(深互动)华东医药：依鲁替尼产品在获得临床批文后已根据相关要求开始实施临床试验, text=, Orgin=深交所互动易
2016-06-12 15:46:22 INFO 7064 in CPushInfo::OnReceivedPushData: 00000000000100000003000100Ml, 000200JT, 
2016-06-12 15:47:52 INFO 7064 in CPushInfo::OnReceivedPushData: Round news: id=428673726, Serial=589, title=(深互动)三聚环保：公司的悬浮床加氢技术是一项劣质油清洁生产的新工艺技术, text=, Orgin=深交所互动易
2016-06-12 15:47:52 INFO 7064 in CPushInfo::OnReceivedPushData: 00000000000100000003000104Sh, 00020or3, 
2016-06-12 15:48:42 INFO 7064 in CPushInfo::OnReceivedPushData: Round news: id=428673753, Serial=590, title=上海浦东机场发生爆竹燃爆 有人员受轻伤, text=, Orgin=汇通网
2016-06-12 15:48:42 INFO 7064 in CPushInfo::OnReceivedPushData: 0000000000010000000B, 0000000000030000, 000000010000, 000000010001, 00030000000Z, 
2016-06-12 15:48:52 INFO 7064 in CPushInfo::OnReceivedPushData: Round news: id=428673754, Serial=591, title=(深互动)中国宝安：郎家沟石墨矿矿石储量约2000万吨，矿物储量约200万吨, text=, Orgin=深交所互动易
2016-06-12 15:48:52 INFO 7064 in CPushInfo::OnReceivedPushData: 00000000000100000003000100FF, 0000000000010000000300062K2h, 0000000000030000, 0002009W, 00030000000Z, 
2016-06-12 15:49:22 INFO 7064 in CPushInfo::OnReceivedPushData: Round news: id=428673755, Serial=592, title=(深互动)中国宝安：大地和目前尚未与特斯拉有过接触, text=, Orgin=深交所互动易
2016-06-12 15:49:22 INFO 7064 in CPushInfo::OnReceivedPushData: 00000000000100000003000100FF, 00000000000100000003000620NL, 0000000000030000, 0002009W, 00030000000Z, 
2016-06-12 15:50:42 INFO 7064 in CPushInfo::OnReceivedPushData: Round news: id=428674093, Serial=593, title=(深互动)新宙邦：半导体化学品业务生产线所生产的蚀刻液、剥离液等产品能够适用于LCD与OLED不同的显示技术, text=, Orgin=深交所互动易
2016-06-12 15:50:42 INFO 7064 in CPushInfo::OnReceivedPushData: 00000000000100000003000103ox, 00020xMA, 00030000000Z, 
2016-06-12 15:51:11 INFO 7064 in CPushInfo::OnReceivedPushData: Round news: id=428673194, Serial=594, title=浦东机场疑似发生爆炸, text=, Orgin=汇通网
2016-06-12 15:51:11 INFO 7064 in CPushInfo::OnReceivedPushData: 0000000000010000000B, 0000000000030000, 000000010000, 000000010001, 0002DIDr, 00030000000Z, 
2016-06-12 15:51:11 INFO 7064 in CPushInfo::OnReceivedPushData: Round news: id=428674095, Serial=595, title=(深互动)中国宝安：天津磷酸铁锂项目预计6月下旬进行试生产, text=, Orgin=深交所互动易
2016-06-12 15:51:11 INFO 7064 in CPushInfo::OnReceivedPushData: 00000000000100000003000100FF, 0000000000010000000300062K2h, 0000000000030000, 0002009W, 00030000000Z, 
2016-06-12 15:51:12 INFO 7064 in CPushInfo::OnReceivedPushData: Round news: id=5601329181, Serial=596, title=天沃科技评级展望由稳定调整为负面, text=, Orgin=中国货币网
2016-06-12 15:51:12 INFO 7064 in CPushInfo::OnReceivedPushData: 00000000000100000003000107Zk, 0000000000010002000300071rIn, 00000000000100020003000726Gj, 00000000000100020003000A271q, 00000000000100020003000B0hON, 00000000000100020003000B0jFH, 0000000000030000, 00020klZ, 00030000000Z, 
2016-06-12 15:51:21 INFO 7064 in CPushInfo::OnReceivedPushData: Round news: id=428673944, Serial=597, title=大圣取金：6.11（周评）原油沥青上周行情回顾及下周操作布局, text=, Orgin=环球外汇网
2016-06-12 15:51:21 INFO 7064 in CPushInfo::OnReceivedPushData: 0000000000010001000100010001, 00000000000100010001000100010005, 0000000000010001000100010002, 0000000000010001000100010002000B, 000000000001000100010002, 00030000000Z, 
2016-06-12 15:51:31 INFO 7064 in CPushInfo::OnReceivedPushData: Round news: id=428674152, Serial=598, title=(深互动)中国宝安：万鑫公司的石墨烯导电液已小批量供货, text=, Orgin=深交所互动易
2016-06-12 15:51:31 INFO 7064 in CPushInfo::OnReceivedPushData: 00000000000100000003000100FF, 0000000000030000, 0002009W, 00030000000Z, 
2016-06-12 15:53:02 INFO 7064 in CPushInfo::OnReceivedPushData: Round news: id=428674035, Serial=601, title=不良贷款及不良率双升 桂林银行暂停登陆新三板, text=, Orgin=新浪财经
2016-06-12 15:53:02 INFO 7064 in CPushInfo::OnReceivedPushData: 00000000000100000003000103nr, 00000000000100000003000629PH, 0000000000030000, 00020EFd, 00020FTu, 00021DPt, 000500000003, 
2016-06-12 15:57:51 INFO 7064 in CPushInfo::OnReceivedPushData: Round news: id=428674296, Serial=603, title=(深互动)中国宝安：贝特瑞公司尚未与特斯拉建立起直接的合作关系, text=, Orgin=深交所互动易
2016-06-12 15:57:51 INFO 7064 in CPushInfo::OnReceivedPushData: 00000000000100000003000100FF, 0000000000010000000300062K2h, 0002009W, 
2016-06-12 15:58:51 INFO 7064 in CPushInfo::OnReceivedPushData: Round news: id=428672831, Serial=605, title=艺术家用铁钩穿肉 将活人悬挂空中, text=, Orgin=新浪财经
2016-06-12 15:58:51 INFO 7064 in CPushInfo::OnReceivedPushData: 00000000000100000003000100JO, 000000000001000B00000000, 000500000003, 
2016-06-12 15:58:51 INFO 7064 in CPushInfo::OnReceivedPushData: Round news: id=428674297, Serial=606, title=(深互动)中国宝安：古马岭金矿目前设备已调试完毕，6月份将进入正常生产状态, text=, Orgin=深交所互动易
2016-06-12 15:58:51 INFO 7064 in CPushInfo::OnReceivedPushData: 00000000000100000003000100FF, 0000000000030000, 0002009W, 00030000000Z, 
2016-06-12 16:00:31 INFO 7064 in CPushInfo::OnReceivedPushData: Round news: id=5601332458, Serial=607, title=北京兴华会计师事务所关于被证监会立案调查情况的相关说明, text=, Orgin=中国货币网
2016-06-12 16:00:31 INFO 7064 in CPushInfo::OnReceivedPushData: 0000000000010002000300071BWM, 0000000000010002000300071hkk, 0000000000010002000300071nfy, 00000000000100020003000720MD, 00000000000100020003000728Dn, 00000000000100020003000728zC, 0000000000010002000300072Bd4, 0000000000030000, 0002016n, 00020LwV, 00030000000Z, 
2016-06-12 16:09:21 INFO 7064 in CPushInfo::OnReceivedPushData: Round news: id=428674744, Serial=608, title=艺术家登陆百度百科空中美术馆, text=, Orgin=新浪财经
2016-06-12 16:09:21 INFO 7064 in CPushInfo::OnReceivedPushData: 0000000000010000000300062Awx, 000000000001000B00000005, 000500000003, 
2016-06-12 16:10:41 INFO 7064 in CPushInfo::OnReceivedPushData: Round news: id=428674230, Serial=609, title=股权之争即将落定 万科下周将披露重组预案, text=, Orgin=21世纪经济报道
2016-06-12 16:10:41 INFO 7064 in CPushInfo::OnReceivedPushData: 00000000000100000003000100F8, 0002009P, 00020xej, 00030000000Z, 
2016-06-12 16:11:01 INFO 7064 in CPushInfo::OnReceivedPushData: Round news: id=428674621, Serial=610, title=全体大会三：供给侧结构性改革、金融创新与宏观审慎管理体制（实录）, text=, Orgin=财新网
2016-06-12 16:11:01 INFO 7064 in CPushInfo::OnReceivedPushData: 000000000001000000030001009G, 000000000001000000030001009h, 00000000000100000003000100Fy, 00000000000100000003000103fm, 000000000001000000030001260D, 0000000000010000000300062SWA, 00000000000200020000, 0000000100010001, 0002007a, 00020081, 000200AJ, 000203Ki, 00020LQ9, 00030000000Z, 
2016-06-12 16:11:41 INFO 7064 in CPushInfo::OnReceivedPushData: Round news: id=428674690, Serial=611, title=中俄最大陆路口岸前五月出口果蔬破亿美元, text=, Orgin=新浪财经
2016-06-12 16:11:41 INFO 7064 in CPushInfo::OnReceivedPushData: 0000000000010000000300062RfN, 00000000000200020000, 00030000000Z, 
2016-06-12 16:12:02 INFO 7064 in CPushInfo::OnReceivedPushData: Round news: id=428674231, Serial=612, title=中国化工收购瑞士先正达 127亿美元银团贷款完成首层分销, text=, Orgin=第一财经
2016-06-12 16:12:02 INFO 7064 in CPushInfo::OnReceivedPushData: 00000000000100000003000100Dl, 00000000000100000003000100EC, 000000000001000000030003049D, 0000000000030000, 000000050001001P0001, 000000050007000100040002, 00000005000G00050001, 000200xo, 000200zo, 00020Ee0, 00021Vsz, 0002E24L, 00030000000Z, 
2016-06-12 16:14:02 INFO 7064 in CPushInfo::OnReceivedPushData: Round news: id=428674819, Serial=613, title=(深互动)荣安地产：公司在册员工为911人（包括物业公司）, text=, Orgin=深交所互动易
2016-06-12 16:14:02 INFO 7064 in CPushInfo::OnReceivedPushData: 00000000000100000003000100H6, 0000000000030000, 000200Dj, 
2016-06-12 16:17:52 INFO 7064 in CPushInfo::OnReceivedPushData: Round news: id=428668059, Serial=614, title=加多宝外逃董事长现身为企业站台 检方称仍在追逃, text=, Orgin=新浪财经
2016-06-12 16:17:52 INFO 7064 in CPushInfo::OnReceivedPushData: 00000000000100020003000100e3, 0000000000010002000300071mIt, 0000000000010002000300071pWw, 0000000000010002000300071QrR, 0000000000010002000300071Vyt, 00000000000100020003000722OP, 00000000000100020003000723IY, 00000000000100020003000723oR, 0000000000010002000300072Dqi, 0000000000010002000300072EXa, 0000000000010002000300072G2U, 0000000000010002000300072Pag, 00000000000100020003000A03Kp, 00000000000100020003000A04Mh, 00000000000100020003000A0t8g, 00000000000100020003000A1auL, 00000000000100020003000A1n8M, 00000000000100020003000A1qlt, 00000000000100020003000A1y1j, 00000000000100020003000A2DCF, 00000000000100020003000A2Gkl, 00000000000100020003000A2OYa, 00000000000100020003000B2TYK, 00000000000100020003000B2TYL, 0000000000030000, 000000050007000100040002, 000202xl, 00020JM2, 0002E0aJ, 00030000000Z, 000500000003, 
2016-06-12 16:18:11 INFO 7064 in CPushInfo::OnReceivedPushData: Round news: id=428670948, Serial=615, title=消息称Star VC在投公司明星衣橱资金链紧绷恐无人接盘, text=, Orgin=凤凰财经
2016-06-12 16:18:11 INFO 7064 in CPushInfo::OnReceivedPushData: 00000000000100000003000105Uy, 00000000000100000003000109iG, 0000000000020000, 0000000000030000, 000000050001001800040000, 00020lwk, 0002DItc, 0002F8gH, 00030000000Z, 
2016-06-12 16:19:02 INFO 7064 in CPushInfo::OnReceivedPushData: Round news: id=5601340036, Serial=616, title=中国化工收购瑞士先正达127亿美元项目 完成首层分销, text=, Orgin=第一财经
2016-06-12 16:19:02 INFO 7064 in CPushInfo::OnReceivedPushData: 00000000000100000003000100EC, 000000000001000000030003049D, 000200zo, 00020Ee0, 00021Vsz, 00030000000Z, 000300000017, 00030001002n, 
2016-06-12 16:19:22 INFO 7064 in CPushInfo::OnReceivedPushData: Round news: id=5601340019, Serial=618, title=浦东机场安检处2件行李爆炸 2人重伤1人轻伤, text=, Orgin=汇通网
2016-06-12 16:19:22 INFO 7064 in CPushInfo::OnReceivedPushData: 0000000000010000000B, 0000000000030000, 000000010001, 0002DIDr, 00030000000Z, 
2016-06-12 16:19:42 INFO 7064 in CPushInfo::OnReceivedPushData: Round news: id=428675051, Serial=619, title=中材国际签订78.45亿元海外工程合同, text=, Orgin=全景网
2016-06-12 16:19:42 INFO 7064 in CPushInfo::OnReceivedPushData: 00000000000100000003000100DE, 000200Mr, 00020GHp, 00030000000Z, 
2016-06-12 16:22:10 INFO 7064 in CPushInfo::OnReceivedPushData: Round news: id=428673522, Serial=620, title=上海浦东机场T2航站楼发生疑似爆炸, text=, Orgin=央视
2016-06-12 16:22:10 INFO 7064 in CPushInfo::OnReceivedPushData: 0000000000010000000B, 0000000000030000, 000000010000, 000000010001, 0002DIDr, 00030000000Z, 
2016-06-12 16:23:11 INFO 7064 in CPushInfo::OnReceivedPushData: Round news: id=428674825, Serial=621, title=国企改革下一步：周放生称"分红权改革"大有可为, text=, Orgin=第一财经
2016-06-12 16:23:11 INFO 7064 in CPushInfo::OnReceivedPushData: 0000000000010000000300062SWA, 00000000000200020000, 00020B2n, 
2016-06-12 16:24:11 INFO 7064 in CPushInfo::OnReceivedPushData: Round news: id=428674469, Serial=622, title=上海浦东机场发生爆竹燃爆 警方正在进一步调查, text=, Orgin=新华网
2016-06-12 16:24:11 INFO 7064 in CPushInfo::OnReceivedPushData: 0000000000010000000B, 0000000000030000, 000000010000, 000000010001, 0000000100010001, 0002DIDr, 
2016-06-12 16:25:51 INFO 7064 in CPushInfo::OnReceivedPushData: Round news: id=428673929, Serial=623, title=国际油价反弹近90%　5月我国原油进口单价创年内最高, text=, Orgin=新华网
2016-06-12 16:25:51 INFO 7064 in CPushInfo::OnReceivedPushData: 0000000000010000000300062JwL, 000100TY00Uj00ZP, 00030000000Z, 
2016-06-12 16:27:02 INFO 7064 in CPushInfo::OnReceivedPushData: Round news: id=428673759, Serial=625, title=甘肃推出多个惠农金融产品缓解贫困群众信贷难, text=, Orgin=新华网
2016-06-12 16:27:02 INFO 7064 in CPushInfo::OnReceivedPushData: 00000000000100000000, 00000000000200020002, 0001, 000100Ta00Un, 
2016-06-12 16:27:31 INFO 7064 in CPushInfo::OnReceivedPushData: Round news: id=428674927, Serial=626, title=(深互动)铁岭新城：目前国企改革初级阶段尚未涉及公司, text=, Orgin=深交所互动易
2016-06-12 16:27:31 INFO 7064 in CPushInfo::OnReceivedPushData: 00000000000100000003000100Ky, 000200Hf, 00030000000Z, 
2016-06-12 16:28:11 INFO 7064 in CPushInfo::OnReceivedPushData: Round news: id=428675069, Serial=627, title=(深互动)三德科技：公司暂无可用于测定二氧化碳排放量的产品, text=, Orgin=深交所互动易
2016-06-12 16:28:11 INFO 7064 in CPushInfo::OnReceivedPushData: 0000000000010000000300012Sd8, 0000000000030000, 
2016-06-12 16:32:32 INFO 7064 in CPushInfo::OnReceivedPushData: Round news: id=5601344653, Serial=636, title=民生银行唯一副行长邢本秀被董事会解聘 或因个人考核“不理想”, text=, Orgin=第一财经
2016-06-12 16:32:32 INFO 7064 in CPushInfo::OnReceivedPushData: 000000000001000000030001000F, 00000000000100000003000304CN, 0002000D, 
2016-06-12 16:34:41 INFO 7064 in CPushInfo::OnReceivedPushData: Round news: id=428675334, Serial=639, title=保监会副主席陈文辉：跨界并购和新业态对于保险公司战略风险和操作风险增大, text=, Orgin=汇通网
2016-06-12 16:34:41 INFO 7064 in CPushInfo::OnReceivedPushData: 000000000001000000030001009G, 00000000000200020000, 00000003000400000004000A, 0001, 000100Ta00Up, 0002007a, 00030000000Z, 
2016-06-12 16:50:41 INFO 7064 in CPushInfo::OnReceivedPushData: Round news: id=428675141, Serial=646, title=【陆家嘴论坛】白重恩：不应用行政手段要求金融支持实体经济, text=, Orgin=财新网
2016-06-12 16:50:41 INFO 7064 in CPushInfo::OnReceivedPushData: 000000000001000000030001009G, 0002007a, 000203Ki, 00030000000Z, 
2016-06-12 16:51:01 INFO 7064 in CPushInfo::OnReceivedPushData: Round news: id=428675738, Serial=647, title=【陆家嘴论坛】王能：供给侧改革要有效调动市场, text=, Orgin=财新网
2016-06-12 16:51:01 INFO 7064 in CPushInfo::OnReceivedPushData: 000000000001000000030001009G, 0000000000010000000300062SWA, 0002007a, 
2016-06-12 16:51:01 INFO 7064 in CPushInfo::OnReceivedPushData: Round news: id=428675739, Serial=648, title=【陆家嘴论坛】肖林：供给侧改革不只应对经济下行, text=, Orgin=财新网
2016-06-12 16:51:01 INFO 7064 in CPushInfo::OnReceivedPushData: 000000000001000000030001009G, 0002007a, 
2016-06-12 16:51:31 INFO 7064 in CPushInfo::OnReceivedPushData: Round news: id=428675317, Serial=649, title=(深互动)三德科技：公司SDED系列环保除尘系统主要用于煤样制备环节的除尘处理, text=, Orgin=深交所互动易
2016-06-12 16:51:31 INFO 7064 in CPushInfo::OnReceivedPushData: 00000000000100000003000104Sh, 0000000000010000000300012Sd8, 0000000000030000, 00020or3, 00030000000Z, 
2016-06-12 16:51:31 INFO 7064 in CPushInfo::OnReceivedPushData: Round news: id=428675740, Serial=650, title=【陆家嘴论坛】曹远征：供给侧改革需要金融创新, text=, Orgin=财新网
2016-06-12 16:51:31 INFO 7064 in CPushInfo::OnReceivedPushData: 000000000001000000030001009G, 00000000000200020000, 000000010001, 0000000100010002, 0001, 000100Ta00Un, 0002007a, 00030000000Z, 
2016-06-12 16:51:41 INFO 7064 in CPushInfo::OnReceivedPushData: Round news: id=428675402, Serial=652, title=(深互动)芭田股份：公司的大数据业务开展和推广均正常, text=, Orgin=深交所互动易
2016-06-12 16:51:41 INFO 7064 in CPushInfo::OnReceivedPushData: 00000000000100000003000100Q1, 0000000000030000, 00020P8Y, 00030000000Z, 
2016-06-12 16:52:41 INFO 7064 in CPushInfo::OnReceivedPushData: Round news: id=428675510, Serial=653, title=(深互动)安洁科技：公司主要客户的订单今年相比去年有所增加, text=, Orgin=深交所互动易
2016-06-12 16:52:41 INFO 7064 in CPushInfo::OnReceivedPushData: 0000000000010000000300010ArY, 0000000000030000, 0002DJQb, 00030000000Z, 
2016-06-12 16:52:51 INFO 7064 in CPushInfo::OnReceivedPushData: Round news: id=428675512, Serial=654, title=(深互动)安洁科技：珠海及成通讯倒闭对公司无影响，公司目前无收购昆山及成通讯计划, text=, Orgin=深交所互动易
2016-06-12 16:52:51 INFO 7064 in CPushInfo::OnReceivedPushData: 0000000000010000000300010ArY, 0002DJQb, 
2016-06-12 16:53:21 INFO 7064 in CPushInfo::OnReceivedPushData: Round news: id=428675584, Serial=655, title=(深互动)湘潭电化：目前公司锰酸锂专用电解二氧化锰产量约600吨/月，占公司EMD年产能比重约13%, text=, Orgin=深交所互动易
2016-06-12 16:53:21 INFO 7064 in CPushInfo::OnReceivedPushData: 00000000000100000003000100PI, 00020O3m, 00020OHU, 00030000000Z, 
2016-06-12 16:53:51 INFO 7064 in CPushInfo::OnReceivedPushData: Round news: id=428675607, Serial=656, title=(深互动)青青稞酒：公司已经注册“Tashi”品牌, text=, Orgin=深交所互动易
2016-06-12 16:53:51 INFO 7064 in CPushInfo::OnReceivedPushData: 0000000000010000000300010Bb7, 0002DNJd, 00030000000Z, 
2016-06-12 16:54:21 INFO 7064 in CPushInfo::OnReceivedPushData: Round news: id=428675644, Serial=657, title=(深互动)湘潭电化：公司正在建设年产能1万吨的高纯硫酸锰生产线, text=, Orgin=深交所互动易
2016-06-12 16:54:21 INFO 7064 in CPushInfo::OnReceivedPushData: 00000000000100000003000100PI, 00020O3m, 
2016-06-12 16:54:41 INFO 7064 in CPushInfo::OnReceivedPushData: Round news: id=428675819, Serial=658, title=(深互动)中色股份：目前公司没有稀土矿, text=, Orgin=深交所互动易
2016-06-12 16:54:41 INFO 7064 in CPushInfo::OnReceivedPushData: 00000000000100000003000100KL, 000200H0, 
2016-06-12 17:02:42 INFO 7064 in CPushInfo::OnReceivedPushData: Round news: id=428676012, Serial=663, title=两年淀畔出新城 华夏幸福在任丘的产业新城实践, text=, Orgin=腾讯网
2016-06-12 17:02:42 INFO 7064 in CPushInfo::OnReceivedPushData: 000000000001000000030001004s, 0000000000030000, 000000050001000b00020003, 000000050007000V00020000, 00030000000Z, 
2016-06-12 17:03:03 INFO 7064 in CPushInfo::OnReceivedPushData: Round news: id=428672987, Serial=664, title=两面针的陨落：一个民族品牌  多少战略失误？, text=, Orgin=新浪财经
2016-06-12 17:03:03 INFO 7064 in CPushInfo::OnReceivedPushData: 000000000001000000030001000Q, 000000000001000000030001003X, 00000000000100000003000100HR, 0000000000020007, 0000000000030000, 0002000I, 000200E4, 000200L5, 000204gS, 00020QAu, 00020VCd, 000212zi, 0002CsfU, 00030000000Z, 
2016-06-12 17:03:22 INFO 7064 in CPushInfo::OnReceivedPushData: Round news: id=428676148, Serial=665, title=李兴淼：下周避险依然会推动黄金上涨, text=, Orgin=环球外汇网
2016-06-12 17:03:22 INFO 7064 in CPushInfo::OnReceivedPushData: 0000000000010001000100010001, 00000000000100010001000100010005, 000000000001000100010002, 000000000001000400030002, 
2016-06-12 17:06:09 INFO 7064 in CPushInfo::OnReceivedPushData: Round news: id=428676066, Serial=668, title=(深互动)盛天网络：上市公司目前不做游戏开发, text=, Orgin=深交所互动易
2016-06-12 17:06:09 INFO 7064 in CPushInfo::OnReceivedPushData: 0000000000010000000300012AKc, 0000000000030000, 00030000000Z, 
2016-06-12 17:08:00 INFO 7064 in CPushInfo::OnReceivedPushData: Round news: id=428676068, Serial=670, title=(深互动)东旭光电：预计石墨烯锂电池相对于其他膜类产品会率先产生效益, text=, Orgin=深交所互动易
2016-06-12 17:08:00 INFO 7064 in CPushInfo::OnReceivedPushData: 00000000000100000003000100Ga, 0000000000030000, 00030000000Z, 
2016-06-12 17:08:00 INFO 7064 in CPushInfo::OnReceivedPushData: Round news: id=428676123, Serial=671, title=(深互动)东山精密：公司与奥托立夫和特斯拉已经开始有业务合作, text=, Orgin=深交所互动易
2016-06-12 17:08:00 INFO 7064 in CPushInfo::OnReceivedPushData: 00000000000100000003000104QA, 0000000000030000, 00021KOu, 00030000000Z, 
2016-06-12 17:08:00 INFO 7064 in CPushInfo::OnReceivedPushData: Round news: id=428676124, Serial=672, title=(深互动)东旭光电：东旭和彩虹生产的是TFT-LCD用玻璃基板, text=, Orgin=深交所互动易
2016-06-12 17:08:00 INFO 7064 in CPushInfo::OnReceivedPushData: 00000000000100000003000100Ga, 0000000000030000, 00030000000Z, 
2016-06-12 17:08:00 INFO 7064 in CPushInfo::OnReceivedPushData: Round news: id=428676149, Serial=673, title=(深互动)硕贝德：公司虹膜识别模组暂无订单和出货, text=, Orgin=深交所互动易
2016-06-12 17:08:00 INFO 7064 in CPushInfo::OnReceivedPushData: 0000000000010000000300010jFt, 0002DT01, 00030000000Z, 
2016-06-12 17:10:17 INFO 7064 in CPushInfo::OnReceivedPushData: Round news: id=428676359, Serial=675, title=李宛晰：6月13现货白银焦点分析及操作策略(周评精读), text=, Orgin=环球外汇网
2016-06-12 17:10:17 INFO 7064 in CPushInfo::OnReceivedPushData: 0000000000010001000100010001, 00000000000100010001000100010005, 00000000000100010001000100010006, 000000000001000100010002, 
2016-06-12 17:11:14 INFO 7064 in CPushInfo::OnReceivedPushData: Round news: id=428676348, Serial=676, title=田潇湘：6.12油价由盛转衰，跌势猛烈到底是为何？, text=, Orgin=环球外汇网
2016-06-12 17:11:14 INFO 7064 in CPushInfo::OnReceivedPushData: 0000000000010001000100010001, 00000000000100010001000100010005, 0000000000010001000100010002, 00000000000100010001000100020001, 000000000001000100010002, 
2016-06-12 17:11:14 INFO 7064 in CPushInfo::OnReceivedPushData: Round news: id=428676353, Serial=677, title=徐余轩：油价趋势多空争锋沥青下周行情走势多单被套如何解套, text=, Orgin=环球外汇网
2016-06-12 17:11:14 INFO 7064 in CPushInfo::OnReceivedPushData: 0000000000010000000300062IpY, 0000000000010001000100010001, 00000000000100010001000100010005, 0000000000010001000100010002, 00000000000100010001000100020001, 000000000001000100010002, 00030000000Z, 
2016-06-12 17:12:16 INFO 7064 in CPushInfo::OnReceivedPushData: Round news: id=428676344, Serial=678, title=郭弈迪：6月12周日现货沥青能否在上50美元？, text=, Orgin=环球外汇网
2016-06-12 17:12:16 INFO 7064 in CPushInfo::OnReceivedPushData: 0000000000010001000100010002, 00000000000100010001000100020001, 000000000001000100010002, 000000000001000400010000, 000000000001000400020001, 
2016-06-12 17:12:16 INFO 7064 in CPushInfo::OnReceivedPushData: Round news: id=428676346, Serial=679, title=夜蕊点金：6.12周评现货原油沥青多单解套及下周操作建议, text=, Orgin=环球外汇网
2016-06-12 17:12:16 INFO 7064 in CPushInfo::OnReceivedPushData: 0000000000010001000100010001, 00000000000100010001000100010005, 0000000000010001000100010002, 00000000000100010001000100020001, 000000000001000100010002, 
2016-06-12 17:13:52 INFO 7064 in CPushInfo::OnReceivedPushData: Round news: id=428676492, Serial=680, title=IMF二号人物：中国必须马上解决企业债务问题, text=, Orgin=汇通网
2016-06-12 17:13:52 INFO 7064 in CPushInfo::OnReceivedPushData: 0000000000010002, 00000000000200020000, 00020OG1, 
2016-06-12 17:14:31 INFO 7064 in CPushInfo::OnReceivedPushData: Round news: id=428676154, Serial=681, title=国内首个无人驾驶标准将出 概念股掀产业革命, text=, Orgin=证券时报网
2016-06-12 17:14:31 INFO 7064 in CPushInfo::OnReceivedPushData: 00000000000100000003000100Hz, 00000000000100000003000100N0, 00000000000100000003000105kK, 000100TT00Xz, 000200Ec, 000200Ji, 0002021V, 00020TxF, 
2016-06-12 17:14:31 INFO 7064 in CPushInfo::OnReceivedPushData: Round news: id=428676439, Serial=682, title=一行三会陆家嘴论坛：A股纳入MSCI是历史必然, text=, Orgin=汇通网
2016-06-12 17:14:31 INFO 7064 in CPushInfo::OnReceivedPushData: 000000000001000000030001000U, 000000000001000000030001009G, 00000000000100000003000304Ei, 0002000K, 0002007a, 
2016-06-12 17:17:12 INFO 7064 in CPushInfo::OnReceivedPushData: Round news: id=428676497, Serial=685, title=会稽山拟与关联公司签订不超6000万元粮食购销合同, text=, Orgin=证券时报网
2016-06-12 17:17:12 INFO 7064 in CPushInfo::OnReceivedPushData: 0000000000010000000300011spB, 0000000000020000, 0000000000030000, 00030000000Z, 
2016-06-12 17:18:22 INFO 7064 in CPushInfo::OnReceivedPushData: Round news: id=428656957, Serial=686, title=反倾销扎堆 中国钢铁遭遇“黑五月”, text=, Orgin=我的钢铁网
2016-06-12 17:18:22 INFO 7064 in CPushInfo::OnReceivedPushData: 0000000000010001000100010001, 00000000000100010001000100010004, 0000000000020008, 000000030001, 0001, 000100TT00UF, 00030000000Z, 
2016-06-12 17:21:42 INFO 7064 in CPushInfo::OnReceivedPushData: Round news: id=428675988, Serial=690, title=证监会副主席姜洋：资本市场不能“脱实向虚”“自娱自乐”, text=, Orgin=新华网
2016-06-12 17:21:42 INFO 7064 in CPushInfo::OnReceivedPushData: 0000000000010000000B, 0001, 000100Ta00Uo, 
2016-06-12 17:23:50 INFO 7064 in CPushInfo::OnReceivedPushData: Round news: id=5601361634, Serial=695, title=*ST生物拟筹划重大事项 13日起停牌, text=, Orgin=中国证券网
2016-06-12 17:23:50 INFO 7064 in CPushInfo::OnReceivedPushData: 00000000000100000003000100Gu, 000200DW, 
2016-06-12 17:24:32 INFO 7064 in CPushInfo::OnReceivedPushData: Round news: id=428676494, Serial=696, title=财金帝国：6.12 油价两日连跌 是回调还是50美元的终结？, text=, Orgin=环球外汇网
2016-06-12 17:24:32 INFO 7064 in CPushInfo::OnReceivedPushData: 0000000000010001000100010002, 00000000000100010001000100020001, 000000000001000100010002, 000000000001000400010000, 000000000001000400020001, 00030001002n, 
2016-06-12 17:25:02 INFO 7064 in CPushInfo::OnReceivedPushData: Round news: id=428675570, Serial=697, title=深入开展调查研究 推进金融改革发展, text=, Orgin=中国人民银行
2016-06-12 17:25:02 INFO 7064 in CPushInfo::OnReceivedPushData: 000000000000, 00000000000100020003000H0101, 00000000000100020003000H0102, 00000000000100020003000H0103, 00000000000100020003000H0104, 00000000000100020003000H0105, 00000000000100020003000H0106, 00000000000100020003000H0107, 00000000000100020003000H0108, 00000000000100020003000H0109, 00000000000100020003000H010A, 00000000000100020003000H010b, 00000000000100020003000H010C, 00000000000100020003000H010D, 00000000000100020003000H010e, 00000000000100020003000H010F, 00000000000100020003000H010G, 00000000000100020003000H010H, 00000000000100020003000H010i, 00000000000100020003000H010J, 00000000000100020003000H010k, 00000000000100020003000H010L, 00000000000100020003000H010M, 00000000000100020003000H010N, 00000000000100020003000H010O, 00000000000100020003000H010P, 00000000000100020003000H010Q, 00000000000100020003000H010R, 00000000000100020003000H010s, 00000000000100020003000H010T, 00000000000100020003000H010u, 00000000000100020003000H010V, 00000000000100020003000H010w, 00000000000100020003000H010x, 00000000000100020003000H010Y, 00000000000100020003000H010z, 00000000000100020003000H0110, 00000000000100020003000H0111, 00000000000100020003000H0112, 00000000000100020003000H0113, 00000000000100020003000H0114, 00000000000100020003000H0115, 00000000000100020003000H0116, 00000000000100020003000H0117, 00000000000100020003000H0118, 00000000000100020003000H0119, 00000000000100020003000H011A, 00000000000100020003000H011B, 00000000000100020003000H011C, 00000000000100020003000H011d, 00000000000100020003000H011E, 00000000000100020003000H011f, 00000000000100020003000H011g, 00000000000100020003000H011H, 00000000000100020003000H011I, 00000000000100020003000H011J, 00000000000100020003000H011K, 00000000000100020003000H011l, 00000000000100020003000H011M, 00000000000100020003000H011N, 00000000000100020003000H011O, 00000000000100020003000H011P, 00000000000100020003000H011Q, 00000000000100020003000H011R, 00000000000100020003000H011s, 00000000000100020003000H011t, 00000000000100020003000H011U, 00000000000100020003000H011V, 00000000000100020003000H011W, 00000000000100020003000H011x, 00000000000100020003000H011y, 00000000000100020003000H011z, 00000000000100020003000H0120, 00000000000100020003000H0121, 00000000000100020003000H0122, 00000000000100020003000H0123, 00000000000100020003000H0124, 00000000000100020003000H0125, 00000000000100020003000H0126, 00000000000100020003000H0127, 00000000000100020003000H0128, 00000000000100020003000H0129, 00000000000100020003000H012A, 00000000000100020003000H012b, 00000000000100020003000H012c, 00000000000100020003000H012D, 00000000000100020003000H012E, 00000000000100020003000H012F, 00000000000100020003000H012G, 00000000000100020003000H012H, 00000000000100020003000H012i, 00000000000100020003000H012J, 00000000000100020003000H012K, 00000000000100020003000H012l, 00000000000100020003000H012m, 00000000000100020003000H012N, 00000000000100020003000H012O, 00000000000100020003000H012P, 00000000000100020003000H012Q, 00000000000100020003000H012R, 00000000000100020003000H012s, 00000000000100020003000H012t, 00000000000100020003000H012u, 00000000000100020003000H012V, 00000000000100020003000H012w, 00000000000100020003000H012x, 00000000000100020003000H012Y, 00000000000100020003000H012Z, 00000000000100020003000H0130, 00000000000100020003000H0131, 00000000000100020003000H0132, 00000000000100020003000H0133, 00000000000100020003000H0134, 00000000000100020003000H0135, 00000000000100020003000H0136, 00000000000100020003000H0137, 00000000000100020003000H0138, 00000000000100020003000H0139, 00000000000100020003000H013A, 00000000000100020003000H013B, 00000000000100020003000H013C, 00000000000100020003000H013D, 00000000000100020003000H013E, 00000000000100020003000H013F, 00000000000100020003000H013G, 00000000000100020003000H013H, 00000000000100020003000H013i, 00000000000100020003000H013j, 00000000000100020003000H013K, 00000000000100020003000H013L, 00000000000100020003000H013M, 00000000000100020003000H013n, 00000000000100020003000H013O, 00000000000100020003000H013P, 00000000000100020003000H013Q, 00000000000100020003000H013R, 00000000000100020003000H013S, 00000000000100020003000H013T, 00000000000100020003000H013U, 00000000000100020003000H013v, 00000000000100020003000H013w, 00000000000100020003000H013x, 00000000000100020003000H013Y, 00000000000100020003000H013Z, 00000000000100020003000H0140, 00000000000100020003000H0141, 00000000000100020003000H0142, 00000000000100020003000H0143, 00000000000100020003000H0144, 00000000000100020003000H0145, 00000000000100020003000H0146, 00000000000100020003000H0147, 00000000000100020003000H0148, 00000000000100020003000H0149, 00000000000100020003000H014A, 00000000000100020003000H014B, 00000000000100020003000H014C, 00000000000100020003000H014D, 00000000000100020003000H014E, 00000000000100020003000H014F, 00000000000100020003000H014g, 00000000000100020003000H014H, 00000000000100020003000H014I, 00000000000100020003000H014J, 00000000000100020003000H014k, 00000000000100020003000H014L, 00000000000100020003000H014M, 00000000000100020003000H014N, 00000000000100020003000H014O, 00000000000100020003000H014P, 00000000000100020003000H014q, 00000000000100020003000H014R, 00000000000100020003000H014s, 00000000000100020003000H014t, 00000000000100020003000H014U, 00000000000100020003000H014V, 00000000000100020003000H014w, 00000000000100020003000H014x, 00000000000100020003000H014Y, 00000000000100020003000H014Z, 00000000000100020003000H0150, 00000000000100020003000H0151, 00000000000100020003000H0152, 00000000000100020003000H0153, 00000000000100020003000H0154, 00000000000100020003000H0155, 00000000000100020003000H0156, 00000000000100020003000H0157, 00000000000100020003000H0158, 00000000000100020003000H0159, 00000000000100020003000H015A, 00000000000100020003000H015B, 00000000000100020003000H015C, 00000000000100020003000H015D, 00000000000100020003000H015E, 00000000000100020003000H015F, 00000000000100020003000H015G, 00000000000100020003000H015h, 00000000000100020003000H015I, 00000000000100020003000H015j, 00000000000100020003000H015K, 00000000000100020003000H015L, 00000000000100020003000H015M, 00000000000100020003000H015N, 00000000000100020003000H015O, 00000000000100020003000H015p, 00000000000100020003000H015Q, 00000000000100020003000H015r, 00000000000100020003000H015S, 00000000000100020003000H015t, 00000000000100020003000H015U, 00000000000100020003000H015V, 00000000000100020003000H015w, 00000000000100020003000H015X, 00000000000100020003000H015y, 00000000000100020003000H015z, 00000000000100020003000H0160, 00000000000100020003000H0161, 00000000000100020003000H0162, 00000000000100020003000H0163, 00000000000100020003000H0164, 00000000000100020003000H0165, 00000000000100020003000H0166, 00000000000100020003000H0167, 00000000000100020003000H0168, 00000000000100020003000H0169, 00000000000100020003000H016A, 00000000000100020003000H016b, 00000000000100020003000H016C, 00000000000100020003000H016D, 00000000000100020003000H016e, 00000000000100020003000H016F, 00000000000100020003000H016G, 00000000000100020003000H016H, 00000000000100020003000H016I, 00000000000100020003000H016j, 00000000000100020003000H016K, 00000000000100020003000H016L, 00000000000100020003000H016M, 00000000000100020003000H016N, 00000000000100020003000H016O, 00000000000100020003000H016P, 00000000000100020003000H016Q, 00000000000100020003000H016R, 00000000000100020003000H016S, 00000000000100020003000H016T, 00000000000100020003000H016U, 00000000000100020003000H016v, 00000000000100020003000H016W, 00000000000100020003000H016x, 00000000000100020003000H016Y, 00000000000100020003000H016Z, 00000000000100020003000H0170, 00000000000100020003000H0171, 00000000000100020003000H0172, 00000000000100020003000H0173, 00000000000100020003000H0174, 00000000000100020003000H0175, 00000000000100020003000H0176, 00000000000100020003000H0177, 00000000000100020003000H0178, 00000000000100020003000H0179, 00000000000100020003000H017a, 00000000000100020003000H017B, 00000000000100020003000H017C, 00000000000100020003000H017D, 00000000000100020003000H017E, 00000000000100020003000H017f, 00000000000100020003000H017g, 00000000000100020003000H017H, 00000000000100020003000H017I, 00000000000100020003000H017J, 00000000000100020003000H017K, 00000000000100020003000H017l, 00000000000100020003000H017M, 00000000000100020003000H017N, 00000000000100020003000H017O, 00000000000100020003000H017P, 00000000000100020003000H017Q, 00000000000100020003000H017R, 00000000000100020003000H017S, 00000000000100020003000H017t, 00000000000100020003000H017u, 00000000000100020003000H017V, 00000000000100020003000H017W, 00000000000100020003000H017X, 00000000000100020003000H017y, 00000000000100020003000H017z, 00000000000100020003000H0180, 00000000000100020003000H0181, 00000000000100020003000H0182, 00000000000100020003000H0183, 00000000000100020003000H0184, 00000000000100020003000H0185, 00000000000100020003000H0186, 00000000000100020003000H0188, 00000000000100020003000H0189, 00000000000100020003000H018A, 00000000000100020003000H018b, 00000000000100020003000H018C, 00000000000100020003000H018D, 00000000000100020003000H018e, 00000000000100020003000H018F, 00000000000100020003000H018G, 00000000000100020003000H018h, 00000000000100020003000H018I, 00000000000100020003000H018J, 00000000000100020003000H018K, 00000000000100020003000H018L, 00000000000100020003000H018M, 00000000000100020003000H018N, 00000000000100020003000H018O, 00000000000100020003000H018p, 00000000000100020003000H018Q, 00000000000100020003000H018r, 00000000000100020003000H018s, 00000000000100020003000H018T, 00000000000100020003000H018u, 00000000000100020003000H018V, 00000000000100020003000H018w, 00000000000100020003000H018X, 00000000000100020003000H018Y, 00000000000100020003000H018z, 00000000000100020003000H0190, 00000000000100020003000H0191, 00000000000100020003000H0192, 00000000000100020003000H0193, 00000000000100020003000H0194, 00000000000100020003000H0195, 00000000000100020003000H0196, 00000000000100020003000H0197, 00000000000100020003000H0198, 00000000000100020003000H0199, 00000000000100020003000H019A, 00000000000100020003000H019B, 00000000000100020003000H019C, 00000000000100020003000H019D, 00000000000100020003000H019e, 00000000000100020003000H019F, 00000000000100020003000H019G, 00000000000100020003000H019H, 00000000000100020003000H019I, 00000000000100020003000H019J, 00000000000100020003000H019k, 00000000000100020003000H019l, 00000000000100020003000H019M, 00000000000100020003000H019n, 00000000000100020003000H019O, 00000000000100020003000H019P, 00000000000100020003000H019Q, 00000000000100020003000H019R, 00000000000100020003000H019S, 00000000000100020003000H019T, 00000000000100020003000H019U, 00000000000100020003000H019v, 00000000000100020003000H019W, 00000000000100020003000H019x, 00000000000100020003000H019Y, 00000000000100020003000H019z, 00000000000100020003000H01A0, 00000000000100020003000H01A1, 00000000000100020003000H01A2, 00000000000100020003000H01A3, 00000000000100020003000H01A4, 00000000000100020003000H01A5, 00000000000100020003000H01A6, 00000000000100020003000H01A7, 00000000000100020003000H01A8, 00000000000100020003000H01A9, 00000000000100020003000H01AA, 00000000000100020003000H01al, 00000000000100020003000H01aq, 00000000000100020003000H01ar, 00000000000100020003000H01aT, 00000000000100020003000H01aU, 00000000000100020003000H01bF, 00000000000100020003000H01bT, 00000000000100020003000H01bZ, 00000000000100020003000H01ce, 00000000000100020003000H01cF, 00000000000100020003000H01cP, 00000000000100020003000H01cX, 00000000000100020003000H01Pf, 00000000000100020003000H01Pr, 00000000000100020003000H01Q7, 00000000000100020003000H01QP, 00000000000100020003000H01QQ, 00000000000100020003000H01Zj, 00000000000100020003000H01ZQ, 00000000000100020003000H01ZT, 00000000000100020003000H01ZU, 00000000000100020003000H02Sz, 00000000000100020003000H02TE, 00000000000100020003000H02TQ, 00000000000100020003000H02TY, 00000000000100020003000H02U2, 00000000000100020003000H02Ud, 00000000000100020003000H02uj, 00000000000100020003000H02US, 00000000000100020003000H02Uz, 00000000000100020003000H02VP, 00000000000100020003000H02vR, 00000000000100020003000H02Vx, 00000000000100020003000H02VZ, 00000000000100020003000H02w4, 00000000000100020003000H02WB, 00000000000100020003000H02Wh, 00000000000100020003000H02XI, 00000000000100020003000H03aF, 00000000000100020003000H03ax, 00000000000100020003000H03bv, 00000000000100020003000H03bX, 00000000000100020003000H03cL, 00000000000100020003000H03d5, 00000000000100020003000H03dK, 00000000000100020003000H03e5, 00000000000100020003000H03eO, 00000000000100020003000H03Fz, 00000000000100020003000H03gJ, 00000000000100020003000H03GS, 00000000000100020003000H03gv, 00000000000100020003000H03H6, 00000000000100020003000H03Ha, 00000000000100020003000H03hP, 00000000000100020003000H03IA, 00000000000100020003000H03ie, 00000000000100020003000H03iH, 00000000000100020003000H03Im, 00000000000100020003000H03jG, 00000000000100020003000H03jZ, 00000000000100020003000H03K2, 00000000000100020003000H03k7, 00000000000100020003000H03Kj, 00000000000100020003000H03kZ, 00000000000100020003000H03l3, 00000000000100020003000H03L8, 00000000000100020003000H03lP, 00000000000100020003000H03m1, 00000000000100020003000H03MH, 00000000000100020003000H03mL, 00000000000100020003000H03mu, 00000000000100020003000H03N1, 00000000000100020003000H03nA, 00000000000100020003000H03nm, 00000000000100020003000H03Ny, 00000000000100020003000H03oA, 00000000000100020003000H03Oo, 00000000000100020003000H03oY, 00000000000100020003000H03Pa, 00000000000100020003000H03pG, 00000000000100020003000H03pn, 00000000000100020003000H03qJ, 00000000000100020003000H03QM, 00000000000100020003000H03r5, 00000000000100020003000H03r6, 00000000000100020003000H03Rd, 00000000000100020003000H03rz, 00000000000100020003000H03SK, 00000000000100020003000H03ss, 00000000000100020003000H03sU, 00000000000100020003000H03T7, 00000000000100020003000H03Tm, 00000000000100020003000H03Ug, 00000000000100020003000H03uX, 00000000000100020003000H03v7, 00000000000100020003000H03VO, 00000000000100020003000H03VP, 00000000000100020003000H03vS, 00000000000100020003000H03WC, 00000000000100020003000H03WD, 00000000000100020003000H03Wh, 00000000000100020003000H03Wt, 00000000000100020003000H03Xb, 00000000000100020003000H03XJ, 00000000000100020003000H03Xt, 00000000000100020003000H03Y5, 00000000000100020003000H03Yl, 00000000000100020003000H03YW, 00000000000100020003000H03Za, 00000000000100020003000H03ZE, 00000000000100020003000H03Zu, 00000000000100020003000H04aM, 00000000000100020003000H04at, 00000000000100020003000H04bS, 00000000000100020003000H04bw, 00000000000100020003000H04bx, 00000000000100020003000H04cq, 00000000000100020003000H04cS, 00000000000100020003000H04dR, 00000000000100020003000H04dS, 00000000000100020003000H04ho, 00000000000100020003000H04iG, 00000000000100020003000H04it, 00000000000100020003000H04JD, 00000000000100020003000H04Ji, 00000000000100020003000H04Kl, 00000000000100020003000H04KV, 00000000000100020003000H04l7, 00000000000100020003000H04LM, 00000000000100020003000H04LZ, 00000000000100020003000H04M8, 00000000000100020003000H04MN, 00000000000100020003000H04Mv, 00000000000100020003000H04NI, 00000000000100020003000H04Nr, 00000000000100020003000H04nw, 00000000000100020003000H04ON, 00000000000100020003000H04P7, 00000000000100020003000H04Pe, 00000000000100020003000H04QS, 00000000000100020003000H04Qt, 00000000000100020003000H04RP, 00000000000100020003000H04S6, 00000000000100020003000H04Sd, 00000000000100020003000H04T5, 00000000000100020003000H04T6, 00000000000100020003000H04TT, 00000000000100020003000H04Tx, 00000000000100020003000H04Uh, 00000000000100020003000H04V6, 00000000000100020003000H04V7, 00000000000100020003000H04Vi, 00000000000100020003000H04WI, 00000000000100020003000H04Ws, 00000000000100020003000H04XH, 00000000000100020003000H04XI, 00000000000100020003000H04Xw, 00000000000100020003000H04YN, 00000000000100020003000H04z4, 00000000000100020003000H04Z9, 00000000000100020003000H04Ze, 00000000000100020003000H04Zf, 00000000000100020003000H04zw, 00000000000100020003000H04zx, 00000000000100020003000H04zZ, 00000000000100020003000H050V, 00000000000100020003000H051H, 00000000000100020003000H052I, 00000000000100020003000H0539, 00000000000100020003000H053A, 00000000000100020003000H054F, 00000000000100020003000H055K, 00000000000100020003000H056q, 00000000000100020003000H05aW, 00000000000100020003000H05aX, 00000000000100020003000H05BC, 00000000000100020003000H05bH, 00000000000100020003000H05cB, 00000000000100020003000H05d1, 00000000000100020003000H05Da, 00000000000100020003000H05fH, 00000000000100020003000H05fI, 00000000000100020003000H05gf, 00000000000100020003000H05hf, 00000000000100020003000H05K8, 00000000000100020003000H05Kr, 00000000000100020003000H05kz, 00000000000100020003000H05lb, 00000000000100020003000H05lc, 00000000000100020003000H05Lf, 00000000000100020003000H05Li, 00000000000100020003000H05N4, 00000000000100020003000H05Nf, 00000000000100020003000H05nV, 00000000000100020003000H05Oq, 00000000000100020003000H05OT, 00000000000100020003000H05Pc, 00000000000100020003000H05Pf, 00000000000100020003000H05PZ, 00000000000100020003000H05QO, 00000000000100020003000H05QV, 00000000000100020003000H05QW, 00000000000100020003000H05Qx, 00000000000100020003000H05Qy, 00000000000100020003000H05S3, 00000000000100020003000H05TA, 00000000000100020003000H05Ui, 00000000000100020003000H05Uj, 00000000000100020003000H05Uk, 00000000000100020003000H05YB, 00000000000100020003000H05YC, 00000000000100020003000H05Zo, 00000000000100020003000H06nD, 00000000000100020003000H06nr, 00000000000100020003000H06ns, 00000000000100020003000H06oq, 00000000000100020003000H07aP, 00000000000100020003000H07bU, 00000000000100020003000H07cR, 00000000000100020003000H07dT, 00000000000100020003000H07e2, 00000000000100020003000H07f6, 00000000000100020003000H07ff, 00000000000100020003000H07gk, 00000000000100020003000H07hM, 00000000000100020003000H07iP, 00000000000100020003000H07jC, 00000000000100020003000H07Jg, 00000000000100020003000H07KD, 00000000000100020003000H07Kl, 00000000000100020003000H07kO, 00000000000100020003000H07kP, 00000000000100020003000H07lF, 00000000000100020003000H07Lq, 00000000000100020003000H07m2, 00000000000100020003000H07my, 00000000000100020003000H07na, 00000000000100020003000H07Nt, 00000000000100020003000H07ot, 00000000000100020003000H07OV, 00000000000100020003000H07pM, 00000000000100020003000H07Pr, 00000000000100020003000H07px, 00000000000100020003000H07Qh, 00000000000100020003000H07qX, 00000000000100020003000H07RR, 00000000000100020003000H07Rt, 00000000000100020003000H07rY, 00000000000100020003000H07sD, 00000000000100020003000H07sE, 00000000000100020003000H07Sr, 00000000000100020003000H07SU, 00000000000100020003000H07tR, 00000000000100020003000H07tw, 00000000000100020003000H07X9, 00000000000100020003000H07Xd, 00000000000100020003000H07YV, 00000000000100020003000H07Zh, 00000000000100020003000H092k, 00000000000100020003000H09aI, 00000000000100020003000H09aj, 00000000000100020003000H09ak, 00000000000100020003000H09bf, 00000000000100020003000H09c6, 00000000000100020003000H09dN, 00000000000100020003000H09dp, 00000000000100020003000H09fb, 00000000000100020003000H09gW, 00000000000100020003000H09i1, 00000000000100020003000H09iF, 00000000000100020003000H09Ih, 00000000000100020003000H09jH, 00000000000100020003000H09JP, 00000000000100020003000H09Jx, 00000000000100020003000H09Jy, 00000000000100020003000H09Ko, 00000000000100020003000H09LN, 00000000000100020003000H09MH, 00000000000100020003000H09Mn, 00000000000100020003000H09OQ, 00000000000100020003000H09QP, 00000000000100020003000H09RI, 00000000000100020003000H09RJ, 00000000000100020003000H09SO, 00000000000100020003000H09Ys, 00000000000100020003000H0AaH, 00000000000100020003000H0Aan, 00000000000100020003000H0Abu, 00000000000100020003000H0Ach, 00000000000100020003000H0AdQ, 00000000000100020003000H0AeN, 00000000000100020003000H0Afr, 00000000000100020003000H0AfU, 00000000000100020003000H0Agn, 00000000000100020003000H0AhG, 00000000000100020003000H0AkY, 00000000000100020003000H0Al3, 00000000000100020003000H0Al4, 00000000000100020003000H0Aly, 00000000000100020003000H0AmS, 00000000000100020003000H0AmT, 00000000000100020003000H0Aoe, 00000000000100020003000H0ApC, 00000000000100020003000H0AqG, 00000000000100020003000H0AsB, 00000000000100020003000H0Ase, 00000000000100020003000H0Atl, 00000000000100020003000H0AWe, 00000000000100020003000H0AWf, 00000000000100020003000H0AXh, 00000000000100020003000H0AYQ, 00000000000100020003000H0Baf, 00000000000100020003000H0BbY, 00000000000100020003000H0Bcw, 00000000000100020003000H0Bfs, 00000000000100020003000H0Bj7, 00000000000100020003000H0BN3, 00000000000100020003000H0BOh, 00000000000100020003000H0Brn, 00000000000100020003000H0BsJ, 00000000000100020003000H0Bt2, 00000000000100020003000H0BXu, 00000000000100020003000H0BZa, 00000000000100020003000H1a8T, 00000000000100020003000H1aef, 00000000000100020003000H1b0s, 00000000000100020003000H1bNe, 00000000000100020003000H1Vwj, 00000000000100020003000H1W7X, 00000000000100020003000H1WCM, 00000000000100020003000H1WfL, 00000000000100020003000H1WjV, 00000000000100020003000H1WKG, 00000000000100020003000H1WQ0, 00000000000100020003000H1WW0, 00000000000100020003000H1WYs, 00000000000100020003000H1X2u, 00000000000100020003000H1XBU, 00000000000100020003000H1Yfm, 00000000000100020003000H1YTE, 00000000000100020003000H1YTF, 00000000000100020003000H1ZEs, 00000000000100020003000H1ZhM, 0000000000020000, 00000000000200020000, 00000003000400000000000P, 0001, 000100Ta00Un, 00020D7J, 00030000000Z, 
2016-06-12 17:27:21 INFO 7064 in CPushInfo::OnReceivedPushData: Round news: id=5601362145, Serial=703, title=万科预计6月18日前提重组方案 王石称轨道加物业开启铂金时代, text=, Orgin=第一财经
2016-06-12 17:27:21 INFO 7064 in CPushInfo::OnReceivedPushData: 00000000000100000003000100F8, 0000000000010000000300031s8U, 0000000000030000, 0002009P, 00020xej, 
2016-06-12 17:30:11 INFO 7064 in CPushInfo::OnReceivedPushData: Round news: id=428676608, Serial=704, title=上海浦东机场燃爆事件已致4人受伤(图), text=, Orgin=中国网
2016-06-12 17:30:11 INFO 7064 in CPushInfo::OnReceivedPushData: 0000000000010000000B, 0000000000030000, 000000010000, 000000010001, 
2016-06-12 17:30:42 INFO 7064 in CPushInfo::OnReceivedPushData: Round news: id=5601362809, Serial=705, title=*ST韶钢终止筹划资产重组事项 13日复牌, text=, Orgin=中国证券网
2016-06-12 17:30:42 INFO 7064 in CPushInfo::OnReceivedPushData: 00000000000100000003000100Js, 0000000000030000, 000200GX, 00030000000Z, 
2016-06-12 17:34:01 INFO 7064 in CPushInfo::OnReceivedPushData: Round news: id=428676815, Serial=706, title=朱彘羽：6.12周评美元上涨油价走低黄金白银承压继续走高, text=, Orgin=环球外汇网
2016-06-12 17:34:01 INFO 7064 in CPushInfo::OnReceivedPushData: 0000000000010001000100010001, 00000000000100010001000100010005, 00000000000100010001000100010006, 000000000001000100010002, 000000000001000400010000, 000000000001000400020001, 00030001002n, 
2016-06-12 17:34:21 INFO 7064 in CPushInfo::OnReceivedPushData: Round news: id=428676698, Serial=707, title=财金盘点：原油本周触及48美元，下周或将到达47.4美元, text=, Orgin=环球外汇网
2016-06-12 17:34:21 INFO 7064 in CPushInfo::OnReceivedPushData: 0000000000010001000100010002, 00000000000100010001000100020001, 000000000001000100010002, 000000000001000400010000, 000000000001000400020001, 00030001002n, 
2016-06-12 17:37:11 INFO 7064 in CPushInfo::OnReceivedPushData: Round news: id=428676156, Serial=709, title=(深互动)中色股份：目前哈萨克斯坦未欠公司工程款, text=, Orgin=深交所互动易
2016-06-12 17:37:11 INFO 7064 in CPushInfo::OnReceivedPushData: 00000000000100000003000100KL, 0000000000030000, 000200H0, 00030000000Z, 
2016-06-12 17:38:52 INFO 7064 in CPushInfo::OnReceivedPushData: Round news: id=428676199, Serial=711, title=(深互动)众兴菌业：双孢蘑菇工厂化种植项目有部分产能计划2016年底试生产, text=, Orgin=深交所互动易
2016-06-12 17:38:52 INFO 7064 in CPushInfo::OnReceivedPushData: 00000000000100000003000129LM, 00030000000Z, 
2016-06-12 17:39:42 INFO 7064 in CPushInfo::OnReceivedPushData: Round news: id=428676309, Serial=712, title=(深互动)东旭光电：暂不能提供OLED成套设备, text=, Orgin=深交所互动易
2016-06-12 17:39:42 INFO 7064 in CPushInfo::OnReceivedPushData: 00000000000100000003000100Ga, 0000000000030000, 00030000000Z, 
2016-06-12 17:40:11 INFO 7064 in CPushInfo::OnReceivedPushData: Round news: id=428676310, Serial=713, title=(深互动)超声电子：有产品应用于无人机领域, text=, Orgin=深交所互动易
2016-06-12 17:40:11 INFO 7064 in CPushInfo::OnReceivedPushData: 00000000000100000003000100LB, 00000000000100000003000625jV, 0000000000030000, 000200Hs, 00030000000Z, 
2016-06-12 17:40:41 INFO 7064 in CPushInfo::OnReceivedPushData: Round news: id=428676417, Serial=714, title=(深互动)硕贝德：目前的无线充电技术主要应用于智能穿戴产品上, text=, Orgin=深交所互动易
2016-06-12 17:40:41 INFO 7064 in CPushInfo::OnReceivedPushData: 0000000000010000000300010jFt, 0000000000030000, 0002DT01, 00030000000Z, 
2016-06-12 17:41:41 INFO 7064 in CPushInfo::OnReceivedPushData: Round news: id=428676748, Serial=715, title=红相电力因重大事项6月13日开市起停牌, text=, Orgin=中证网
2016-06-12 17:41:41 INFO 7064 in CPushInfo::OnReceivedPushData: 00000000000100000003000123eI, 0000000000030000, 0002DUPd, 00030000000Z, 
2016-06-12 17:42:52 INFO 7064 in CPushInfo::OnReceivedPushData: Round news: id=428676912, Serial=716, title=中科云网董秘安鑫辞职 公司董事长王禹皓代行其职, text=, Orgin=中证网
2016-06-12 17:42:52 INFO 7064 in CPushInfo::OnReceivedPushData: 00000000000100000003000103i9, 0000000000030000, 000000050001001P0001, 000000050007000100040002, 00000005000G00050001, 00021HGa, 00030000000Z, 
2016-06-12 17:51:52 INFO 7064 in CPushInfo::OnReceivedPushData: Round news: id=428676292, Serial=718, title=全球国债价格飙升 收益率创历史新低, text=, Orgin=新浪财经
2016-06-12 17:51:52 INFO 7064 in CPushInfo::OnReceivedPushData: 00000000000100020000, 000000000001000200030000, 00000003000c00060007, 00000005000100180006, 000000050007000K00020001, 00020QiR, 
2016-06-12 17:52:21 INFO 7064 in CPushInfo::OnReceivedPushData: Round news: id=428673461, Serial=719, title=国际债市暗藏炸弹 欧元危机可能重演, text=, Orgin=新浪财经
2016-06-12 17:52:21 INFO 7064 in CPushInfo::OnReceivedPushData: 000000000001000200030000, 00000000000100020004, 000000000001000400010000, 000000000001000400020002, 00000000000200020001, 00000003000c00060007, 000300020030, 
2016-06-12 17:53:41 INFO 7064 in CPushInfo::OnReceivedPushData: Round news: id=428677170, Serial=720, title=零点蚂蚁携手盟云移软打造VR睡眠生态系统, text=, Orgin=新浪财经
2016-06-12 17:53:41 INFO 7064 in CPushInfo::OnReceivedPushData: 0000000000010000000300061u3J, 000000000001000000030007, 0000000000010000000B, 0000000000030000, 000000050001001C000000040000, 000000050001001C000100010002, 0002ElAc, 00030000000Z, 
2016-06-12 17:56:12 INFO 7064 in CPushInfo::OnReceivedPushData: Round news: id=5601368278, Serial=721, title=皖北煤电主体长期信用等级由AA调整为AA-, text=, Orgin=中国货币网
2016-06-12 17:56:12 INFO 7064 in CPushInfo::OnReceivedPushData: 00000000000100020003000100Zj, 00000000000100020003000105Vy, 0000000000010002000300071nMq, 00000000000100020003000727kT, 0000000000010002000300072KOV, 0000000000010002000300072Kqm, 0000000000010002000300072Kqr, 00000000000100020003000A06ny, 00000000000100020003000A09RC, 00000000000100020003000A13Dl, 00000000000100020003000A1nTT, 0000000000030000, 00000003000c0001, 00020DMO, 00030000000Z, 
2016-06-12 17:59:42 INFO 7064 in CPushInfo::OnReceivedPushData: Round news: id=5601368957, Serial=722, title=淮北矿业公司主体长期信用等级由AA+调整为AA, text=, Orgin=中国货币网
2016-06-12 17:59:42 INFO 7064 in CPushInfo::OnReceivedPushData: 00000000000100020003000100eS, 00000000000100020003000102Vs, 00000000000100020003000700fJ, 00000000000100020003000700iz, 00000000000100020003000700YK, 0000000000010002000300072444, 00000000000100020003000728VE, 0000000000010002000300072Jwi, 00000000000100020003000A03oL, 00000000000100020003000A04QI, 00000000000100020003000A0hLA, 00000000000100020003000A1nWR, 00000000000100020003000A1pZe, 00000000000100020003000A20ar, 00000000000100020003000A23jW, 0000000000030000, 00020DWf, 00030000000Z, 
2016-06-12 18:02:12 INFO 7064 in CPushInfo::OnReceivedPushData: Round news: id=428676826, Serial=723, title=金城股份重大资产重组将于近日上会, text=, Orgin=证券时报网
2016-06-12 18:02:12 INFO 7064 in CPushInfo::OnReceivedPushData: 00000000000100000003000100L8, 000200Hp, 
2016-06-12 18:02:12 INFO 7064 in CPushInfo::OnReceivedPushData: Round news: id=5601369604, Serial=724, title=奇信股份董事闫海峰辞职 现任华源包装董事, text=, Orgin=中证网
2016-06-12 18:02:12 INFO 7064 in CPushInfo::OnReceivedPushData: 0000000000010000000300012AFv, 0000000000030000, 0002DTyz, 
2016-06-12 18:03:02 INFO 7064 in CPushInfo::OnReceivedPushData: Round news: id=428677260, Serial=725, title=杰赛科技设子公司开拓缅甸电信市场, text=, Orgin=证券时报网
2016-06-12 18:03:02 INFO 7064 in CPushInfo::OnReceivedPushData: 00000000000100000003000107SX, 0000000000020000, 0000000000030000, 00020QEm, 
2016-06-12 18:03:02 INFO 7064 in CPushInfo::OnReceivedPushData: Round news: id=428677261, Serial=726, title=金浦钛业控股股东质押5200万股公司股票, text=, Orgin=证券时报网
2016-06-12 18:03:02 INFO 7064 in CPushInfo::OnReceivedPushData: 00000000000100000003000100HY, 0000000000020000, 0000000000030000, 000200ij, 
2016-06-12 18:03:31 INFO 7064 in CPushInfo::OnReceivedPushData: Round news: id=5601370062, Serial=727, title=国海证券拟聘卢凯任副总裁 曾任申万宏源资管事业部总经理, text=, Orgin=中证网
2016-06-12 18:03:31 INFO 7064 in CPushInfo::OnReceivedPushData: 00000000000100000003000100KE, 000200Gt, 
2016-06-12 18:05:01 INFO 7064 in CPushInfo::OnReceivedPushData: Round news: id=428677339, Serial=728, title=广汇汽车聘任金波担任董秘兼总裁助理, text=, Orgin=证券时报网
2016-06-12 18:05:01 INFO 7064 in CPushInfo::OnReceivedPushData: 000000000001000000030001004F, 0000000000020000, 0000000000030000, 00030000000Z, 
2016-06-12 18:05:02 INFO 7064 in CPushInfo::OnReceivedPushData: Round news: id=5601378219, Serial=729, title=黑猫股份拟定增募资6.9亿元偿还银行贷款, text=, Orgin=中国证券网
2016-06-12 18:05:02 INFO 7064 in CPushInfo::OnReceivedPushData: 00000000000100000003000100ON, 0000000000030000, 00020L19, 00030000000Z, 
2016-06-12 18:11:22 INFO 7064 in CPushInfo::OnReceivedPushData: Round news: id=428677153, Serial=730, title=【陆家嘴论坛】陈文辉：保险业“长钱短用”与“短钱长用”风险并存, text=, Orgin=财新网
2016-06-12 18:11:22 INFO 7064 in CPushInfo::OnReceivedPushData: 000000000001000000030001009G, 00000000000200020000, 0000000100010002, 0001, 0002007a, 00030000000Z, 
2016-06-12 18:11:22 INFO 7064 in CPushInfo::OnReceivedPushData: Round news: id=428677154, Serial=731, title=【陆家嘴论坛】王银成：“偿二代”下寿险健康险偿付能力显著下降, text=, Orgin=财新网
2016-06-12 18:11:22 INFO 7064 in CPushInfo::OnReceivedPushData: 000000000001000000030001009G, 0002007a, 0002015m, 00020EuX, 00030000000Z, 
2016-06-12 18:12:41 INFO 7064 in CPushInfo::OnReceivedPushData: Round news: id=428676834, Serial=732, title=(深互动)万顺股份：电池级铝箔产品已供应给汽车制造厂商的配套材料制造企业, text=, Orgin=深交所互动易
2016-06-12 18:12:41 INFO 7064 in CPushInfo::OnReceivedPushData: 00000000000100000003000104Jl, 00021Kxs, 00030000000Z, 
2016-06-12 18:13:01 INFO 7064 in CPushInfo::OnReceivedPushData: Round news: id=428676836, Serial=733, title=(深互动)华映科技：截止目前公司未参股商业银行, text=, Orgin=深交所互动易
2016-06-12 18:13:01 INFO 7064 in CPushInfo::OnReceivedPushData: 00000000000100000003000100HP, 000200E2, 
2016-06-12 18:16:01 INFO 7064 in CPushInfo::OnReceivedPushData: Round news: id=428677423, Serial=734, title=(深互动)易华录：目前主要布局的是社区养老平台及养老大数据环节, text=, Orgin=深交所互动易
2016-06-12 18:16:01 INFO 7064 in CPushInfo::OnReceivedPushData: 00000000000100000003000107mJ, 0000000000030000, 0002152G, 00030000000Z, 
2016-06-12 18:18:51 INFO 7064 in CPushInfo::OnReceivedPushData: Round news: id=428677446, Serial=735, title=金岭矿业人事大地震 董事长刘远清等3高管集体离职, text=, Orgin=中国网
2016-06-12 18:18:51 INFO 7064 in CPushInfo::OnReceivedPushData: 00000000000100000003000100J0, 000200Fd, 00020ESk, 00020lBo, 00021Z40, 00030000000Z, 
2016-06-12 18:20:32 INFO 7064 in CPushInfo::OnReceivedPushData: Round news: id=428677560, Serial=736, title=保监会副主席陈文辉：下一步偿付能力监管将聚焦四大重点, text=, Orgin=中国证券网
2016-06-12 18:20:32 INFO 7064 in CPushInfo::OnReceivedPushData: 000000000001000000030001009G, 000100Ta00Up, 0002007a, 00030000000Z, 
2016-06-12 18:22:51 INFO 7064 in CPushInfo::OnReceivedPushData: Round news: id=428677144, Serial=737, title=上海浦东机场燃爆事件致多人伤 重伤员气管2/3离断, text=, Orgin=新华网
2016-06-12 18:22:51 INFO 7064 in CPushInfo::OnReceivedPushData: 000000000001000000030001000A, 0000000000010000000B, 0000000000030000, 000000010000, 000000010001, 00020009, 000202S5, 0002DIDr, 
2016-06-12 18:27:52 INFO 7064 in CPushInfo::OnReceivedPushData: Round news: id=428677496, Serial=738, title=(深互动)北玻股份：产业基金规模为5亿元, text=, Orgin=深交所互动易
2016-06-12 18:27:52 INFO 7064 in CPushInfo::OnReceivedPushData: 00000000000100000003000109in, 0000000000030000, 00020kPW, 00030000000Z, 
2016-06-12 18:32:12 INFO 7064 in CPushInfo::OnReceivedPushData: Round news: id=428677585, Serial=739, title=深康佳A：不存在捂盘惜售等违规行为, text=, Orgin=全景网
2016-06-12 18:32:12 INFO 7064 in CPushInfo::OnReceivedPushData: 00000000000100000003000100FM, 0002009d, 000202RK, 0002DJC8, 00030000000Z, 
2016-06-12 18:32:31 INFO 7064 in CPushInfo::OnReceivedPushData: Round news: id=428677628, Serial=740, title=方大集团定增不超过4800万股获核准, text=, Orgin=全景网
2016-06-12 18:32:31 INFO 7064 in CPushInfo::OnReceivedPushData: 00000000000100000003000100Ft, 0000000000030000, 000200AD, 
2016-06-12 18:34:21 INFO 7064 in CPushInfo::OnReceivedPushData: Round news: id=428677737, Serial=741, title=地王制造者：一家由财政部控股的神秘公司, text=, Orgin=搜狐财经
2016-06-12 18:34:21 INFO 7064 in CPushInfo::OnReceivedPushData: 000000000001000000030001009A, 0000000000010000000300031cVC, 0000000000030000, 0002007U, 0002009P, 000201EO, 00020A1B, 00030000000Z, 
2016-06-12 18:35:11 INFO 7064 in CPushInfo::OnReceivedPushData: Round news: id=5601386803, Serial=742, title=MSCI有计划提高上海证券交易所的权重至11万亿, text=, Orgin=中国网
2016-06-12 18:35:11 INFO 7064 in CPushInfo::OnReceivedPushData: 000000000001000000070000, 0000000000010000000B, 
2016-06-12 18:37:00 INFO 7064 in CPushInfo::OnReceivedPushData: Round news: id=428677606, Serial=743, title=普利特拟募资9.5亿元加码主业 实控人认购六成, text=, Orgin=中国证券网
2016-06-12 18:37:00 INFO 7064 in CPushInfo::OnReceivedPushData: 00000000000100000003000103mw, 0000000000030000, 000000050001001P0001, 000000050007000100040002, 00000005000G00050001, 00021BtR, 00030000000Z, 
2016-06-12 18:37:21 INFO 7064 in CPushInfo::OnReceivedPushData: Round news: id=428677156, Serial=744, title=南山铝业调整2015年度分配方案 拟10转15派1元, text=, Orgin=中证网
2016-06-12 18:37:21 INFO 7064 in CPushInfo::OnReceivedPushData: 0000000000010000000300010036, 0000000000030000, 0002002r, 00030000000Z, 
2016-06-12 18:38:01 INFO 7064 in CPushInfo::OnReceivedPushData: Round news: id=428677607, Serial=745, title=证通电子80后监事李明月辞职 任职近2年持400股, text=, Orgin=中国证券网
2016-06-12 18:38:01 INFO 7064 in CPushInfo::OnReceivedPushData: 00000000000100000003000100QS, 0000000000030000, 000000050001001P0001, 000000050007000100040002, 00000005000G00050001, 00020QiL, 00030000000Z, 
2016-06-12 18:39:21 INFO 7064 in CPushInfo::OnReceivedPushData: Round news: id=428677798, Serial=746, title=康盛股份董事会秘书鲁旭波辞职 现任凯利泰独立董事, text=, Orgin=全景网
2016-06-12 18:39:21 INFO 7064 in CPushInfo::OnReceivedPushData: 00000000000100000003000104Y1, 0000000000010000000300010jKi, 00020Vbv, 00021BxR, 00030000000Z, 
2016-06-12 18:43:01 INFO 7064 in CPushInfo::OnReceivedPushData: Round news: id=428677788, Serial=747, title=蔡澈：奔驰并无投资Uber计划, text=, Orgin=财新网
2016-06-12 18:43:01 INFO 7064 in CPushInfo::OnReceivedPushData: 0000000000010000000300010hJ1, 00000000000100020003000100f6, 0000000000010002000300022MBD, 0000000000010002000300022Mx2, 0000000000010002000300071o4L, 0000000000010002000300071xhl, 0000000000010002000300072HGI, 0000000000010002000300072MSc, 0000000000010002000300082PSq, 0000000000010002000300082PX1, 00000000000100020003000A03Lw, 00000000000100020003000A03Nx, 00000000000100020003000B1Qil, 00000000000100020003000B1Qth, 00000000000100020003000B1V3a, 00000000000100020003000B1V3c, 00000000000100020003000B22uB, 00000000000100020003000B24Xm, 0000000000030000, 00020R2g, 00021CpU, 00030000000Z, 00030002000w, 
2016-06-12 18:43:41 INFO 7064 in CPushInfo::OnReceivedPushData: Round news: id=428677790, Serial=748, title=全体大会四：“偿二代”元年 中国保险业改革新起点（实录）, text=, Orgin=财新网
2016-06-12 18:43:41 INFO 7064 in CPushInfo::OnReceivedPushData: 000000000001000000030001009G, 00000000000100000003000100Dj, 000000000001000000030001260D, 00000000000100000003000303wG, 000000000001000000030003048p, 00000000000100000003000305bD, 0002007a, 000200Nc, 000200Nz, 000200X7, 0002015m, 0002015V, 00020DWA, 00020EuX, 00020INn, 00020L7M, 0002Cvy7, 00030000000Z, 
2016-06-12 18:47:42 INFO 7064 in CPushInfo::OnReceivedPushData: Round news: id=428677873, Serial=749, title=工行西班牙分行涉洗黑钱 检方首次披露详细案情, text=, Orgin=中国网
2016-06-12 18:47:42 INFO 7064 in CPushInfo::OnReceivedPushData: 00000000000100000003000100Dt, 00000000000100000003000304Bj, 0000000000030000, 000200xm, 0002D84C, 00030000000Z, 000300000017, 
2016-06-12 18:50:21 INFO 7064 in CPushInfo::OnReceivedPushData: Round news: id=428664575, Serial=750, title=钢铁原材料市场以稳为主, text=, Orgin=钢联资讯
2016-06-12 18:50:21 INFO 7064 in CPushInfo::OnReceivedPushData: 0000000000010001000100010001, 0000000000020008, 000000030001, 0001, 
2016-06-12 18:51:50 INFO 7064 in CPushInfo::OnReceivedPushData: Round news: id=428677735, Serial=751, title=中国重汽前五月销量同比下降近一成, text=, Orgin=全景网
2016-06-12 18:51:50 INFO 7064 in CPushInfo::OnReceivedPushData: 00000000000100000003000100Ma, 00000000000100000003000304EP, 0000000000030000, 000200JI, 000206M1, 
2016-06-12 18:51:50 INFO 7064 in CPushInfo::OnReceivedPushData: Round news: id=428677890, Serial=752, title=深圳机场5月旅客吞吐量同比增长8.2%, text=, Orgin=全景网
2016-06-12 18:51:50 INFO 7064 in CPushInfo::OnReceivedPushData: 00000000000100000003000100G8, 000200AT, 
2016-06-12 19:04:31 INFO 7064 in CPushInfo::OnReceivedPushData: Round news: id=428676709, Serial=753, title=天山股份13日起停牌 拟筹划定增事项, text=, Orgin=中国证券网
2016-06-12 19:04:31 INFO 7064 in CPushInfo::OnReceivedPushData: 00000000000100000003000100Lg, 000200IN, 00030000000Z, 
2016-06-12 19:05:32 INFO 7064 in CPushInfo::OnReceivedPushData: Round news: id=428678001, Serial=754, title=百川股份与海基新能源合作 涉足锂电池领域, text=, Orgin=证券时报网
2016-06-12 19:05:32 INFO 7064 in CPushInfo::OnReceivedPushData: 00000000000100000003000104za, 0000000000030000, 000000050007000K00020000, 00021Ifv, 00030000000Z, 000500000003, 
2016-06-12 19:05:52 INFO 7064 in CPushInfo::OnReceivedPushData: Round news: id=428678009, Serial=755, title=埃斯顿拟9600万参设先进制造产业并购基金, text=, Orgin=证券时报网
2016-06-12 19:05:52 INFO 7064 in CPushInfo::OnReceivedPushData: 00000000000100000003000124XP, 0000000000020000, 0000000000030000, 00030000000Z, 
2016-06-12 19:06:13 INFO 7064 in CPushInfo::OnReceivedPushData: Round news: id=428678065, Serial=756, title=三联虹普股东拟减持不超431万股 占总股本2.89%, text=, Orgin=证券时报网
2016-06-12 19:06:13 INFO 7064 in CPushInfo::OnReceivedPushData: 0000000000010000000300011sp3, 0002DTdS, 00030000000Z, 
2016-06-12 19:07:21 INFO 7064 in CPushInfo::OnReceivedPushData: Round news: id=428677977, Serial=757, title=万达院线前5月票房收入同比增长35%, text=, Orgin=全景网
2016-06-12 19:07:21 INFO 7064 in CPushInfo::OnReceivedPushData: 00000000000100000003000122HH, 00030000000Z, 
2016-06-12 19:07:41 INFO 7064 in CPushInfo::OnReceivedPushData: Round news: id=428678006, Serial=758, title=友邦吊顶定增不超过608万股获得核准, text=, Orgin=全景网
2016-06-12 19:07:41 INFO 7064 in CPushInfo::OnReceivedPushData: 0000000000010000000300011kL1, 
2016-06-12 19:09:01 INFO 7064 in CPushInfo::OnReceivedPushData: Round news: id=428678061, Serial=759, title=上海警方通报浦东机场爆燃案, text=, Orgin=汇通网
2016-06-12 19:09:01 INFO 7064 in CPushInfo::OnReceivedPushData: 0000000000010000000B, 0000000000030000, 000000010000, 000000010001, 0002DIDr, 
2016-06-12 19:20:52 INFO 7064 in CPushInfo::OnReceivedPushData: Round news: id=428678093, Serial=760, title=四川九洲大股东一致人九华投资减持723万股, text=, Orgin=中国证券网
2016-06-12 19:20:52 INFO 7064 in CPushInfo::OnReceivedPushData: 00000000000100000003000100Ks, 0000000000030000, 000000050001001P0001, 000000050007000100040002, 00000005000G00050001, 000200HZ, 00021GtI, 
2016-06-12 19:21:42 INFO 7064 in CPushInfo::OnReceivedPushData: Round news: id=428678151, Serial=761, title=中房地产终止重大资产重组事项, text=, Orgin=中国证券网
2016-06-12 19:21:42 INFO 7064 in CPushInfo::OnReceivedPushData: 00000000000100000003000100K9, 0000000000030000, 000000050001001P0001, 000000050007000100040002, 00000005000G00050001, 000200Go, 000207R2, 00020HJw, 
2016-06-12 19:22:41 INFO 7064 in CPushInfo::OnReceivedPushData: Round news: id=428678114, Serial=762, title=中国银行副行长高迎欣：伦敦已成人民币第二大离岸交易中心, text=, Orgin=中证网
2016-06-12 19:22:41 INFO 7064 in CPushInfo::OnReceivedPushData: 000000000001000000030001009G, 00000000000100000003000100EA, 00000000000100000003000304Ek, 000000000001000400010000, 000000000001000400020000, 0000000000020000, 00000000000200020001, 0002007a, 000200yZ, 00030000000Z, 00030002002m, 
2016-06-12 19:23:11 INFO 7064 in CPushInfo::OnReceivedPushData: Round news: id=428678182, Serial=763, title=国光电器遭股东减持1945万股 占总股本4.66%, text=, Orgin=证券时报网
2016-06-12 19:23:11 INFO 7064 in CPushInfo::OnReceivedPushData: 00000000000100000003000100O0, 0000000000020000, 0000000000030000, 000200Mx, 
2016-06-12 19:23:41 INFO 7064 in CPushInfo::OnReceivedPushData: Round news: id=428678183, Serial=764, title=巨龙管业遭吕氏家族减持1000万股, text=, Orgin=证券时报网
2016-06-12 19:23:41 INFO 7064 in CPushInfo::OnReceivedPushData: 0000000000010000000300010Aco, 0000000000020000, 0000000000030000, 00021Wuk, 00021Wul, 00030000000Z, 
2016-06-12 19:24:31 INFO 7064 in CPushInfo::OnReceivedPushData: Round news: id=428678193, Serial=765, title=巴菲特午餐拍出史上最高价, text=, Orgin=证券时报网
2016-06-12 19:24:31 INFO 7064 in CPushInfo::OnReceivedPushData: 0000000000010000000B, 0000000000020000, 
2016-06-12 19:26:21 INFO 7064 in CPushInfo::OnReceivedPushData: Round news: id=428678194, Serial=766, title=端午假期期间全球股市债市剧烈波动, text=, Orgin=证券时报网
2016-06-12 19:26:21 INFO 7064 in CPushInfo::OnReceivedPushData: 0000000000010000000B, 00000000000100020004, 0000000000020000, 00000000000200020001, 00000003000c0005, 
2016-06-12 19:29:20 INFO 7064 in CPushInfo::OnReceivedPushData: Round news: id=5601425906, Serial=767, title=兴民钢圈董事长解密为何频频收购, text=, Orgin=第一财经
2016-06-12 19:29:20 INFO 7064 in CPushInfo::OnReceivedPushData: 00000000000100000003000103vE, 0000000000030000, 00021INW, 00030000000Z, 
2016-06-12 19:33:21 INFO 7064 in CPushInfo::OnReceivedPushData: Round news: id=428678200, Serial=768, title=(深互动)云海金属：2016年6月12日投资者关系活动记录表, text=, Orgin=深交所互动易
2016-06-12 19:33:21 INFO 7064 in CPushInfo::OnReceivedPushData: 00000000000100000003000100QD, 0000000000030000, 00030000000Z, 
2016-06-12 19:34:01 INFO 7064 in CPushInfo::OnReceivedPushData: Round news: id=428678201, Serial=769, title=(深互动)中航光电：2016年6月7日投资者关系活动记录表, text=, Orgin=深交所互动易
2016-06-12 19:34:01 INFO 7064 in CPushInfo::OnReceivedPushData: 00000000000100000003000100QA, 0000000000030000, 00030000000Z, 
2016-06-12 19:34:21 INFO 7064 in CPushInfo::OnReceivedPushData: Round news: id=428678202, Serial=770, title=(深互动)中航光电：2016年6月8日投资者关系活动记录表, text=, Orgin=深交所互动易
2016-06-12 19:34:21 INFO 7064 in CPushInfo::OnReceivedPushData: 00000000000100000003000100QA, 0000000000030000, 00030000000Z, 
2016-06-12 19:35:01 INFO 7064 in CPushInfo::OnReceivedPushData: Round news: id=428678203, Serial=771, title=(深互动)达刚路机：2016年6月8日投资者关系活动记录表, text=, Orgin=深交所互动易
2016-06-12 19:35:01 INFO 7064 in CPushInfo::OnReceivedPushData: 000000000001000000030001051t, 00030000000Z, 
2016-06-12 19:35:51 INFO 7064 in CPushInfo::OnReceivedPushData: Round news: id=428678204, Serial=772, title=(深互动)北京科锐：2016年6月8日投资者关系活动记录表, text=, Orgin=深交所互动易
2016-06-12 19:35:51 INFO 7064 in CPushInfo::OnReceivedPushData: 00000000000100000003000103t1, 0000000000030000, 
2016-06-12 19:36:11 INFO 7064 in CPushInfo::OnReceivedPushData: Round news: id=428678205, Serial=773, title=(深互动)万顺股份：2016年6月7日投资者关系活动记录表, text=, Orgin=深交所互动易
2016-06-12 19:36:11 INFO 7064 in CPushInfo::OnReceivedPushData: 00000000000100000003000104Jl, 
2016-06-12 19:37:02 INFO 7064 in CPushInfo::OnReceivedPushData: Round news: id=428678206, Serial=774, title=(深互动)万顺股份：2016年6月8日投资者关系活动记录表, text=, Orgin=深交所互动易
2016-06-12 19:37:02 INFO 7064 in CPushInfo::OnReceivedPushData: 00000000000100000003000104Jl, 00030000000Z, 
2016-06-12 19:40:32 INFO 7064 in CPushInfo::OnReceivedPushData: Round news: id=428678207, Serial=775, title=(深互动)博世科：2016年6月7日投资者关系活动记录表, text=, Orgin=深交所互动易
2016-06-12 19:40:32 INFO 7064 in CPushInfo::OnReceivedPushData: 00000000000100000003000123eM, 0000000000030000, 
2016-06-12 19:42:01 INFO 7064 in CPushInfo::OnReceivedPushData: Round news: id=428678199, Serial=776, title=(深互动)四川美丰：2016年6月7日投资者关系活动记录表, text=, Orgin=深交所互动易
2016-06-12 19:42:01 INFO 7064 in CPushInfo::OnReceivedPushData: 00000000000100000003000100K5, 0000000000030000, 00030000000Z, 
2016-06-12 19:43:12 INFO 7064 in CPushInfo::OnReceivedPushData: Round news: id=428678208, Serial=777, title=(深互动)四川美丰：2016年6月7日调研活动附件之投资者调研现..., text=, Orgin=深交所互动易
2016-06-12 19:43:12 INFO 7064 in CPushInfo::OnReceivedPushData: 00000000000100000003000100K5, 0000000000030000, 00030000000Z, 
2016-06-12 19:43:42 INFO 7064 in CPushInfo::OnReceivedPushData: Round news: id=5601427547, Serial=778, title=(深互动)东音股份：2016年6月8日投资者关系活动记录表, text=, Orgin=深交所互动易
2016-06-12 19:43:42 INFO 7064 in CPushInfo::OnReceivedPushData: 0000000000010000000300012Pdv, 00030000000Z, 
2016-06-12 19:45:12 INFO 7064 in CPushInfo::OnReceivedPushData: Round news: id=428678307, Serial=779, title=美尚生态13日复牌 拟15亿收购资产拓展主业, text=, Orgin=中国证券网
2016-06-12 19:45:12 INFO 7064 in CPushInfo::OnReceivedPushData: 000000000001000000030001004s, 0000000000010000000300012AGJ, 000200L2, 00030000000Z, 
2016-06-12 19:45:41 INFO 7064 in CPushInfo::OnReceivedPushData: Round news: id=428678054, Serial=780, title=文化长城重组获证监会有条件通过 13日起复牌, text=, Orgin=中国证券网
2016-06-12 19:45:41 INFO 7064 in CPushInfo::OnReceivedPushData: 00000000000100000003000104bz, 000200jP, 00030000000Z, 
2016-06-12 19:47:01 INFO 7064 in CPushInfo::OnReceivedPushData: Round news: id=5601427778, Serial=781, title=(深互动)任子行：2016年6月7日投资者关系活动记录表, text=, Orgin=深交所互动易
2016-06-12 19:47:01 INFO 7064 in CPushInfo::OnReceivedPushData: 0000000000010000000300010hKi, 0002DRU5, 00030000000Z, 
2016-06-12 19:47:22 INFO 7064 in CPushInfo::OnReceivedPushData: Round news: id=428675647, Serial=782, title=国信证券：MSCI临近影响市场情绪 但不会改变A股趋势, text=, Orgin=中国网
2016-06-12 19:47:22 INFO 7064 in CPushInfo::OnReceivedPushData: 0000000000010000000B, 000000050007000100010004, 00030000000Z, 
2016-06-12 19:49:22 INFO 7064 in CPushInfo::OnReceivedPushData: Round news: id=428677556, Serial=783, title=新三板“分层焦虑症”发作 42家公司集体出逃拟IPO, text=, Orgin=新浪财经
2016-06-12 19:49:22 INFO 7064 in CPushInfo::OnReceivedPushData: 000000000001000000030007, 0001, 000500000003, 
2016-06-12 19:49:42 INFO 7064 in CPushInfo::OnReceivedPushData: Round news: id=428678181, Serial=784, title=青岛金王股东减持292万股 占总股本0.9071%, text=, Orgin=中国证券网
2016-06-12 19:49:42 INFO 7064 in CPushInfo::OnReceivedPushData: 00000000000100000003000100On, 00020Mos, 00030000000Z, 
2016-06-12 19:51:11 INFO 7064 in CPushInfo::OnReceivedPushData: Round news: id=5601498694, Serial=785, title=水汝庆：绿色债券市场刚引入 起步发展比较顺利, text=, Orgin=网易财经
2016-06-12 19:51:11 INFO 7064 in CPushInfo::OnReceivedPushData: 00000000000100020000, 00000000000200020000, 
2016-06-12 19:53:22 INFO 7064 in CPushInfo::OnReceivedPushData: Round news: id=428678406, Serial=786, title=阿里影业CEO：中国票房没泡沫 最终会突破2000亿, text=, Orgin=新浪财经
2016-06-12 19:53:22 INFO 7064 in CPushInfo::OnReceivedPushData: 00000000000100000003000103fp, 00000000000100000003000122HH, 000000000001000000030003049j, 00021DUv, 00030000000Z, 
2016-06-12 19:54:32 INFO 7064 in CPushInfo::OnReceivedPushData: Round news: id=5601587454, Serial=787, title=诺基亚GPON移动回传网络解决方案, text=, Orgin=腾讯财经
2016-06-12 19:54:32 INFO 7064 in CPushInfo::OnReceivedPushData: 000000000001000000030005, 0000000000030000, 00030001002n, 
2016-06-12 20:00:31 INFO 7064 in CPushInfo::OnReceivedPushData: Round news: id=428678390, Serial=788, title=(深互动)东富龙：重庆精准医疗中心是以精准医疗研、产、销为一体的大生态系统, text=, Orgin=深交所互动易
2016-06-12 20:00:31 INFO 7064 in CPushInfo::OnReceivedPushData: 00000000000100000003000107TM, 0000000000030000, 00020s2r, 00030000000Z, 
2016-06-12 20:01:40 INFO 7064 in CPushInfo::OnReceivedPushData: Round news: id=428678482, Serial=789, title=(深互动)神州长城：富冠投资没有减持公司股票, text=, Orgin=深交所互动易
2016-06-12 20:01:40 INFO 7064 in CPushInfo::OnReceivedPushData: 00000000000100000003000100Fg, 00000000000100000003000100FO, 0000000000030000, 0002009f, 0002009x, 00030000000Z, 
2016-06-12 20:07:51 INFO 7064 in CPushInfo::OnReceivedPushData: Round news: id=5601589323, Serial=790, title=阿里娱乐宝进军衍生品 徐静蕾制作手包拍卖万元, text=, Orgin=网易财经
2016-06-12 20:07:51 INFO 7064 in CPushInfo::OnReceivedPushData: 000000000001000000030003049j, 0000000000030000, 000200Xo, 
2016-06-12 20:09:22 INFO 7064 in CPushInfo::OnReceivedPushData: Round news: id=428678607, Serial=791, title=精功科技签署9400万元设备采购合同, text=, Orgin=全景网
2016-06-12 20:09:22 INFO 7064 in CPushInfo::OnReceivedPushData: 00000000000100000003000100ID, 00000000000100000003000100NN, 0000000000030000, 000200M4, 00030000000Z, 
2016-06-12 20:16:02 INFO 7064 in CPushInfo::OnReceivedPushData: Round news: id=5601613216, Serial=792, title=12家期货公司“保险+期货”试点获批, text=, Orgin=中国证券网
2016-06-12 20:16:02 INFO 7064 in CPushInfo::OnReceivedPushData: 00000000000100010000, 0000000000030000, 0001, 000100Ta00Uo012H, 000100Ta00Up, 00020C5Q, 00020FTI, 00020FYI, 00020LGq, 00030000000Z, 
2016-06-12 20:16:41 INFO 7064 in CPushInfo::AddInfo2Array: Remove the old news for the same id: id=5601613216, Serial=792,title=12家期货公司“保险+期货”试点获批, text=, Orgin=中国证券网
2016-06-12 20:16:41 INFO 7064 in CPushInfo::AddInfo2Array: 000000000000, 00000000000100010000, 0000000000030000, 0000000300020002, 0000000300020008, 0001, 000100Ta00Uo012H, 000100Ta00Up, 00020C5Q, 00020FTI, 00020FYI, 00020LGq, 00030000000Z, 
2016-06-12 20:16:41 INFO 7064 in CPushInfo::OnReceivedPushData: Round news: id=5601613216, Serial=792, title=12家期货公司“保险+期货”试点获批, text=, Orgin=中国证券网
2016-06-12 20:16:41 INFO 7064 in CPushInfo::OnReceivedPushData: 000000000000, 00000000000100010000, 0000000000030000, 0000000300020002, 0000000300020008, 0001, 000100Ta00Uo012H, 000100Ta00Up, 00020C5Q, 00020FTI, 00020FYI, 00020LGq, 00030000000Z, 
2016-06-12 20:18:40 INFO 7064 in CPushInfo::OnReceivedPushData: Round news: id=428677289, Serial=794, title=宋城演艺与浙江传媒学院开办“浙传宋城班”, text=, Orgin=中证网
2016-06-12 20:18:40 INFO 7064 in CPushInfo::OnReceivedPushData: 00000000000100000003000106md, 0000000000030000, 
2016-06-12 20:19:35 INFO 7064 in CPushInfo::OnReceivedPushData: Round news: id=428677866, Serial=795, title=新光药业中签率为0.0234578885%, text=, Orgin=中证网
2016-06-12 20:19:35 INFO 7064 in CPushInfo::OnReceivedPushData: 00000000000100000003000103nr, 0000000000010000000300012TY3, 00021DPt, 00030000000Z, 
2016-06-12 20:21:41 INFO 7064 in CPushInfo::OnReceivedPushData: Round news: id=428678791, Serial=796, title=电影人直面行业四大泡沫, text=, Orgin=证券时报网
2016-06-12 20:21:41 INFO 7064 in CPushInfo::OnReceivedPushData: 00000000000100000003000103fp, 00000000000100000003000122HH, 000000000001000000030003049j, 00021DUv, 
2016-06-12 20:30:02 INFO 7064 in CPushInfo::OnReceivedPushData: Round news: id=428678830, Serial=797, title=恒大淘宝“球衣换广告”被判违约 东家出钱指使为哪般, text=, Orgin=新浪财经
2016-06-12 20:30:02 INFO 7064 in CPushInfo::OnReceivedPushData: 000000000001000000030001004g, 000000000001000000030003045v, 00000000000100000003000304E7, 0000000000010000000300062HEX, 0002004I, 00020ios, 00020JrI, 00020NKr, 00020TeA, 0002EgLS, 
2016-06-12 20:31:31 INFO 7064 in CPushInfo::OnReceivedPushData: Round news: id=428678822, Serial=798, title=雪峰科技原监事夏咸平短线交易 遭上交所监管关注, text=, Orgin=新浪财经
2016-06-12 20:31:31 INFO 7064 in CPushInfo::OnReceivedPushData: 000000000001000000030001276G, 0000000000010000000300031rwp, 000200kM, 0002DUDJ, 0002EHDC, 00030000000Z, 
2016-06-12 20:32:20 INFO 7064 in CPushInfo::OnReceivedPushData: Round news: id=428678831, Serial=799, title=红土创新张剑斌：在等新三板最好的投资机会, text=, Orgin=新浪财经
2016-06-12 20:32:20 INFO 7064 in CPushInfo::OnReceivedPushData: 00000000000100000003000621x2, 000000000001000000030007, 0000000000010000000B, 000000050001001C000000040000, 000000050001001C000100010002, 0001, 000100Ta00Uo, 00030000000Z, 
2016-06-12 20:39:52 INFO 7064 in CPushInfo::OnReceivedPushData: Round news: id=5601616135, Serial=800, title=微信群变相上演“赌博” 10分钟损失上万元, text=, Orgin=央视
2016-06-12 20:39:52 INFO 7064 in CPushInfo::OnReceivedPushData: 000000000001000000030003045n, 0000000000030000, 000200VH, 
2016-06-12 20:41:21 INFO 7064 in CPushInfo::OnReceivedPushData: Round news: id=428678788, Serial=801, title=中国太保澄清：多项投资仍存不确定性, text=, Orgin=全景网
2016-06-12 20:41:21 INFO 7064 in CPushInfo::OnReceivedPushData: 00000000000100000003000100Dw, 00000000000100000003000304DT, 0000000000030000, 000200ju, 0002015V, 00020Bdx, 00020Gck, 00020INn, 00030000000Z, 000300000017, 
2016-06-12 20:42:21 INFO 7064 in CPushInfo::OnReceivedPushData: Round news: id=5601616255, Serial=802, title=中民投资本旗下第二家海外投资平台落地香港, text=, Orgin=第一财经
2016-06-12 20:42:21 INFO 7064 in CPushInfo::OnReceivedPushData: 00000000000100000003000303zR, 0000000000030000, 000200QO, 000300000017, 
2016-06-12 20:42:42 INFO 7064 in CPushInfo::OnReceivedPushData: Round news: id=5601616292, Serial=803, title=万盛股份信披违规 董事长高献国董秘宋丽娟遭监管关注, text=, Orgin=中证网
2016-06-12 20:42:42 INFO 7064 in CPushInfo::OnReceivedPushData: 0000000000010000000300011xmA, 0000000000030000, 0002EIsF, 
2016-06-12 20:45:31 INFO 7064 in CPushInfo::OnReceivedPushData: Round news: id=5601616435, Serial=804, title=并购重组公司小心了：“43条”规定成大杀器, text=, Orgin=证券时报网
2016-06-12 20:45:31 INFO 7064 in CPushInfo::OnReceivedPushData: 0000000000010000000B, 00000003000c00060002, 0001, 000100Ta00Uo, 00030000000Z, 
2016-06-12 20:59:02 INFO 7064 in CPushInfo::OnReceivedPushData: Round news: id=5601618082, Serial=805, title=杨元庆：联想手机将在中国重新起步, text=, Orgin=第一财经
2016-06-12 20:59:02 INFO 7064 in CPushInfo::OnReceivedPushData: 0000000000010000000300030498, 0000000000030000, 000200XL, 000300000017, 
2016-06-12 20:59:31 INFO 7064 in CPushInfo::OnReceivedPushData: Round news: id=428678196, Serial=806, title=端午假期期间全球股市债市剧烈波动, text=, Orgin=证券时报网
2016-06-12 20:59:31 INFO 7064 in CPushInfo::OnReceivedPushData: 000000000001000200020002, 00000000000100020004, 0000000000020000, 00000003000c00060007, 
2016-06-12 21:02:11 INFO 7064 in CPushInfo::OnReceivedPushData: Round news: id=428679022, Serial=807, title=关于新三板僵尸股的看法, text=, Orgin=微信公众号
2016-06-12 21:02:11 INFO 7064 in CPushInfo::OnReceivedPushData: 0000000000010000000300061y7P, 0000000000010000000300061zBI, 00000000000100000003000629rI, 0000000000010000000300062KqK, 000000000001000000030007, 0000000000010000000B, 00000003000c00060002, 0001, 000100Ta00Uo, 00030000000Z, 
2016-06-12 21:02:52 INFO 7064 in CPushInfo::OnReceivedPushData: Round news: id=428678963, Serial=808, title=【陆家嘴论坛】英国退欧对伦敦金融中心影响几何？, text=, Orgin=财新网
2016-06-12 21:02:52 INFO 7064 in CPushInfo::OnReceivedPushData: 000000000001000000030001009G, 00000000000100000003000100EA, 00000000000100000003000304Ek, 00000000000200020001, 0000000100010002, 0002007a, 000200yZ, 00030000000Z, 00030002002m, 
2016-06-12 21:05:52 INFO 7064 in CPushInfo::OnReceivedPushData: Round news: id=428678569, Serial=809, title=森东电力实控人辞职后失联，主办券商现场核查遭“敷衍”, text=, Orgin=微信公众号
2016-06-12 21:05:52 INFO 7064 in CPushInfo::OnReceivedPushData: 0000000000010000000300010hOD, 0000000000010000000300062Cqt, 000200k9, 0002EwCO, 
2016-06-12 21:07:41 INFO 7064 in CPushInfo::OnReceivedPushData: Round news: id=428678515, Serial=810, title=PE/VC新三板投资金额同比增长229.74%，新三板将成为未来股权投资“中场”, text=, Orgin=微信公众号
2016-06-12 21:07:41 INFO 7064 in CPushInfo::OnReceivedPushData: 00000000000100000003000100Th, 00000000000100000003000109Nz, 0000000000010000000300061VDl, 00000000000100000003000624Qy, 0000000000010000000300062Bh0, 0000000000010000000300062BuP, 0000000000010000000300062E1q, 0000000000010000000300062Gl5, 0000000000010000000300062GMo, 0000000000010000000300062GTJ, 0000000000010000000300062J9g, 0000000000010000000300062Jhp, 00030000000Z, 
2016-06-12 21:10:41 INFO 7064 in CPushInfo::OnReceivedPushData: Round news: id=5601619761, Serial=811, title=*ST济柴重组拟获注中石油集团金融资产, text=, Orgin=中国证券网
2016-06-12 21:10:41 INFO 7064 in CPushInfo::OnReceivedPushData: 00000000000100000003000100Ib, 0000000000030000, 000200FE, 000200p5, 0002DOay, 00030000000Z, 
2016-06-12 21:11:51 INFO 7064 in CPushInfo::OnReceivedPushData: Round news: id=428679162, Serial=812, title=南钢股份业绩预告不严谨 董事长黄一新等5人遭监管关注, text=, Orgin=中证网
2016-06-12 21:11:51 INFO 7064 in CPushInfo::OnReceivedPushData: 0000000000010000000300010041, 0000000000030000, 000000050001001P0001, 000000050007000100040002, 00000005000G00050001, 0002001W, 0002003h, 000200kM, 000203Il, 000203Im, 0002048W, 00020A3w, 00020JRx, 00020Kzk, 00020Lkh, 00020LkJ, 00020Pq2, 00021Aw5, 00021GwR, 0002DDrA, 0002EoBv, 
2016-06-12 21:16:22 INFO 7064 in CPushInfo::OnReceivedPushData: Round news: id=428678670, Serial=813, title=“三无”“四不像”――新型研发机构能否书写中国创新新格局？, text=, Orgin=搜狐财经
2016-06-12 21:16:22 INFO 7064 in CPushInfo::OnReceivedPushData: 00000000000100000003000103fm, 0000000000010000000300061r1s, 0000000000010000000300062REV, 00000000000200020000, 000000050007000600010000, 000000050007000F00010000, 000000050007000O00020000, 00020B2n, 00020BNi, 00020C94, 00020LQ9, 00030000000Z, 
2016-06-12 21:24:41 INFO 7064 in CPushInfo::OnReceivedPushData: Round news: id=5601629655, Serial=814, title=恒瑞医药信息披露违规 董事长孙飘扬遭监管关注, text=, Orgin=中证网
2016-06-12 21:24:41 INFO 7064 in CPushInfo::OnReceivedPushData: 000000000001000000030001003v, 0002003b, 00030000000Z, 
2016-06-12 21:28:51 INFO 7064 in CPushInfo::OnReceivedPushData: Round news: id=428678816, Serial=815, title=浦东机场爆燃案件系人为 已致5人受伤, text=, Orgin=新华网
2016-06-12 21:28:51 INFO 7064 in CPushInfo::OnReceivedPushData: 0000000000010000000B, 0000000000030000, 000000010000, 000000010001, 0000000100010001, 
2016-06-12 21:30:31 INFO 7064 in CPushInfo::OnReceivedPushData: Round news: id=428678912, Serial=816, title=浦东机场燃爆案3名伤者身份曝光 年龄均超50岁, text=, Orgin=中华网
2016-06-12 21:30:31 INFO 7064 in CPushInfo::OnReceivedPushData: 0000000000010000000B, 0000000000030000, 000000010000, 000000010001, 0002DIDr, 00030000000Z, 
2016-06-12 21:34:02 INFO 7064 in CPushInfo::OnReceivedPushData: Round news: id=428679350, Serial=817, title=浦东机场爆燃事件调查结果出炉 或影响这些概念股, text=, Orgin=新浪财经
2016-06-12 21:34:02 INFO 7064 in CPushInfo::OnReceivedPushData: 00000000000100000000, 000000000001000000030001000A, 000000000001000000030001001N, 00000000000100000003000100AJ, 00000000000100000003000100CM, 00000000000100000003000100Q9, 00000000000100000003000100Qj, 00000000000100000003000100R5, 00000000000100000003000100Rb, 00000000000100000003000104ay, 00000000000100000003000104hM, 00000000000100000003000104Xa, 00000000000100000003000104Xc, 00000000000100000003000105aq, 00000000000100000003000107aj, 00000000000100000003000107KF, 00000000000100000003000109Iv, 0000000000010000000300010CXS, 0000000000010000000300010hKi, 000000000001000000030001260Z, 0000000000010000000300062FBh, 0000000000010000000B, 0000000000030000, 000000050007000K00020000, 00020009, 0002001B, 000200BJ, 000200Cq, 000202S5, 00020M0v, 00020pLI, 00020Q6i, 00020Rft, 00020RiC, 00020TiL, 00020VT1, 00020xer, 00021Bqn, 00021CYQ, 00021Dh3, 0002BU4c, 0002D72z, 0002DIDr, 0002DO6u, 0002DRU5, 00030000000Z, 000500000003, 
2016-06-12 22:28:32 INFO 7064 in CPushInfo::OnReceivedPushData: Round news: id=428678885, Serial=818, title=凯迪生态设立投资基金, text=, Orgin=中证网
2016-06-12 22:28:32 INFO 7064 in CPushInfo::OnReceivedPushData: 00000000000100000003000100MW, 0000000000030000, 00030000000Z, 
