[2016 06 12 14:45:46] thread start
[2016 06 12 14:47:36] thread pos 2 exit!
[2016 06 12 14:47:36] thread pos 2 exit!
[2016 06 12 14:47:51] thread start
[2016 06 12 22:46:00] thread pos 2 exit!
[2016 06 12 22:46:00] thread pos 2 exit!
[2016 06 12 22:48:26] thread start
[2016 06 12 22:50:31] thread pos 2 exit!
[2016 06 12 22:50:31] thread pos 2 exit!
[2016 06 12 22:59:56] thread start
[2016 06 12 23:02:31] thread pos 2 exit!
[2016 06 12 23:02:31] thread pos 2 exit!
[2016 06 13 08:55:21] thread start
[2016 06 13 22:07:24] thread pos 2 exit!
[2016 06 13 22:07:24] thread pos 2 exit!
[2016 06 13 22:07:31] thread start
[2016 06 13 22:16:49] thread pos 2 exit!
[2016 06 13 22:16:49] thread pos 2 exit!
[2016 06 13 22:16:57] thread start
[2016 06 14 08:55:11] thread start
[2016 06 14 23:25:23] thread pos 2 exit!
[2016 06 14 23:25:23] thread pos 2 exit!
[2016 06 15 09:02:17] thread start
[2016 06 15 10:57:27] thread pos 2 exit!
[2016 06 15 10:57:27] thread pos 2 exit!
[2016 06 15 10:57:34] thread start
[2016 06 15 15:00:37] thread pos 2 exit!
[2016 06 15 15:00:37] thread pos 2 exit!
[2016 06 15 15:02:17] thread start
[2016 06 15 15:14:30] thread pos 2 exit!
[2016 06 15 15:14:30] thread pos 2 exit!
[2016 06 15 22:18:24] thread start
[2016 06 15 22:59:06] thread pos 2 exit!
[2016 06 15 22:59:06] thread pos 2 exit!
[2016 06 16 09:18:27] thread start
[2016 06 16 15:02:55] thread pos 2 exit!
[2016 06 16 15:02:55] thread pos 2 exit!
[2016 06 16 21:54:45] thread start
[2016 06 16 22:34:21] thread pos 2 exit!
[2016 06 16 22:34:21] thread pos 2 exit!
[2016 06 16 22:34:28] thread start
[2016 06 16 23:01:59] thread pos 2 exit!
[2016 06 16 23:01:59] thread pos 2 exit!
[2016 06 16 23:02:02] thread start
[2016 06 17 09:09:36] thread start
[2016 06 17 09:09:37] thread pos 2 disconnect!
[2016 06 18 17:37:11] thread start
[2016 06 18 17:44:41] thread pos 2 exit!
[2016 06 18 17:44:41] thread pos 2 exit!
[2016 06 18 17:45:09] thread start
[2016 06 18 22:54:29] thread start
[2016 06 18 22:54:31] thread pos 2 disconnect!
[2016 06 19 13:15:12] thread start
[2016 06 19 13:30:06] thread pos 2 exit!
[2016 06 19 13:30:06] thread pos 2 exit!
[2016 06 19 13:30:11] thread start
[2016 06 19 16:56:26] thread pos 2 exit!
[2016 06 19 16:56:26] thread pos 2 exit!
[2016 06 19 16:59:24] thread start
[2016 06 19 17:06:31] thread pos 2 exit!
[2016 06 19 17:06:31] thread pos 2 exit!
[2016 06 19 17:34:46] thread start
[2016 06 19 17:54:19] thread pos 2 exit!
[2016 06 19 17:54:19] thread pos 2 exit!
[2016 06 19 17:54:23] thread start
[2016 06 19 18:01:31] thread pos 2 exit!
[2016 06 19 18:01:31] thread pos 2 exit!
[2016 06 19 18:01:35] thread start
[2016 06 19 18:25:24] thread pos 2 exit!
[2016 06 19 18:25:24] thread pos 2 exit!
[2016 06 19 18:25:27] thread start
[2016 06 19 18:38:13] thread pos 2 exit!
[2016 06 19 18:38:13] thread pos 2 exit!
[2016 06 19 18:38:19] thread start
[2016 06 19 18:58:15] thread pos 2 exit!
[2016 06 19 18:58:15] thread pos 2 exit!
[2016 06 19 18:58:19] thread start
[2016 06 19 19:06:17] thread pos 2 exit!
[2016 06 19 19:06:17] thread pos 2 exit!
[2016 06 19 19:06:24] thread start
[2016 06 19 20:20:33] thread pos 2 exit!
[2016 06 19 20:20:33] thread pos 2 exit!
[2016 06 19 20:23:10] thread start
[2016 06 19 20:23:45] thread pos 2 exit!
[2016 06 19 20:23:45] thread pos 2 exit!
[2016 06 19 20:42:49] thread start
[2016 06 19 20:44:48] thread pos 2 exit!
[2016 06 19 20:44:48] thread pos 2 exit!
[2016 06 19 20:44:51] thread start
[2016 06 19 20:58:42] thread pos 2 exit!
[2016 06 19 20:58:42] thread pos 2 exit!
[2016 06 19 21:00:24] thread start
[2016 06 19 21:00:28] thread pos 2 exit!
[2016 06 19 21:00:28] thread pos 2 exit!
[2016 06 19 21:00:31] thread start
[2016 06 19 21:00:32] thread pos 2 disconnect!
[2016 06 19 21:52:17] thread pos 2 exit!
[2016 06 19 21:52:17] thread pos 2 exit!
[2016 06 19 21:52:21] thread start
[2016 06 19 21:52:25] thread pos 2 exit!
[2016 06 19 21:52:25] thread pos 2 exit!
[2016 06 19 21:52:34] thread start
[2016 06 19 21:52:35] thread pos 2 disconnect!
[2016 06 19 21:52:45] thread pos 2 exit!
[2016 06 19 21:52:45] thread pos 2 exit!
[2016 06 19 21:52:48] thread start
[2016 06 19 21:52:50] thread pos 2 disconnect!
[2016 06 19 21:52:57] thread pos 2 exit!
[2016 06 19 21:52:57] thread pos 2 exit!
[2016 06 19 21:53:05] thread start
[2016 06 19 21:53:15] thread pos 2 exit!
[2016 06 19 21:53:15] thread pos 2 exit!
[2016 06 19 21:55:24] thread start
[2016 06 19 21:57:05] thread pos 2 exit!
[2016 06 19 21:57:05] thread pos 2 exit!
[2016 06 19 21:57:08] thread start
[2016 06 19 21:58:05] thread pos 2 exit!
[2016 06 19 21:58:05] thread pos 2 exit!
[2016 06 19 21:58:08] thread start
[2016 06 19 21:58:22] thread pos 2 exit!
[2016 06 19 21:58:22] thread pos 2 exit!
[2016 06 19 21:58:24] thread start
[2016 06 19 22:50:13] thread pos 2 exit!
[2016 06 19 22:50:13] thread pos 2 exit!
[2016 06 20 08:50:37] thread start
[2016 06 20 08:50:44] thread pos 2 exit!
[2016 06 20 08:50:44] thread pos 2 exit!
[2016 06 20 09:04:59] thread start
[2016 06 20 09:30:44] thread pos 2 exit!
[2016 06 20 09:30:44] thread pos 2 exit!
[2016 06 20 21:40:02] thread start
[2016 06 20 22:22:29] thread pos 2 exit!
[2016 06 20 22:22:29] thread pos 2 exit!
[2016 06 26 18:00:29] thread start
[2016 06 26 19:21:32] thread pos 2 exit!
[2016 06 26 19:21:32] thread pos 2 exit!
[2016 06 26 19:21:38] thread start
[2016 06 26 19:26:53] thread pos 2 exit!
[2016 06 26 19:26:53] thread pos 2 exit!
[2016 06 26 19:28:57] thread start
[2016 06 26 19:38:05] thread pos 2 exit!
[2016 06 26 19:38:05] thread pos 2 exit!
[2016 06 26 19:38:45] thread start
[2016 06 26 19:39:04] thread pos 2 exit!
[2016 06 26 19:39:04] thread pos 2 exit!
[2016 06 26 20:38:48] thread start
[2016 06 26 20:39:31] thread pos 2 exit!
[2016 06 26 20:39:31] thread pos 2 exit!
[2016 06 26 20:40:00] thread start
[2016 06 26 23:08:10] thread pos 2 exit!
[2016 06 26 23:08:10] thread pos 2 exit!
[2016 06 27 09:16:40] thread start
[2016 06 27 15:06:12] thread pos 2 exit!
[2016 06 27 15:06:12] thread pos 2 exit!
[2016 06 27 15:06:29] thread start
[2016 06 27 15:06:57] thread pos 2 exit!
[2016 06 27 15:06:57] thread pos 2 exit!
[2016 06 27 20:12:25] thread start
[2016 06 27 22:44:23] thread pos 2 exit!
[2016 06 27 22:44:23] thread pos 2 exit!
[2016 06 28 09:13:31] thread start
[2016 06 28 15:13:32] thread pos 2 exit!
[2016 06 28 15:13:32] thread pos 2 exit!
[2016 06 28 15:13:39] thread start
[2016 06 28 18:58:50] thread pos 2 exit!
[2016 06 28 18:58:50] thread pos 2 exit!
[2016 06 28 20:10:40] thread start
[2016 06 29 14:58:55] thread pos 2 exit!
[2016 06 29 14:58:55] thread pos 2 exit!
[2016 06 29 15:00:39] thread start
[2016 06 29 15:01:11] thread pos 2 exit!
[2016 06 29 15:01:11] thread pos 2 exit!
[2016 06 29 16:03:50] thread start
[2016 06 29 16:04:17] thread pos 2 exit!
[2016 06 29 16:04:17] thread pos 2 exit!
[2016 06 29 20:55:47] thread start
[2016 06 29 22:57:38] thread pos 2 exit!
[2016 06 29 22:57:38] thread pos 2 exit!
[2016 06 30 09:01:37] thread start
[2016 06 30 15:02:04] thread pos 2 exit!
[2016 06 30 15:02:04] thread pos 2 exit!
[2016 06 30 15:02:08] thread start
[2016 06 30 15:08:23] thread pos 2 exit!
[2016 06 30 15:08:23] thread pos 2 exit!
[2016 06 30 22:48:35] thread start
[2016 06 30 22:51:19] thread pos 2 exit!
[2016 06 30 22:51:19] thread pos 2 exit!
[2016 07 01 09:14:39] thread start
[2016 07 01 15:56:53] thread pos 2 exit!
[2016 07 01 15:56:53] thread pos 2 exit!
[2016 07 04 09:12:19] thread start
[2016 07 04 15:01:07] thread pos 2 exit!
[2016 07 04 15:01:07] thread pos 2 exit!
[2016 07 04 21:25:31] thread start
[2016 07 04 22:20:59] thread pos 2 exit!
[2016 07 04 22:20:59] thread pos 2 exit!
[2016 07 05 09:05:14] thread start
[2016 07 05 15:00:04] thread pos 2 exit!
[2016 07 05 15:00:04] thread pos 2 exit!
[2016 07 05 15:00:08] thread start
[2016 07 05 15:00:24] thread pos 2 exit!
[2016 07 05 15:00:24] thread pos 2 exit!
[2016 07 06 09:12:48] thread start
[2016 07 06 14:57:16] thread pos 2 exit!
[2016 07 06 14:57:16] thread pos 2 exit!
[2016 07 06 14:57:20] thread start
[2016 07 06 15:56:37] thread pos 2 exit!
[2016 07 06 15:56:37] thread pos 2 exit!
[2016 07 07 08:55:32] thread start
[2016 07 07 14:58:41] thread pos 2 exit!
[2016 07 07 14:58:41] thread pos 2 exit!
[2016 07 07 14:58:50] thread start
[2016 07 07 14:59:07] thread pos 2 exit!
[2016 07 07 14:59:07] thread pos 2 exit!
[2016 07 08 09:06:39] thread start
[2016 07 08 15:04:04] thread pos 2 exit!
[2016 07 08 15:04:04] thread pos 2 exit!
[2016 07 08 15:04:11] thread start
[2016 07 08 15:04:30] thread pos 2 exit!
[2016 07 08 15:04:30] thread pos 2 exit!
[2016 07 11 09:01:53] thread start
[2016 07 11 15:01:52] thread pos 2 exit!
[2016 07 11 15:01:52] thread pos 2 exit!
[2016 07 12 09:18:42] thread start
[2016 07 12 15:04:10] thread pos 2 exit!
[2016 07 12 15:04:10] thread pos 2 exit!
[2016 07 13 09:15:01] thread start
[2016 07 13 10:04:10] thread pos 2 exit!
[2016 07 13 10:04:10] thread pos 2 exit!
[2016 07 13 10:04:24] thread start
[2016 07 13 14:58:05] thread pos 2 exit!
[2016 07 13 14:58:05] thread pos 2 exit!
[2016 07 14 09:09:49] thread start
[2016 07 14 09:13:48] thread pos 2 exit!
[2016 07 14 09:13:48] thread pos 2 exit!
[2016 07 14 09:14:01] thread start
[2016 07 14 09:14:54] thread pos 2 exit!
[2016 07 14 09:14:54] thread pos 2 exit!
[2016 07 14 09:15:06] thread start
[2016 07 14 09:27:05] thread pos 2 exit!
[2016 07 14 09:27:05] thread pos 2 exit!
[2016 07 14 09:27:08] thread start
[2016 07 14 15:00:15] thread pos 2 exit!
[2016 07 14 15:00:15] thread pos 2 exit!
[2016 07 14 18:57:50] thread start
[2016 07 14 19:00:01] thread pos 2 exit!
[2016 07 14 19:00:01] thread pos 2 exit!
[2016 07 15 09:08:41] thread start
[2016 07 15 15:10:54] thread pos 2 exit!
[2016 07 15 15:10:54] thread pos 2 exit!
[2016 07 18 09:06:13] thread start
[2016 07 18 16:28:13] thread pos 2 exit!
[2016 07 18 16:28:13] thread pos 2 exit!
[2016 07 19 09:10:58] thread start
[2016 07 19 14:52:35] thread pos 2 exit!
[2016 07 19 14:52:35] thread pos 2 exit!
[2016 07 20 09:02:53] thread start
[2016 07 20 15:01:05] thread pos 2 exit!
[2016 07 20 15:01:05] thread pos 2 exit!
[2016 07 21 09:17:53] thread start
[2016 07 21 09:20:05] thread pos 2 exit!
[2016 07 21 09:20:05] thread pos 2 exit!
[2016 07 21 09:20:09] thread start
[2016 07 21 09:20:49] thread pos 2 exit!
[2016 07 21 09:20:49] thread pos 2 exit!
[2016 07 21 09:21:02] thread start
[2016 07 21 14:59:03] thread pos 2 exit!
[2016 07 21 14:59:03] thread pos 2 exit!
[2016 07 22 09:07:04] thread start
[2016 07 22 11:40:13] thread pos 2 exit!
[2016 07 22 11:40:13] thread pos 2 exit!
[2016 07 22 12:59:38] thread start
[2016 07 22 14:54:30] thread pos 2 exit!
[2016 07 22 14:54:30] thread pos 2 exit!
[2016 07 25 09:07:48] thread start
[2016 07 25 14:57:25] thread pos 2 exit!
[2016 07 25 14:57:25] thread pos 2 exit!
[2016 07 26 09:06:43] thread start
[2016 07 26 14:58:19] thread pos 2 exit!
[2016 07 26 14:58:19] thread pos 2 exit!
[2016 07 27 09:12:03] thread start
[2016 07 27 15:01:50] thread pos 2 exit!
[2016 07 27 15:01:50] thread pos 2 exit!
[2016 07 28 09:15:14] thread start
[2016 07 28 09:16:56] thread pos 2 exit!
[2016 07 28 09:16:56] thread pos 2 exit!
[2016 07 28 09:17:08] thread start
[2016 07 28 09:17:32] thread pos 2 exit!
[2016 07 28 09:17:32] thread pos 2 exit!
[2016 07 28 09:18:14] thread start
[2016 07 28 15:27:29] thread pos 2 exit!
[2016 07 28 15:27:29] thread pos 2 exit!
[2016 07 29 09:21:13] thread start
[2016 07 29 14:52:00] thread pos 2 exit!
[2016 07 29 14:52:00] thread pos 2 exit!
[2016 07 31 22:16:00] thread start
[2016 07 31 22:58:49] thread pos 2 exit!
[2016 07 31 22:58:49] thread pos 2 exit!
[2016 07 31 22:59:11] thread start
[2016 07 31 22:59:19] thread pos 2 exit!
[2016 07 31 22:59:19] thread pos 2 exit!
[2016 07 31 22:59:23] thread start
[2016 07 31 23:07:27] thread pos 2 exit!
[2016 07 31 23:07:27] thread pos 2 exit!
[2016 07 31 23:08:03] thread start
[2016 07 31 23:08:38] thread pos 2 exit!
[2016 07 31 23:08:38] thread pos 2 exit!
[2016 08 01 09:16:57] thread start
[2016 08 01 09:17:39] thread pos 2 exit!
[2016 08 01 09:17:39] thread pos 2 exit!
[2016 08 01 09:18:05] thread start
[2016 08 01 09:19:09] thread pos 2 exit!
[2016 08 01 09:19:09] thread pos 2 exit!
[2016 08 01 09:20:06] thread start
[2016 08 01 09:21:58] thread pos 2 exit!
[2016 08 01 09:21:58] thread pos 2 exit!
[2016 08 01 09:22:11] thread start
[2016 08 01 09:23:31] thread pos 2 exit!
[2016 08 01 09:23:31] thread pos 2 exit!
[2016 08 01 09:26:55] thread start
[2016 08 01 15:05:06] thread pos 2 exit!
[2016 08 01 15:05:06] thread pos 2 exit!
[2016 08 02 09:10:34] thread start
[2016 08 02 14:59:53] thread pos 2 exit!
[2016 08 02 14:59:53] thread pos 2 exit!
[2016 08 02 14:59:57] thread start
[2016 08 02 15:00:24] thread pos 2 exit!
[2016 08 02 15:00:24] thread pos 2 exit!
[2016 08 03 09:09:16] thread start
[2016 08 03 15:07:43] thread pos 2 exit!
[2016 08 03 15:07:43] thread pos 2 exit!
[2016 08 04 09:23:57] thread start
[2016 08 04 09:25:22] thread pos 2 exit!
[2016 08 04 09:25:22] thread pos 2 exit!
[2016 08 04 09:25:34] thread start
[2016 08 04 09:28:10] thread pos 2 exit!
[2016 08 04 09:28:10] thread pos 2 exit!
[2016 08 04 09:28:32] thread start
[2016 08 04 15:09:53] thread pos 2 exit!
[2016 08 04 15:09:53] thread pos 2 exit!
[2016 08 05 09:06:04] thread start
[2016 08 05 16:29:17] thread pos 2 exit!
[2016 08 05 16:29:17] thread pos 2 exit!
[2016 08 05 16:29:22] thread start
[2016 08 05 16:30:05] thread pos 2 exit!
[2016 08 05 16:30:05] thread pos 2 exit!
[2016 08 08 09:22:08] thread start
[2016 08 08 09:22:11] thread pos 2 disconnect!
[2016 08 08 15:12:33] thread pos 2 exit!
[2016 08 08 15:12:33] thread pos 2 exit!
[2016 08 09 09:06:59] thread start
[2016 08 09 15:00:47] thread pos 2 exit!
[2016 08 09 15:00:47] thread pos 2 exit!
[2016 08 10 09:25:15] thread start
[2016 08 10 09:27:14] thread pos 2 exit!
[2016 08 10 09:27:14] thread pos 2 exit!
[2016 08 10 09:27:22] thread start
[2016 08 10 09:27:30] thread start
[2016 08 10 09:29:33] thread pos 2 exit!
[2016 08 10 09:29:33] thread pos 2 exit!
[2016 08 10 09:29:55] thread start
[2016 08 10 15:00:14] thread pos 2 exit!
[2016 08 10 15:00:14] thread pos 2 exit!
[2016 08 11 09:16:38] thread start
[2016 08 11 14:59:00] thread pos 2 exit!
[2016 08 11 14:59:00] thread pos 2 exit!
[2016 08 12 09:09:08] thread start
[2016 08 12 14:41:18] thread pos 2 exit!
[2016 08 12 14:41:18] thread pos 2 exit!
[2016 08 14 21:51:38] thread start
[2016 08 15 09:14:24] thread start
[2016 08 15 15:08:38] thread pos 2 exit!
[2016 08 15 15:08:38] thread pos 2 exit!
[2016 08 16 09:20:52] thread start
[2016 08 16 09:22:00] thread pos 2 exit!
[2016 08 16 09:22:00] thread pos 2 exit!
[2016 08 16 09:22:15] thread start
[2016 08 16 09:22:48] thread pos 2 exit!
[2016 08 16 09:22:48] thread pos 2 exit!
[2016 08 16 09:23:01] thread start
[2016 08 16 09:23:43] thread pos 2 exit!
[2016 08 16 09:23:43] thread pos 2 exit!
[2016 08 16 09:24:07] thread start
[2016 08 16 09:25:03] thread pos 2 exit!
[2016 08 16 09:25:03] thread pos 2 exit!
[2016 08 16 09:25:17] thread start
[2016 08 16 15:08:44] thread pos 2 exit!
[2016 08 16 15:08:44] thread pos 2 exit!
[2016 08 16 22:35:29] thread start
[2016 08 16 23:28:44] thread pos 2 exit!
[2016 08 16 23:28:44] thread pos 2 exit!
[2016 08 17 09:17:32] thread start
[2016 08 17 09:18:16] thread pos 2 exit!
[2016 08 17 09:18:16] thread pos 2 exit!
[2016 08 17 09:18:20] thread start
[2016 08 17 09:18:34] thread pos 2 exit!
[2016 08 17 09:18:34] thread pos 2 exit!
[2016 08 17 09:19:05] thread start
[2016 08 17 09:19:19] thread pos 2 exit!
[2016 08 17 09:19:19] thread pos 2 exit!
[2016 08 17 09:19:49] thread start
[2016 08 17 15:31:04] thread pos 2 exit!
[2016 08 17 15:31:04] thread pos 2 exit!
[2016 08 17 21:42:34] thread start
[2016 08 17 23:41:53] thread pos 2 exit!
[2016 08 17 23:41:53] thread pos 2 exit!
[2016 08 18 09:23:53] thread start
[2016 08 18 14:59:14] thread pos 2 exit!
[2016 08 18 14:59:14] thread pos 2 exit!
[2016 08 18 22:10:49] thread start
[2016 08 18 23:15:33] thread pos 2 exit!
[2016 08 18 23:15:33] thread pos 2 exit!
[2016 08 19 09:07:04] thread start
[2016 08 19 15:06:36] thread pos 2 exit!
[2016 08 19 15:06:36] thread pos 2 exit!
[2016 08 21 20:41:34] thread start
[2016 08 21 23:33:34] thread pos 2 exit!
[2016 08 21 23:33:34] thread pos 2 exit!
[2016 08 22 09:23:14] thread start
[2016 08 22 09:24:08] thread pos 2 exit!
[2016 08 22 09:24:08] thread pos 2 exit!
[2016 08 22 09:24:20] thread start
[2016 08 22 09:24:37] thread pos 2 exit!
[2016 08 22 09:24:37] thread pos 2 exit!
[2016 08 22 09:24:41] thread start
[2016 08 22 09:24:55] thread pos 2 exit!
[2016 08 22 09:24:55] thread pos 2 exit!
[2016 08 22 09:26:01] thread start
[2016 08 22 15:03:05] thread pos 2 exit!
[2016 08 22 15:03:05] thread pos 2 exit!
[2016 08 22 22:05:04] thread start
[2016 08 22 22:52:08] thread pos 2 exit!
[2016 08 22 22:52:08] thread pos 2 exit!
[2016 08 23 09:17:41] thread start
[2016 08 23 09:18:54] thread pos 2 exit!
[2016 08 23 09:18:54] thread pos 2 exit!
[2016 08 23 09:19:02] thread start
[2016 08 23 09:19:26] thread pos 2 exit!
[2016 08 23 09:19:26] thread pos 2 exit!
[2016 08 23 09:19:45] thread start
[2016 08 23 09:19:57] thread pos 2 exit!
[2016 08 23 09:19:57] thread pos 2 exit!
[2016 08 23 09:20:01] thread start
[2016 08 23 09:20:10] thread pos 2 exit!
[2016 08 23 09:20:10] thread pos 2 exit!
[2016 08 23 09:23:02] thread start
[2016 08 23 15:00:47] thread pos 2 exit!
[2016 08 23 15:00:47] thread pos 2 exit!
[2016 08 23 15:00:49] thread start
[2016 08 23 15:00:53] thread pos 2 exit!
[2016 08 23 15:00:53] thread pos 2 exit!
[2016 08 24 09:05:59] thread start
[2016 08 24 15:07:16] thread pos 2 exit!
[2016 08 24 15:07:16] thread pos 2 exit!
[2016 08 25 09:05:57] thread start
[2016 08 25 09:13:26] thread pos 2 exit!
[2016 08 25 09:13:26] thread pos 2 exit!
[2016 08 25 09:13:55] thread start
[2016 08 25 09:15:13] thread pos 2 exit!
[2016 08 25 09:15:13] thread pos 2 exit!
[2016 08 25 09:15:25] thread start
[2016 08 25 09:16:26] thread pos 2 exit!
[2016 08 25 09:16:26] thread pos 2 exit!
[2016 08 25 09:16:38] thread start
[2016 08 25 15:16:08] thread pos 2 exit!
[2016 08 25 15:16:08] thread pos 2 exit!
[2016 08 26 09:14:18] thread start
[2016 08 26 09:18:39] thread pos 2 exit!
[2016 08 26 09:18:39] thread pos 2 exit!
[2016 08 26 09:18:53] thread start
[2016 08 26 09:23:31] thread pos 2 exit!
[2016 08 26 09:23:31] thread pos 2 exit!
[2016 08 26 09:23:43] thread start
[2016 08 26 15:01:05] thread pos 2 exit!
[2016 08 26 15:01:05] thread pos 2 exit!
[2016 08 29 09:17:21] thread start
[2016 08 29 09:19:32] thread pos 2 exit!
[2016 08 29 09:19:32] thread pos 2 exit!
[2016 08 29 09:19:45] thread start
[2016 08 29 15:27:51] thread pos 2 exit!
[2016 08 29 15:27:51] thread pos 2 exit!
[2016 08 30 09:04:58] thread start
[2016 08 30 15:01:36] thread pos 2 exit!
[2016 08 30 15:01:36] thread pos 2 exit!
[2016 08 31 09:15:19] thread start
[2016 08 31 09:24:27] thread pos 2 exit!
[2016 08 31 09:24:27] thread pos 2 exit!
[2016 08 31 09:26:01] thread start
[2016 08 31 14:55:33] thread pos 2 exit!
[2016 08 31 14:55:33] thread pos 2 exit!
[2016 09 01 09:18:53] thread start
[2016 09 01 09:27:18] thread pos 2 exit!
[2016 09 01 09:27:18] thread pos 2 exit!
[2016 09 01 09:27:23] thread start
[2016 09 01 09:27:30] thread start
[2016 09 01 09:32:46] thread pos 2 exit!
[2016 09 01 09:32:46] thread pos 2 exit!
[2016 09 01 09:32:59] thread start
[2016 09 01 15:01:10] thread pos 2 exit!
[2016 09 01 15:01:10] thread pos 2 exit!
[2016 09 02 09:09:59] thread start
[2016 09 02 14:55:17] thread pos 2 exit!
[2016 09 02 14:55:17] thread pos 2 exit!
[2016 09 04 22:41:07] thread start
[2016 09 05 09:19:43] thread start
[2016 09 05 16:10:41] thread pos 2 exit!
[2016 09 05 16:10:41] thread pos 2 exit!
[2016 09 06 09:10:10] thread start
[2016 09 06 15:19:58] thread pos 2 exit!
[2016 09 06 15:19:58] thread pos 2 exit!
[2016 09 07 09:11:27] thread start
[2016 09 07 09:32:03] thread pos 2 exit!
[2016 09 07 09:32:03] thread pos 2 exit!
[2016 09 07 09:32:16] thread start
[2016 09 07 10:36:38] thread pos 2 exit!
[2016 09 07 10:36:38] thread pos 2 exit!
[2016 09 07 10:38:58] thread start
[2016 09 07 15:07:46] thread pos 2 exit!
[2016 09 07 15:07:46] thread pos 2 exit!
[2016 09 08 09:19:55] thread start
[2016 09 08 14:58:03] thread pos 2 exit!
[2016 09 08 14:58:03] thread pos 2 exit!
[2016 09 09 09:10:50] thread start
[2016 09 09 15:00:08] thread pos 2 exit!
[2016 09 09 15:00:08] thread pos 2 exit!
[2016 09 12 08:59:25] thread start
[2016 09 12 09:27:07] thread pos 2 exit!
[2016 09 12 09:27:07] thread pos 2 exit!
[2016 09 12 09:27:19] thread start
[2016 09 12 14:57:39] thread pos 2 exit!
[2016 09 12 14:57:39] thread pos 2 exit!
[2016 09 13 09:19:31] thread start
[2016 09 13 14:59:26] thread pos 2 exit!
[2016 09 13 14:59:26] thread pos 2 exit!
[2016 11 17 15:23:59] thread start
[2016 11 17 15:24:46] thread pos 2 exit!
[2016 11 17 15:24:46] thread pos 2 exit!
[2016 12 12 09:28:35] thread start
[2016 12 12 10:01:11] thread pos 2 exit!
[2016 12 12 10:01:11] thread pos 2 exit!
[2016 12 12 10:34:29] thread start
[2016 12 12 13:45:45] thread pos 2 exit!
[2016 12 12 13:45:45] thread pos 2 exit!
[2016 12 23 09:30:52] thread start
[2016 12 28 09:28:01] thread start
[2017 01 02 21:53:06] thread start
[2017 01 02 22:08:15] thread pos 2 exit!
[2017 01 02 22:08:15] thread pos 2 exit!
[2017 01 02 22:10:20] thread start
[2017 01 02 22:17:55] thread pos 2 exit!
[2017 01 02 22:17:55] thread pos 2 exit!
[2017 02 19 10:19:19] thread start
[2017 02 19 10:21:24] thread pos 2 exit!
[2017 02 19 10:21:24] thread pos 2 exit!
[2017 02 19 10:21:38] thread start
[2017 02 19 16:28:42] thread pos 2 exit!
[2017 02 19 16:28:42] thread pos 2 exit!
[2017 02 19 16:28:49] thread start
[2017 02 19 16:29:05] thread pos 2 exit!
[2017 02 19 16:29:05] thread pos 2 exit!
[2017 02 20 19:18:09] thread start
[2017 02 21 09:34:20] thread start
[2017 02 21 22:46:05] thread pos 2 exit!
[2017 02 21 22:46:05] thread pos 2 exit!
[2017 02 22 09:13:56] thread start
[2017 02 22 09:33:56] thread pos 2 exit!
[2017 02 22 09:33:56] thread pos 2 exit!
[2017 02 22 09:34:00] thread start
[2017 02 22 22:33:04] thread pos 2 exit!
[2017 02 22 22:33:04] thread pos 2 exit!
[2017 02 23 09:18:31] thread start
[2017 02 23 20:37:13] thread pos 2 exit!
[2017 02 23 20:37:13] thread pos 2 exit!
[2017 02 24 09:13:58] thread start
[2017 02 24 09:19:23] thread pos 2 exit!
[2017 02 24 09:19:23] thread pos 2 exit!
[2017 02 24 09:19:31] thread start
[2017 02 24 09:29:02] thread pos 2 exit!
[2017 02 24 09:29:02] thread pos 2 exit!
[2017 02 24 09:29:09] thread start
[2017 02 25 10:32:47] thread pos 2 exit!
[2017 02 25 10:32:47] thread pos 2 exit!
[2017 02 28 09:21:18] thread start
[2017 02 28 10:32:52] thread pos 2 exit!
[2017 02 28 10:32:52] thread pos 2 exit!
[2017 02 28 10:33:06] thread start
[2017 03 01 13:00:32] thread pos 2 exit!
[2017 03 01 13:00:32] thread pos 2 exit!
[2017 03 01 13:00:42] thread start
[2017 03 02 16:35:11] thread pos 2 exit!
[2017 03 02 16:35:11] thread pos 2 exit!
[2017 03 06 13:31:53] thread start
[2017 03 07 10:15:01] thread pos 2 exit!
[2017 03 07 10:15:01] thread pos 2 exit!
[2017 03 17 09:42:17] thread start
[2017 03 17 18:48:34] thread pos 2 exit!
[2017 03 17 18:48:34] thread pos 2 exit!
[2017 03 20 10:32:21] thread start
[2017 03 20 15:10:46] thread pos 2 exit!
[2017 03 20 15:10:46] thread pos 2 exit!
[2017 03 22 09:40:59] thread start
[2017 03 23 09:48:35] thread pos 2 exit!
[2017 03 23 09:48:35] thread pos 2 exit!
[2017 03 23 09:48:45] thread start
[2017 03 23 14:56:13] thread pos 2 exit!
[2017 03 23 14:56:13] thread pos 2 exit!
[2017 03 24 13:27:30] thread start
[2017 03 27 09:05:12] thread start
[2017 03 27 09:16:53] thread pos 2 exit!
[2017 03 27 09:16:53] thread pos 2 exit!
[2017 03 27 09:17:02] thread start
[2017 03 27 09:18:19] thread pos 2 exit!
[2017 03 27 09:18:19] thread pos 2 exit!
[2017 03 27 09:21:56] thread start
[2017 03 28 09:40:47] thread pos 2 exit!
[2017 03 28 09:40:47] thread pos 2 exit!
[2017 03 28 09:41:08] thread start
[2017 03 29 09:25:58] thread start
[2017 03 29 21:31:58] thread pos 2 exit!
[2017 03 29 21:31:58] thread pos 2 exit!
[2017 03 30 09:23:26] thread start
[2017 03 30 09:33:19] thread pos 2 exit!
[2017 03 30 09:33:19] thread pos 2 exit!
[2017 03 30 09:33:31] thread start
[2017 03 31 13:09:40] thread pos 2 exit!
[2017 03 31 13:09:40] thread pos 2 exit!
[2017 03 31 13:43:57] thread start
[2017 04 05 09:43:03] thread start
[2017 04 05 22:00:00] thread pos 2 exit!
[2017 04 05 22:00:00] thread pos 2 exit!
[2017 04 06 09:23:45] thread start
[2017 04 06 09:24:12] thread pos 2 exit!
[2017 04 06 09:24:12] thread pos 2 exit!
[2017 04 06 09:25:29] thread start
[2017 04 06 15:01:55] thread pos 2 exit!
[2017 04 06 15:01:55] thread pos 2 exit!
[2017 04 07 09:37:16] thread start
[2017 04 07 10:29:25] thread pos 2 exit!
[2017 04 07 10:29:25] thread pos 2 exit!
[2017 04 09 20:06:11] thread start
[2017 04 09 20:06:15] thread pos 2 exit!
[2017 04 09 20:06:15] thread pos 2 exit!
[2017 04 10 09:23:44] thread start
[2017 04 10 09:24:29] thread pos 2 exit!
[2017 04 10 09:24:29] thread pos 2 exit!
[2017 04 10 09:31:28] thread start
[2017 04 10 10:10:32] thread pos 2 exit!
[2017 04 10 10:10:32] thread pos 2 exit!
[2017 04 11 09:29:09] thread start
[2017 04 12 09:28:50] thread pos 2 exit!
[2017 04 12 09:28:50] thread pos 2 exit!
[2017 04 12 09:39:24] thread start
[2017 04 12 16:46:38] thread pos 2 exit!
[2017 04 12 16:46:38] thread pos 2 exit!
[2017 04 13 09:29:38] thread start
[2017 04 13 19:34:44] thread pos 2 exit!
[2017 04 13 19:34:44] thread pos 2 exit!
[2017 04 14 09:16:48] thread start
[2017 05 19 09:11:43] thread start
[2017 05 19 09:15:34] thread pos 2 exit!
[2017 05 19 09:15:34] thread pos 2 exit!
[2017 05 19 09:15:44] thread start
[2017 05 22 09:09:21] thread start
[2017 05 22 09:14:38] thread pos 2 disconnect!
[2017 05 22 09:16:31] thread pos 2 exit!
[2017 05 22 09:16:31] thread pos 2 exit!
[2017 05 22 09:17:01] thread start
[2017 05 22 21:12:01] thread pos 2 exit!
[2017 05 22 21:12:01] thread pos 2 exit!
[2017 05 23 09:24:24] thread start
[2017 05 23 09:24:39] thread pos 2 exit!
[2017 05 23 09:24:39] thread pos 2 exit!
[2017 05 23 09:24:43] thread start
[2017 05 23 09:24:55] thread pos 2 exit!
[2017 05 23 09:24:55] thread pos 2 exit!
[2017 05 23 09:25:00] thread start
[2017 05 23 09:25:08] thread pos 2 exit!
[2017 05 23 09:25:08] thread pos 2 exit!
[2017 05 23 09:25:11] thread start
[2017 05 23 21:12:48] thread pos 2 exit!
[2017 05 23 21:12:48] thread pos 2 exit!
[2017 05 24 09:40:29] thread start
[2017 05 25 09:14:53] thread pos 2 exit!
[2017 05 25 09:14:53] thread pos 2 exit!
[2017 05 25 09:23:14] thread start
[2017 05 25 09:23:25] thread pos 2 exit!
[2017 05 25 09:23:25] thread pos 2 exit!
[2017 05 25 09:23:38] thread start
[2017 05 25 09:24:06] thread pos 2 exit!
[2017 05 25 09:24:06] thread pos 2 exit!
[2017 05 25 09:24:28] thread start
[2017 05 25 09:30:56] thread pos 2 exit!
[2017 05 25 09:30:56] thread pos 2 exit!
[2017 05 25 09:31:05] thread start
[2017 05 26 09:14:19] thread pos 2 exit!
[2017 05 26 09:14:19] thread pos 2 exit!
[2017 05 26 09:14:53] thread start
[2017 05 26 09:16:44] thread pos 2 exit!
[2017 05 26 09:16:44] thread pos 2 exit!
[2017 05 26 09:16:55] thread start
[2017 05 26 15:01:20] thread pos 2 exit!
[2017 05 26 15:01:20] thread pos 2 exit!
[2017 05 31 09:25:45] thread start
[2017 06 01 09:23:52] thread pos 2 exit!
[2017 06 01 09:23:52] thread pos 2 exit!
[2017 06 01 09:24:02] thread start
[2017 06 02 09:12:36] thread pos 2 exit!
[2017 06 02 09:12:36] thread pos 2 exit!
[2017 06 02 09:22:50] thread start
[2017 06 02 09:23:06] thread pos 2 exit!
[2017 06 02 09:23:06] thread pos 2 exit!
[2017 06 02 09:23:09] thread start
[2017 06 02 09:23:17] thread pos 2 exit!
[2017 06 02 09:23:17] thread pos 2 exit!
[2017 06 02 09:23:24] thread start
[2017 06 02 09:23:40] thread pos 2 exit!
[2017 06 02 09:23:40] thread pos 2 exit!
[2017 06 02 09:23:44] thread start
[2017 06 02 09:23:52] thread pos 2 exit!
[2017 06 02 09:23:52] thread pos 2 exit!
[2017 06 02 09:24:48] thread start
[2017 06 02 09:25:16] thread pos 2 exit!
[2017 06 02 09:25:16] thread pos 2 exit!
[2017 06 02 09:25:44] thread start
[2017 06 03 13:45:34] thread pos 2 exit!
[2017 06 03 13:45:34] thread pos 2 exit!
[2017 06 05 09:22:13] thread start
[2017 06 05 09:22:29] thread pos 2 exit!
[2017 06 05 09:22:29] thread pos 2 exit!
[2017 06 05 09:22:39] thread start
[2017 06 05 09:23:13] thread pos 2 exit!
[2017 06 05 09:23:13] thread pos 2 exit!
[2017 06 05 09:24:46] thread start
[2017 06 05 09:25:00] thread pos 2 exit!
[2017 06 05 09:25:00] thread pos 2 exit!
[2017 06 05 09:25:37] thread start
[2017 06 05 21:07:43] thread pos 2 exit!
[2017 06 05 21:07:43] thread pos 2 exit!
[2017 06 06 09:24:44] thread start
[2017 06 07 09:08:56] thread pos 2 exit!
[2017 06 07 09:08:56] thread pos 2 exit!
[2017 06 07 09:21:42] thread start
[2017 06 08 09:23:16] thread pos 2 exit!
[2017 06 08 09:23:16] thread pos 2 exit!
[2017 06 08 09:23:39] thread start
[2017 06 08 09:24:38] thread pos 2 exit!
[2017 06 08 09:24:38] thread pos 2 exit!
[2017 06 08 09:24:52] thread start
[2017 06 08 09:25:06] thread pos 2 exit!
[2017 06 08 09:25:06] thread pos 2 exit!
[2017 06 08 09:25:10] thread start
[2017 06 08 09:25:22] thread pos 2 exit!
[2017 06 08 09:25:22] thread pos 2 exit!
[2017 06 08 09:26:30] thread start
[2017 06 09 09:28:54] thread pos 2 exit!
[2017 06 09 09:28:54] thread pos 2 exit!
[2017 06 09 09:29:04] thread start
[2017 06 12 09:11:15] thread pos 2 exit!
[2017 06 12 09:11:15] thread pos 2 exit!
[2017 06 12 09:19:29] thread start
[2017 06 13 09:26:18] thread pos 2 exit!
[2017 06 13 09:26:18] thread pos 2 exit!
[2017 06 13 09:26:36] thread start
[2017 06 13 13:36:51] thread pos 2 exit!
[2017 06 13 13:36:51] thread pos 2 exit!
[2017 06 13 13:37:05] thread start
[2017 06 14 09:07:24] thread pos 2 exit!
[2017 06 14 09:07:24] thread pos 2 exit!
[2017 06 14 09:07:33] thread start
[2017 06 14 09:25:00] thread pos 2 exit!
[2017 06 14 09:25:00] thread pos 2 exit!
[2017 06 14 09:25:07] thread start
[2017 06 14 21:55:01] thread pos 2 exit!
[2017 06 14 21:55:01] thread pos 2 exit!
[2017 06 15 09:15:11] thread start
[2017 06 16 09:11:09] thread pos 2 exit!
[2017 06 16 09:11:09] thread pos 2 exit!
[2017 06 16 09:23:51] thread start
[2017 06 16 09:24:46] thread pos 2 exit!
[2017 06 16 09:24:46] thread pos 2 exit!
[2017 06 16 09:24:51] thread start
[2017 06 16 09:26:31] thread pos 2 exit!
[2017 06 16 09:26:31] thread pos 2 exit!
[2017 06 16 09:26:37] thread start
[2017 06 18 20:11:45] thread pos 2 exit!
[2017 06 18 20:11:45] thread pos 2 exit!
[2017 06 19 09:19:53] thread start
[2017 06 20 09:20:29] thread pos 2 exit!
[2017 06 20 09:20:29] thread pos 2 exit!
[2017 06 20 09:20:37] thread start
[2017 06 21 09:16:08] thread pos 2 exit!
[2017 06 21 09:16:08] thread pos 2 exit!
[2017 06 21 09:16:16] thread start
[2017 06 21 09:16:54] thread pos 2 exit!
[2017 06 21 09:16:54] thread pos 2 exit!
[2017 06 21 09:17:04] thread start
[2017 06 22 09:17:35] thread pos 2 exit!
[2017 06 22 09:17:35] thread pos 2 exit!
[2017 06 22 09:17:44] thread start
[2017 06 22 21:30:49] thread pos 2 exit!
[2017 06 22 21:30:49] thread pos 2 exit!
[2017 06 23 09:25:47] thread start
[2017 06 23 21:20:05] thread pos 2 exit!
[2017 06 23 21:20:05] thread pos 2 exit!
[2017 06 27 09:15:00] thread start
[2017 06 27 09:42:27] thread pos 2 exit!
[2017 06 27 09:42:27] thread pos 2 exit!
[2017 06 27 09:42:36] thread start
[2017 06 29 09:31:13] thread start
[2017 06 30 09:26:12] thread start
[2017 07 03 09:29:05] thread start
[2017 07 04 09:19:22] thread start
[2017 07 06 09:26:17] thread start
[2017 07 07 09:27:15] thread start
[2017 07 10 09:27:21] thread start
[2017 07 19 09:30:43] thread start
[2017 07 21 09:30:17] thread start
[2017 07 24 10:18:01] thread start
[2017 07 25 09:27:47] thread start
[2017 07 25 15:01:48] thread pos 2 exit!
[2017 07 25 15:01:48] thread pos 2 exit!
[2017 07 26 09:31:28] thread start
[2017 07 27 09:30:06] thread start
[2017 07 27 21:43:56] thread pos 2 exit!
[2017 07 27 21:43:56] thread pos 2 exit!
[2017 07 28 09:15:01] thread start
[2017 07 28 09:15:42] thread pos 2 exit!
[2017 07 28 09:15:42] thread pos 2 exit!
[2017 07 28 09:15:45] thread start
[2017 08 01 09:27:13] thread start
[2017 08 01 21:30:09] thread pos 2 exit!
[2017 08 01 21:30:09] thread pos 2 exit!
[2017 08 02 09:27:21] thread start
[2017 08 03 09:45:46] thread pos 2 exit!
[2017 08 03 09:45:46] thread pos 2 exit!
[2017 08 03 09:46:01] thread start
[2017 08 04 09:32:29] thread pos 2 exit!
[2017 08 04 09:32:29] thread pos 2 exit!
[2017 08 04 09:32:44] thread start
[2017 08 05 19:06:45] thread pos 2 exit!
[2017 08 05 19:06:45] thread pos 2 exit!
[2017 08 07 09:21:44] thread start
[2017 08 07 09:21:59] thread pos 2 exit!
[2017 08 07 09:21:59] thread pos 2 exit!
[2017 08 07 09:22:04] thread start
[2017 08 07 09:22:36] thread pos 2 exit!
[2017 08 07 09:22:36] thread pos 2 exit!
[2017 08 07 09:22:41] thread start
[2017 08 07 09:29:35] thread pos 2 exit!
[2017 08 07 09:29:35] thread pos 2 exit!
[2017 08 07 09:29:49] thread start
[2017 08 09 09:28:46] thread pos 2 exit!
[2017 08 09 09:28:46] thread pos 2 exit!
[2017 08 09 09:28:50] thread start
[2017 08 09 14:57:39] thread pos 2 exit!
[2017 08 09 14:57:39] thread pos 2 exit!
[2017 08 10 13:47:21] thread start
[2017 08 11 13:02:28] thread pos 2 exit!
[2017 08 11 13:02:28] thread pos 2 exit!
[2017 08 11 13:03:06] thread start
[2017 08 11 14:50:37] thread pos 2 exit!
[2017 08 11 14:50:37] thread pos 2 exit!
[2017 08 14 09:38:08] thread start
[2017 08 15 09:21:03] thread pos 2 exit!
[2017 08 15 09:21:03] thread pos 2 exit!
[2017 08 15 09:21:08] thread start
[2017 08 15 09:23:29] thread pos 2 exit!
[2017 08 15 09:23:29] thread pos 2 exit!
[2017 08 15 09:33:38] thread start
[2017 08 16 09:27:04] thread start
[2017 08 16 20:18:44] thread pos 2 exit!
[2017 08 16 20:18:44] thread pos 2 exit!
[2017 08 17 09:38:21] thread start
[2017 08 18 09:26:59] thread pos 2 exit!
[2017 08 18 09:26:59] thread pos 2 exit!
[2017 08 18 09:27:09] thread start
[2017 08 21 09:27:38] thread start
[2017 08 22 09:21:11] thread start
[2017 08 22 09:30:19] thread pos 2 exit!
[2017 08 22 09:30:19] thread pos 2 exit!
[2017 08 22 09:30:26] thread start
[2017 08 22 13:45:58] thread pos 2 exit!
[2017 08 22 13:45:58] thread pos 2 exit!
[2017 08 23 09:29:14] thread start
[2017 08 23 21:16:46] thread pos 2 exit!
[2017 08 23 21:16:46] thread pos 2 exit!
[2017 08 24 09:56:33] thread start
[2017 08 25 09:37:46] thread start
[2017 08 26 08:05:38] thread pos 2 exit!
[2017 08 26 08:05:38] thread pos 2 exit!
[2017 08 28 09:32:15] thread start
[2017 08 28 16:32:03] thread pos 2 exit!
[2017 08 28 16:32:03] thread pos 2 exit!
[2017 08 28 20:02:33] thread start
[2017 08 28 20:03:58] thread pos 2 exit!
[2017 08 28 20:03:58] thread pos 2 exit!
[2017 08 28 20:04:58] thread start
[2017 08 28 21:53:02] thread pos 2 exit!
[2017 08 28 21:53:02] thread pos 2 exit!
[2017 08 28 21:53:12] thread start
[2017 08 28 21:55:04] thread pos 2 exit!
[2017 08 28 21:55:04] thread pos 2 exit!
[2017 08 29 10:55:50] thread start
[2017 08 29 10:57:58] thread pos 2 exit!
[2017 08 29 10:57:58] thread pos 2 exit!
[2017 08 29 10:58:02] thread start
[2017 08 29 10:58:32] thread pos 2 exit!
[2017 08 29 10:58:32] thread pos 2 exit!
[2017 08 29 10:59:44] thread start
[2017 08 29 11:05:02] thread pos 2 exit!
[2017 08 29 11:05:02] thread pos 2 exit!
